2024-07-15 13:46:06 - INFO - apps - StorageConfig is ready.
2024-07-15 13:46:06 - DEBUG - utils - (0.000) 
                SELECT VERSION(),
                       @@sql_mode,
                       @@default_storage_engine,
                       @@sql_auto_is_null,
                       @@lower_case_table_names,
                       CONVERT_TZ('2001-01-01 01:00:00', 'UTC', 'UTC') IS NOT NULL
            ; args=None; alias=default
2024-07-15 13:46:06 - DEBUG - utils - (0.000) SET SESSION TRANSACTION ISOLATION LEVEL READ COMMITTED; args=None; alias=default
2024-07-15 13:46:06 - DEBUG - utils - (0.000) 
            SELECT
                table_name,
                table_type,
                table_comment
            FROM information_schema.tables
            WHERE table_schema = DATABASE()
            ; args=None; alias=default
2024-07-15 13:46:06 - DEBUG - utils - (0.000) SELECT `django_migrations`.`id`, `django_migrations`.`app`, `django_migrations`.`name`, `django_migrations`.`applied` FROM `django_migrations`; args=(); alias=default
2024-07-15 13:46:25 - DEBUG - base - Exception while resolving variable 'exception_notes' in template 'unknown'.
Traceback (most recent call last):
  File "C:\Users\Captain Monk\.pyenv\pyenv-win\versions\3.10.0\lib\site-packages\django\core\handlers\exception.py", line 55, in inner
    response = get_response(request)
  File "C:\Users\Captain Monk\.pyenv\pyenv-win\versions\3.10.0\lib\site-packages\django\core\handlers\base.py", line 197, in _get_response
    response = wrapped_callback(request, *callback_args, **callback_kwargs)
  File "C:\Users\Captain Monk\.pyenv\pyenv-win\versions\3.10.0\lib\site-packages\django\views\decorators\csrf.py", line 65, in _view_wrapper
    return view_func(request, *args, **kwargs)
  File "C:\Users\Captain Monk\.pyenv\pyenv-win\versions\3.10.0\lib\site-packages\django\views\generic\base.py", line 104, in view
    return self.dispatch(request, *args, **kwargs)
  File "C:\Users\Captain Monk\.pyenv\pyenv-win\versions\3.10.0\lib\site-packages\rest_framework\views.py", line 509, in dispatch
    response = self.handle_exception(exc)
  File "C:\Users\Captain Monk\.pyenv\pyenv-win\versions\3.10.0\lib\site-packages\rest_framework\views.py", line 469, in handle_exception
    self.raise_uncaught_exception(exc)
  File "C:\Users\Captain Monk\.pyenv\pyenv-win\versions\3.10.0\lib\site-packages\rest_framework\views.py", line 480, in raise_uncaught_exception
    raise exc
  File "C:\Users\Captain Monk\.pyenv\pyenv-win\versions\3.10.0\lib\site-packages\rest_framework\views.py", line 497, in dispatch
    self.initial(request, *args, **kwargs)
  File "C:\Users\Captain Monk\.pyenv\pyenv-win\versions\3.10.0\lib\site-packages\rest_framework\views.py", line 414, in initial
    self.perform_authentication(request)
  File "C:\Users\Captain Monk\.pyenv\pyenv-win\versions\3.10.0\lib\site-packages\rest_framework\views.py", line 324, in perform_authentication
    request.user
  File "C:\Users\Captain Monk\.pyenv\pyenv-win\versions\3.10.0\lib\site-packages\rest_framework\request.py", line 231, in user
    self._authenticate()
  File "C:\Users\Captain Monk\.pyenv\pyenv-win\versions\3.10.0\lib\site-packages\rest_framework\request.py", line 394, in _authenticate
    self._not_authenticated()
  File "C:\Users\Captain Monk\.pyenv\pyenv-win\versions\3.10.0\lib\site-packages\rest_framework\request.py", line 404, in _not_authenticated
    if api_settings.UNAUTHENTICATED_USER:
  File "C:\Users\Captain Monk\.pyenv\pyenv-win\versions\3.10.0\lib\site-packages\rest_framework\settings.py", line 227, in __getattr__
    val = perform_import(val, attr)
  File "C:\Users\Captain Monk\.pyenv\pyenv-win\versions\3.10.0\lib\site-packages\rest_framework\settings.py", line 168, in perform_import
    return import_from_string(val, setting_name)
  File "C:\Users\Captain Monk\.pyenv\pyenv-win\versions\3.10.0\lib\site-packages\rest_framework\settings.py", line 179, in import_from_string
    return import_string(val)
  File "C:\Users\Captain Monk\.pyenv\pyenv-win\versions\3.10.0\lib\site-packages\django\utils\module_loading.py", line 30, in import_string
    return cached_import(module_path, class_name)
  File "C:\Users\Captain Monk\.pyenv\pyenv-win\versions\3.10.0\lib\site-packages\django\utils\module_loading.py", line 15, in cached_import
    module = import_module(module_path)
  File "C:\Users\Captain Monk\.pyenv\pyenv-win\versions\3.10.0\lib\importlib\__init__.py", line 126, in import_module
    return _bootstrap._gcd_import(name[level:], package, level)
  File "<frozen importlib._bootstrap>", line 1050, in _gcd_import
  File "<frozen importlib._bootstrap>", line 1027, in _find_and_load
  File "<frozen importlib._bootstrap>", line 1006, in _find_and_load_unlocked
  File "<frozen importlib._bootstrap>", line 688, in _load_unlocked
  File "<frozen importlib._bootstrap_external>", line 883, in exec_module
  File "<frozen importlib._bootstrap>", line 241, in _call_with_frames_removed
  File "C:\Users\Captain Monk\.pyenv\pyenv-win\versions\3.10.0\lib\site-packages\django\contrib\auth\models.py", line 5, in <module>
    from django.contrib.contenttypes.models import ContentType
  File "C:\Users\Captain Monk\.pyenv\pyenv-win\versions\3.10.0\lib\site-packages\django\contrib\contenttypes\models.py", line 139, in <module>
    class ContentType(models.Model):
  File "C:\Users\Captain Monk\.pyenv\pyenv-win\versions\3.10.0\lib\site-packages\django\db\models\base.py", line 134, in __new__
    raise RuntimeError(
RuntimeError: Model class django.contrib.contenttypes.models.ContentType doesn't declare an explicit app_label and isn't in an application in INSTALLED_APPS.

During handling of the above exception, another exception occurred:

Traceback (most recent call last):
  File "C:\Users\Captain Monk\.pyenv\pyenv-win\versions\3.10.0\lib\site-packages\django\template\base.py", line 875, in _resolve_lookup
    current = current[bit]
  File "C:\Users\Captain Monk\.pyenv\pyenv-win\versions\3.10.0\lib\site-packages\django\template\context.py", line 83, in __getitem__
    raise KeyError(key)
KeyError: 'exception_notes'

During handling of the above exception, another exception occurred:

Traceback (most recent call last):
  File "C:\Users\Captain Monk\.pyenv\pyenv-win\versions\3.10.0\lib\site-packages\django\template\base.py", line 881, in _resolve_lookup
    if isinstance(current, BaseContext) and getattr(
AttributeError: type object 'Context' has no attribute 'exception_notes'

During handling of the above exception, another exception occurred:

Traceback (most recent call last):
  File "C:\Users\Captain Monk\.pyenv\pyenv-win\versions\3.10.0\lib\site-packages\django\template\base.py", line 891, in _resolve_lookup
    current = current[int(bit)]
ValueError: invalid literal for int() with base 10: 'exception_notes'

During handling of the above exception, another exception occurred:

Traceback (most recent call last):
  File "C:\Users\Captain Monk\.pyenv\pyenv-win\versions\3.10.0\lib\site-packages\django\template\base.py", line 898, in _resolve_lookup
    raise VariableDoesNotExist(
django.template.base.VariableDoesNotExist: Failed lookup for key [exception_notes] in [{'True': True, 'False': False, 'None': None}, {'is_email': False, 'unicode_hint': '', 'frames': [{'exc_cause': None, 'exc_cause_explicit': None, 'tb': <traceback object at 0x0000024F468B0B00>, 'type': 'django', 'filename': 'C:\\Users\\Captain Monk\\.pyenv\\pyenv-win\\versions\\3.10.0\\lib\\site-packages\\django\\core\\handlers\\exception.py', 'function': 'inner', 'lineno': 55, 'vars': [('request', "<WSGIRequest: GET '/api/ownershipData/663d6760537fa61b79ac8bab'>"), ('exc', 'RuntimeError("Model class django.contrib.contenttypes.models.ContentType doesn\'t declare an explicit app_label and isn\'t in an application in INSTALLED_APPS.")'), ('get_response', '<bound method BaseHandler._get_response of <django.core.handlers.wsgi.WSGIHandler object at 0x0000024F45497220>>')], 'id': 2539509189376, 'pre_context': ['', '        return inner', '    else:', '', '        @wraps(get_response)', '        def inner(request):', '            try:'], 'context_line': '                response = get_response(request)', 'post_context': ['            except Exception as exc:', '                response = response_for_exception(request, exc)', '            return response', '', '        return inner', ''], 'pre_context_lineno': 48, 'colno': '', 'tb_area_colno': ''}, {'exc_cause': None, 'exc_cause_explicit': None, 'tb': <traceback object at 0x0000024F468B0AC0>, 'type': 'django', 'filename': 'C:\\Users\\Captain Monk\\.pyenv\\pyenv-win\\versions\\3.10.0\\lib\\site-packages\\django\\core\\handlers\\base.py', 'function': '_get_response', 'lineno': 197, 'vars': [('self', '<django.core.handlers.wsgi.WSGIHandler object at 0x0000024F45497220>'), ('request', "<WSGIRequest: GET '/api/ownershipData/663d6760537fa61b79ac8bab'>"), ('response', 'None'), ('callback', '<function View.as_view.<locals>.view at 0x0000024F465B5510>'), ('callback_args', '()'), ('callback_kwargs', "{'user_id': '663d6760537fa61b79ac8bab'}"), ('middleware_method', '<bound method CsrfViewMiddleware.process_view of <CsrfViewMiddleware get_response=BaseHandler._get_response>>'), ('wrapped_callback', '<function View.as_view.<locals>.view at 0x0000024F465B5510>')], 'id': 2539509189312, 'pre_context': ['', '        if response is None:', '            wrapped_callback = self.make_view_atomic(callback)', '            # If it is an asynchronous view, run it in a subthread.', '            if iscoroutinefunction(wrapped_callback):', '                wrapped_callback = async_to_sync(wrapped_callback)', '            try:'], 'context_line': '                response = wrapped_callback(request, *callback_args, **callback_kwargs)', 'post_context': ['            except Exception as e:', '                response = self.process_exception_by_middleware(e, request)', '                if response is None:', '                    raise', '', '        # Complain if the view returned None (a common error).'], 'pre_context_lineno': 190, 'colno': '', 'tb_area_colno': ''}, {'exc_cause': None, 'exc_cause_explicit': None, 'tb': <traceback object at 0x0000024F468B0A80>, 'type': 'django', 'filename': 'C:\\Users\\Captain Monk\\.pyenv\\pyenv-win\\versions\\3.10.0\\lib\\site-packages\\django\\views\\decorators\\csrf.py', 'function': '_view_wrapper', 'lineno': 65, 'vars': [('request', "<WSGIRequest: GET '/api/ownershipData/663d6760537fa61b79ac8bab'>"), ('args', '()'), ('kwargs', "{'user_id': '663d6760537fa61b79ac8bab'}"), ('view_func', '<function View.as_view.<locals>.view at 0x0000024F465B5360>')], 'id': 2539509189248, 'pre_context': ['', '        async def _view_wrapper(request, *args, **kwargs):', '            return await view_func(request, *args, **kwargs)', '', '    else:', '', '        def _view_wrapper(request, *args, **kwargs):'], 'context_line': '            return view_func(request, *args, **kwargs)', 'post_context': ['', '    _view_wrapper.csrf_exempt = True', '', '    return wraps(view_func)(_view_wrapper)'], 'pre_context_lineno': 58, 'colno': '', 'tb_area_colno': ''}, {'exc_cause': None, 'exc_cause_explicit': None, 'tb': <traceback object at 0x0000024F46821A40>, 'type': 'django', 'filename': 'C:\\Users\\Captain Monk\\.pyenv\\pyenv-win\\versions\\3.10.0\\lib\\site-packages\\django\\views\\generic\\base.py', 'function': 'view', 'lineno': 104, 'vars': [('request', "<WSGIRequest: GET '/api/ownershipData/663d6760537fa61b79ac8bab'>"), ('args', '()'), ('kwargs', "{'user_id': '663d6760537fa61b79ac8bab'}"), ('self', '<reader.views.UserPokemonList object at 0x0000024F46836290>'), ('cls', "<class 'reader.views.UserPokemonList'>"), ('initkwargs', '{}')], 'id': 2539508603456, 'pre_context': ['            self = cls(**initkwargs)', '            self.setup(request, *args, **kwargs)', '            if not hasattr(self, "request"):', '                raise AttributeError(', '                    "%s instance has no \'request\' attribute. Did you override "', '                    "setup() and forget to call super()?" % cls.__name__', '                )'], 'context_line': '            return self.dispatch(request, *args, **kwargs)', 'post_context': ['', '        view.view_class = cls', '        view.view_initkwargs = initkwargs', '', '        # __name__ and __qualname__ are intentionally left unchanged as', '        # view_class should be used to robustly determine the name of the view'], 'pre_context_lineno': 97, 'colno': '', 'tb_area_colno': ''}, {'exc_cause': None, 'exc_cause_explicit': None, 'tb': <traceback object at 0x0000024F468B0A40>, 'type': 'user', 'filename': 'C:\\Users\\Captain Monk\\.pyenv\\pyenv-win\\versions\\3.10.0\\lib\\site-packages\\rest_framework\\views.py', 'function': 'dispatch', 'lineno': 509, 'vars': [('self', '<reader.views.UserPokemonList object at 0x0000024F46836290>'), ('request', "<rest_framework.request.Request: GET '/api/ownershipData/663d6760537fa61b79ac8bab'>"), ('args', '()'), ('kwargs', "{'user_id': '663d6760537fa61b79ac8bab'}")], 'id': 2539509189184, 'pre_context': ['                                  self.http_method_not_allowed)', '            else:', '                handler = self.http_method_not_allowed', '', '            response = handler(request, *args, **kwargs)', '', '        except Exception as exc:'], 'context_line': '            response = self.handle_exception(exc)', 'post_context': ['', '        self.response = self.finalize_response(request, response, *args, **kwargs)', '        return self.response', '', '    def options(self, request, *args, **kwargs):', '        """'], 'pre_context_lineno': 502, 'colno': '', 'tb_area_colno': ''}, {'exc_cause': None, 'exc_cause_explicit': None, 'tb': <traceback object at 0x0000024F468B0980>, 'type': 'user', 'filename': 'C:\\Users\\Captain Monk\\.pyenv\\pyenv-win\\versions\\3.10.0\\lib\\site-packages\\rest_framework\\views.py', 'function': 'handle_exception', 'lineno': 469, 'vars': [('self', '<reader.views.UserPokemonList object at 0x0000024F46836290>'), ('exc', 'RuntimeError("Model class django.contrib.contenttypes.models.ContentType doesn\'t declare an explicit app_label and isn\'t in an application in INSTALLED_APPS.")'), ('exception_handler', '<function exception_handler at 0x0000024F466B3C70>'), ('context', "{'args': (),\n 'kwargs': {'user_id': '663d6760537fa61b79ac8bab'},\n 'request': <rest_framework.request.Request: GET '/api/ownershipData/663d6760537fa61b79ac8bab'>,\n 'view': <reader.views.UserPokemonList object at 0x0000024F46836290>}"), ('response', 'None')], 'id': 2539509188992, 'pre_context': ['', '        exception_handler = self.get_exception_handler()', '', '        context = self.get_exception_handler_context()', '        response = exception_handler(exc, context)', '', '        if response is None:'], 'context_line': '            self.raise_uncaught_exception(exc)', 'post_context': ['', '        response.exception = True', '        return response', '', '    def raise_uncaught_exception(self, exc):', '        if settings.DEBUG:'], 'pre_context_lineno': 462, 'colno': '', 'tb_area_colno': ''}, {'exc_cause': None, 'exc_cause_explicit': None, 'tb': <traceback object at 0x0000024F468B09C0>, 'type': 'user', 'filename': 'C:\\Users\\Captain Monk\\.pyenv\\pyenv-win\\versions\\3.10.0\\lib\\site-packages\\rest_framework\\views.py', 'function': 'raise_uncaught_exception', 'lineno': 480, 'vars': [('self', '<reader.views.UserPokemonList object at 0x0000024F46836290>'), ('exc', 'RuntimeError("Model class django.contrib.contenttypes.models.ContentType doesn\'t declare an explicit app_label and isn\'t in an application in INSTALLED_APPS.")'), ('request', "<rest_framework.request.Request: GET '/api/ownershipData/663d6760537fa61b79ac8bab'>"), ('renderer_format', "'json'"), ('use_plaintext_traceback', 'True')], 'id': 2539509189056, 'pre_context': ['', '    def raise_uncaught_exception(self, exc):', '        if settings.DEBUG:', '            request = self.request', "            renderer_format = getattr(request.accepted_renderer, 'format')", "            use_plaintext_traceback = renderer_format not in ('html', 'api', 'admin')", '            request.force_plaintext_errors(use_plaintext_traceback)'], 'context_line': '        raise exc', 'post_context': ['', '    # Note: Views are made CSRF exempt from within `as_view` as to prevent', '    # accidental removal of this exemption in cases where `dispatch` needs to', '    # be overridden.', '    def dispatch(self, request, *args, **kwargs):', '        """'], 'pre_context_lineno': 473, 'colno': '', 'tb_area_colno': ''}, {'exc_cause': None, 'exc_cause_explicit': None, 'tb': <traceback object at 0x0000024F46821B80>, 'type': 'user', 'filename': 'C:\\Users\\Captain Monk\\.pyenv\\pyenv-win\\versions\\3.10.0\\lib\\site-packages\\rest_framework\\views.py', 'function': 'dispatch', 'lineno': 497, 'vars': [('self', '<reader.views.UserPokemonList object at 0x0000024F46836290>'), ('request', "<rest_framework.request.Request: GET '/api/ownershipData/663d6760537fa61b79ac8bab'>"), ('args', '()'), ('kwargs', "{'user_id': '663d6760537fa61b79ac8bab'}")], 'id': 2539508603776, 'pre_context': ['        self.args = args', '        self.kwargs = kwargs', '        request = self.initialize_request(request, *args, **kwargs)', '        self.request = request', '        self.headers = self.default_response_headers  # deprecate?', '', '        try:'], 'context_line': '            self.initial(request, *args, **kwargs)', 'post_context': ['', '            # Get the appropriate handler method', '            if request.method.lower() in self.http_method_names:', '                handler = getattr(self, request.method.lower(),', '                                  self.http_method_not_allowed)', '            else:'], 'pre_context_lineno': 490, 'colno': '', 'tb_area_colno': ''}, {'exc_cause': None, 'exc_cause_explicit': None, 'tb': <traceback object at 0x0000024F468B0A00>, 'type': 'user', 'filename': 'C:\\Users\\Captain Monk\\.pyenv\\pyenv-win\\versions\\3.10.0\\lib\\site-packages\\rest_framework\\views.py', 'function': 'initial', 'lineno': 414, 'vars': [('self', '<reader.views.UserPokemonList object at 0x0000024F46836290>'), ('request', "<rest_framework.request.Request: GET '/api/ownershipData/663d6760537fa61b79ac8bab'>"), ('args', '()'), ('kwargs', "{'user_id': '663d6760537fa61b79ac8bab'}"), ('neg', "(<rest_framework.renderers.JSONRenderer object at 0x0000024F46836320>,\n 'application/json')"), ('version', 'None'), ('scheme', 'None')], 'id': 2539509189120, 'pre_context': ['        request.accepted_renderer, request.accepted_media_type = neg', '', '        # Determine the API version, if versioning is in use.', '        version, scheme = self.determine_version(request, *args, **kwargs)', '        request.version, request.versioning_scheme = version, scheme', '', '        # Ensure that the incoming request is permitted'], 'context_line': '        self.perform_authentication(request)', 'post_context': ['        self.check_permissions(request)', '        self.check_throttles(request)', '', '    def finalize_response(self, request, response, *args, **kwargs):', '        """', '        Returns the final response object.'], 'pre_context_lineno': 407, 'colno': '', 'tb_area_colno': ''}, {'exc_cause': None, 'exc_cause_explicit': None, 'tb': <traceback object at 0x0000024F46863140>, 'type': 'user', 'filename': 'C:\\Users\\Captain Monk\\.pyenv\\pyenv-win\\versions\\3.10.0\\lib\\site-packages\\rest_framework\\views.py', 'function': 'perform_authentication', 'lineno': 324, 'vars': [('self', '<reader.views.UserPokemonList object at 0x0000024F46836290>'), ('request', "<rest_framework.request.Request: GET '/api/ownershipData/663d6760537fa61b79ac8bab'>")], 'id': 2539508871488, 'pre_context': ['        """', '        Perform authentication on the incoming request.', '', "        Note that if you override this and simply 'pass', then authentication", '        will instead be performed lazily, the first time either', '        `request.user` or `request.auth` is accessed.', '        """'], 'context_line': '        request.user', 'post_context': ['', '    def check_permissions(self, request):', '        """', '        Check if the request should be permitted.', '        Raises an appropriate exception if the request is not permitted.', '        """'], 'pre_context_lineno': 317, 'colno': '', 'tb_area_colno': ''}, {'exc_cause': None, 'exc_cause_explicit': None, 'tb': <traceback object at 0x0000024F450922C0>, 'type': 'user', 'filename': 'C:\\Users\\Captain Monk\\.pyenv\\pyenv-win\\versions\\3.10.0\\lib\\site-packages\\rest_framework\\request.py', 'function': 'user', 'lineno': 231, 'vars': [('self', "<rest_framework.request.Request: GET '/api/ownershipData/663d6760537fa61b79ac8bab'>")], 'id': 2539483898560, 'pre_context': ['    def user(self):', '        """', '        Returns the user associated with the current request, as authenticated', '        by the authentication classes provided to the request.', '        """', "        if not hasattr(self, '_user'):", '            with wrap_attributeerrors():'], 'context_line': '                self._authenticate()', 'post_context': ['        return self._user', '', '    @user.setter', '    def user(self, value):', '        """', '        Sets the user on the current request. This is necessary to maintain'], 'pre_context_lineno': 224, 'colno': '', 'tb_area_colno': ''}, {'exc_cause': None, 'exc_cause_explicit': None, 'tb': <traceback object at 0x0000024F46863200>, 'type': 'user', 'filename': 'C:\\Users\\Captain Monk\\.pyenv\\pyenv-win\\versions\\3.10.0\\lib\\site-packages\\rest_framework\\request.py', 'function': '_authenticate', 'lineno': 394, 'vars': [('self', "<rest_framework.request.Request: GET '/api/ownershipData/663d6760537fa61b79ac8bab'>"), ('authenticator', '<rest_framework.authentication.BasicAuthentication object at 0x0000024F46836650>'), ('user_auth_tuple', 'None')], 'id': 2539508871680, 'pre_context': ['                raise', '', '            if user_auth_tuple is not None:', '                self._authenticator = authenticator', '                self.user, self.auth = user_auth_tuple', '                return', ''], 'context_line': '        self._not_authenticated()', 'post_context': ['', '    def _not_authenticated(self):', '        """', '        Set authenticator, user & authtoken representing an unauthenticated request.', '', '        Defaults are None, AnonymousUser & None.'], 'pre_context_lineno': 387, 'colno': '', 'tb_area_colno': ''}, {'exc_cause': None, 'exc_cause_explicit': None, 'tb': <traceback object at 0x0000024F46863100>, 'type': 'user', 'filename': 'C:\\Users\\Captain Monk\\.pyenv\\pyenv-win\\versions\\3.10.0\\lib\\site-packages\\rest_framework\\request.py', 'function': '_not_authenticated', 'lineno': 404, 'vars': [('self', "<rest_framework.request.Request: GET '/api/ownershipData/663d6760537fa61b79ac8bab'>")], 'id': 2539508871424, 'pre_context': ['        """', '        Set authenticator, user & authtoken representing an unauthenticated request.', '', '        Defaults are None, AnonymousUser & None.', '        """', '        self._authenticator = None', ''], 'context_line': '        if api_settings.UNAUTHENTICATED_USER:', 'post_context': ['            self.user = api_settings.UNAUTHENTICATED_USER()', '        else:', '            self.user = None', '', '        if api_settings.UNAUTHENTICATED_TOKEN:', '            self.auth = api_settings.UNAUTHENTICATED_TOKEN()'], 'pre_context_lineno': 397, 'colno': '', 'tb_area_colno': ''}, {'exc_cause': None, 'exc_cause_explicit': None, 'tb': <traceback object at 0x0000024F468B0940>, 'type': 'user', 'filename': 'C:\\Users\\Captain Monk\\.pyenv\\pyenv-win\\versions\\3.10.0\\lib\\site-packages\\rest_framework\\settings.py', 'function': '__getattr__', 'lineno': 227, 'vars': [('self', '<rest_framework.settings.APISettings object at 0x0000024F46551420>'), ('attr', "'UNAUTHENTICATED_USER'"), ('val', "'django.contrib.auth.models.AnonymousUser'")], 'id': 2539509188928, 'pre_context': ['            val = self.user_settings[attr]', '        except KeyError:', '            # Fall back to defaults', '            val = self.defaults[attr]', '', '        # Coerce import strings into classes', '        if attr in self.import_strings:'], 'context_line': '            val = perform_import(val, attr)', 'post_context': ['', '        # Cache the result', '        self._cached_attrs.add(attr)', '        setattr(self, attr, val)', '        return val', ''], 'pre_context_lineno': 220, 'colno': '', 'tb_area_colno': ''}, {'exc_cause': None, 'exc_cause_explicit': None, 'tb': <traceback object at 0x0000024F468B07C0>, 'type': 'user', 'filename': 'C:\\Users\\Captain Monk\\.pyenv\\pyenv-win\\versions\\3.10.0\\lib\\site-packages\\rest_framework\\settings.py', 'function': 'perform_import', 'lineno': 168, 'vars': [('val', "'django.contrib.auth.models.AnonymousUser'"), ('setting_name', "'UNAUTHENTICATED_USER'")], 'id': 2539509188544, 'pre_context': ['    """', '    If the given setting is a string import notation,', '    then perform the necessary import or imports.', '    """', '    if val is None:', '        return None', '    elif isinstance(val, str):'], 'context_line': '        return import_from_string(val, setting_name)', 'post_context': ['    elif isinstance(val, (list, tuple)):', '        return [import_from_string(item, setting_name) for item in val]', '    return val', '', '', 'def import_from_string(val, setting_name):'], 'pre_context_lineno': 161, 'colno': '', 'tb_area_colno': ''}, {'exc_cause': None, 'exc_cause_explicit': None, 'tb': <traceback object at 0x0000024F468B0800>, 'type': 'user', 'filename': 'C:\\Users\\Captain Monk\\.pyenv\\pyenv-win\\versions\\3.10.0\\lib\\site-packages\\rest_framework\\settings.py', 'function': 'import_from_string', 'lineno': 179, 'vars': [('val', "'django.contrib.auth.models.AnonymousUser'"), ('setting_name', "'UNAUTHENTICATED_USER'")], 'id': 2539509188608, 'pre_context': ['', '', 'def import_from_string(val, setting_name):', '    """', '    Attempt to import a class from a string representation.', '    """', '    try:'], 'context_line': '        return import_string(val)', 'post_context': ['    except ImportError as e:', '        msg = "Could not import \'%s\' for API setting \'%s\'. %s: %s." % (val, setting_name, e.__class__.__name__, e)', '        raise ImportError(msg)', '', '', 'class APISettings:'], 'pre_context_lineno': 172, 'colno': '', 'tb_area_colno': ''}, {'exc_cause': None, 'exc_cause_explicit': None, 'tb': <traceback object at 0x0000024F468B0840>, 'type': 'django', 'filename': 'C:\\Users\\Captain Monk\\.pyenv\\pyenv-win\\versions\\3.10.0\\lib\\site-packages\\django\\utils\\module_loading.py', 'function': 'import_string', 'lineno': 30, 'vars': [('dotted_path', "'django.contrib.auth.models.AnonymousUser'"), ('module_path', "'django.contrib.auth.models'"), ('class_name', "'AnonymousUser'")], 'id': 2539509188672, 'pre_context': ['    """', '    try:', '        module_path, class_name = dotted_path.rsplit(".", 1)', '    except ValueError as err:', '        raise ImportError("%s doesn\'t look like a module path" % dotted_path) from err', '', '    try:'], 'context_line': '        return cached_import(module_path, class_name)', 'post_context': ['    except AttributeError as err:', '        raise ImportError(', '            \'Module "%s" does not define a "%s" attribute/class\'', '            % (module_path, class_name)', '        ) from err', ''], 'pre_context_lineno': 23, 'colno': '', 'tb_area_colno': ''}, {'exc_cause': None, 'exc_cause_explicit': None, 'tb': <traceback object at 0x0000024F468631C0>, 'type': 'django', 'filename': 'C:\\Users\\Captain Monk\\.pyenv\\pyenv-win\\versions\\3.10.0\\lib\\site-packages\\django\\utils\\module_loading.py', 'function': 'cached_import', 'lineno': 15, 'vars': [('module_path', "'django.contrib.auth.models'"), ('class_name', "'AnonymousUser'"), ('module', 'None')], 'id': 2539508871616, 'pre_context': ['def cached_import(module_path, class_name):', '    # Check whether module is loaded and fully initialized.', '    if not (', '        (module := sys.modules.get(module_path))', '        and (spec := getattr(module, "__spec__", None))', '        and getattr(spec, "_initializing", False) is False', '    ):'], 'context_line': '        module = import_module(module_path)', 'post_context': ['    return getattr(module, class_name)', '', '', 'def import_string(dotted_path):', '    """', '    Import a dotted module path and return the attribute/class designated by the'], 'pre_context_lineno': 8, 'colno': '', 'tb_area_colno': ''}, {'exc_cause': None, 'exc_cause_explicit': None, 'tb': <traceback object at 0x0000024F46863300>, 'type': 'user', 'filename': 'C:\\Users\\Captain Monk\\.pyenv\\pyenv-win\\versions\\3.10.0\\lib\\importlib\\__init__.py', 'function': 'import_module', 'lineno': 126, 'vars': [('name', "'django.contrib.auth.models'"), ('package', 'None'), ('level', '0')], 'id': 2539508871936, 'pre_context': ['            msg = ("the \'package\' argument is required to perform a relative "', '                   "import for {!r}")', '            raise TypeError(msg.format(name))', '        for character in name:', "            if character != '.':", '                break', '            level += 1'], 'context_line': '    return _bootstrap._gcd_import(name[level:], package, level)', 'post_context': ['', '', '_RELOADING = {}', '', '', 'def reload(module):'], 'pre_context_lineno': 119, 'colno': '', 'tb_area_colno': ''}, {'exc_cause': None, 'exc_cause_explicit': None, 'tb': <traceback object at 0x0000024F46863240>, 'type': 'user', 'filename': '<frozen importlib._bootstrap>', 'function': '_gcd_import', 'lineno': 1050, 'vars': [('name', "'django.contrib.auth.models'"), ('package', 'None'), ('level', '0')], 'id': 2539508871744, 'pre_context': [], 'context_line': '<source code not available>', 'post_context': [], 'pre_context_lineno': 1050, 'colno': '', 'tb_area_colno': ''}, {'exc_cause': None, 'exc_cause_explicit': None, 'tb': <traceback object at 0x0000024F468B0880>, 'type': 'user', 'filename': '<frozen importlib._bootstrap>', 'function': '_find_and_load', 'lineno': 1027, 'vars': [('name', "'django.contrib.auth.models'"), ('import_', '<function _gcd_import at 0x0000024F423A3490>'), ('module', '<object object at 0x0000024F423C4060>')], 'id': 2539509188736, 'pre_context': [], 'context_line': '<source code not available>', 'post_context': [], 'pre_context_lineno': 1027, 'colno': '', 'tb_area_colno': ''}, {'exc_cause': None, 'exc_cause_explicit': None, 'tb': <traceback object at 0x0000024F468B08C0>, 'type': 'user', 'filename': '<frozen importlib._bootstrap>', 'function': '_find_and_load_unlocked', 'lineno': 1006, 'vars': [('name', "'django.contrib.auth.models'"), ('import_', '<function _gcd_import at 0x0000024F423A3490>'), ('path', "['C:\\\\Users\\\\Captain '\n 'Monk\\\\.pyenv\\\\pyenv-win\\\\versions\\\\3.10.0\\\\lib\\\\site-packages\\\\django\\\\contrib\\\\auth']"), ('parent', "'django.contrib.auth'"), ('parent_module', "<module 'django.contrib.auth' from 'C:\\\\Users\\\\Captain Monk\\\\.pyenv\\\\pyenv-win\\\\versions\\\\3.10.0\\\\lib\\\\site-packages\\\\django\\\\contrib\\\\auth\\\\__init__.py'>"), ('spec', "ModuleSpec(name='django.contrib.auth.models', loader=<_frozen_importlib_external.SourceFileLoader object at 0x0000024F468362F0>, origin='C:\\\\Users\\\\Captain Monk\\\\.pyenv\\\\pyenv-win\\\\versions\\\\3.10.0\\\\lib\\\\site-packages\\\\django\\\\contrib\\\\auth\\\\models.py')")], 'id': 2539509188800, 'pre_context': [], 'context_line': '<source code not available>', 'post_context': [], 'pre_context_lineno': 1006, 'colno': '', 'tb_area_colno': ''}, {'exc_cause': None, 'exc_cause_explicit': None, 'tb': <traceback object at 0x0000024F468B0900>, 'type': 'user', 'filename': '<frozen importlib._bootstrap>', 'function': '_load_unlocked', 'lineno': 688, 'vars': [('spec', "ModuleSpec(name='django.contrib.auth.models', loader=<_frozen_importlib_external.SourceFileLoader object at 0x0000024F468362F0>, origin='C:\\\\Users\\\\Captain Monk\\\\.pyenv\\\\pyenv-win\\\\versions\\\\3.10.0\\\\lib\\\\site-packages\\\\django\\\\contrib\\\\auth\\\\models.py')"), ('module', "<module 'django.contrib.auth.models' from 'C:\\\\Users\\\\Captain Monk\\\\.pyenv\\\\pyenv-win\\\\versions\\\\3.10.0\\\\lib\\\\site-packages\\\\django\\\\contrib\\\\auth\\\\models.py'>")], 'id': 2539509188864, 'pre_context': [], 'context_line': '<source code not available>', 'post_context': [], 'pre_context_lineno': 688, 'colno': '', 'tb_area_colno': ''}, {'exc_cause': None, 'exc_cause_explicit': None, 'tb': <traceback object at 0x0000024F46880640>, 'type': 'user', 'filename': '<frozen importlib._bootstrap_external>', 'function': 'exec_module', 'lineno': 883, 'vars': [('self', '<_frozen_importlib_external.SourceFileLoader object at 0x0000024F468362F0>'), ('module', "<module 'django.contrib.auth.models' from 'C:\\\\Users\\\\Captain Monk\\\\.pyenv\\\\pyenv-win\\\\versions\\\\3.10.0\\\\lib\\\\site-packages\\\\django\\\\contrib\\\\auth\\\\models.py'>"), ('code', '<code object <module> at 0x0000024F468850B0, file "C:\\Users\\Captain Monk\\.pyenv\\pyenv-win\\versions\\3.10.0\\lib\\site-packages\\django\\contrib\\auth\\models.py", line 1>')], 'id': 2539508991552, 'pre_context': [], 'context_line': '<source code not available>', 'post_context': [], 'pre_context_lineno': 883, 'colno': '', 'tb_area_colno': ''}, {'exc_cause': None, 'exc_cause_explicit': None, 'tb': <traceback object at 0x0000024F46880A00>, 'type': 'user', 'filename': '<frozen importlib._bootstrap>', 'function': '_call_with_frames_removed', 'lineno': 241, 'vars': [('f', '<built-in function exec>'), ('args', '(<code object <module> at 0x0000024F468850B0, file "C:\\Users\\Captain Monk\\.pyenv\\pyenv-win\\versions\\3.10.0\\lib\\site-packages\\django\\contrib\\auth\\models.py", line 1>,\n {\'AbstractBaseUser\': <class \'django.contrib.auth.base_user.AbstractBaseUser\'>,\n  \'BaseUserManager\': <class \'django.contrib.auth.base_user.BaseUserManager\'>,\n  \'__builtins__\': {\'ArithmeticError\': <class \'ArithmeticError\'>,\n                   \'AssertionError\': <class \'AssertionError\'>,\n                   \'AttributeError\': <class \'AttributeError\'>,\n                   \'BaseException\': <class \'BaseException\'>,\n                   \'BlockingIOError\': <class \'BlockingIOError\'>,\n                   \'BrokenPipeError\': <class \'BrokenPipeError\'>,\n                   \'BufferError\': <class \'BufferError\'>,\n                   \'BytesWarning\': <class \'BytesWarning\'>,\n                   \'ChildProcessError\': <class \'ChildProcessError\'>,\n                   \'ConnectionAbortedError\': <class \'ConnectionAbortedError\'>,\n                   \'ConnectionError\': <class \'ConnectionError\'>,\n                   \'ConnectionRefusedError\': <class \'ConnectionRefusedError\'>,\n                   \'ConnectionResetError\': <class \'ConnectionResetError\'>,\n                   \'DeprecationWarning\': <class \'DeprecationWarning\'>,\n                   \'EOFError\': <class \'EOFError\'>,\n                   \'Ellipsis\': Ellipsis,\n                   \'EncodingWarning\': <class \'EncodingWarning\'>,\n                   \'EnvironmentError\': <class \'OSError\'>,\n                   \'Exception\': <class \'Exception\'>,\n                   \'False\': False,\n                   \'FileExistsError\': <class \'FileExistsError\'>,\n                   \'FileNotFoundError\': <class \'FileNotFoundError\'>,\n                   \'FloatingPointError\': <class \'FloatingPointError\'>,\n                   \'FutureWarning\': <class \'FutureWarning\'>,\n                   \'GeneratorExit\': <class \'GeneratorExit\'>,\n                   \'IOError\': <class \'OSError\'>,\n                   \'ImportError\': <class \'ImportError\'>,\n                   \'ImportWarning\': <class \'ImportWarning\'>,\n                   \'IndentationError\': <class \'IndentationError\'>,\n                   \'IndexError\': <class \'IndexError\'>,\n                   \'InterruptedError\': <class \'InterruptedError\'>,\n                   \'IsADirectoryError\': <class \'IsADirectoryError\'>,\n                   \'KeyError\': <class \'KeyError\'>,\n                   \'KeyboardInterrupt\': <class \'KeyboardInterrupt\'>,\n                   \'LookupError\': <class \'LookupError\'>,\n                   \'MemoryError\': <class \'MemoryError\'>,\n                   \'ModuleNotFoundError\': <class \'ModuleNotFoundError\'>,\n                   \'NameError\': <class \'NameError\'>,\n                   \'None\': None,\n                   \'NotADirectoryError\': <class \'NotADirectoryError\'>,\n                   \'NotImplemented\': NotImplemented,\n                   \'NotImplementedError\': <class \'NotImplementedError\'>,\n                   \'OSError\': <class \'OSError\'>,\n                   \'OverflowError\': <class \'OverflowError\'>,\n                   \'PendingDeprecationWarning\': <class \'PendingDeprecationWarning\'>,\n                   \'PermissionError\': <class \'PermissionError\'>,\n                   \'ProcessLookupError\': <class \'ProcessLookupError\'>,\n                   \'RecursionError\': <class \'RecursionError\'>,\n                   \'ReferenceError\': <class \'ReferenceError\'>,\n                   \'ResourceWarning\': <class \'ResourceWarning\'>,\n                   \'RuntimeError\': <class \'RuntimeError\'>,\n                   \'RuntimeWarning\': <class \'RuntimeWarning\'>,\n                   \'StopAsyncIteration\': <class \'StopAsyncIteration\'>,\n                   \'StopIteration\': <class \'StopIteration\'>,\n                   \'SyntaxError\': <class \'SyntaxError\'>,\n                   \'SyntaxWarning\': <class \'SyntaxWarning\'>,\n                   \'SystemError\': <class \'SystemError\'>,\n                   \'SystemExit\': <class \'SystemExit\'>,\n                   \'TabError\': <class \'TabError\'>,\n                   \'TimeoutError\': <class \'TimeoutError\'>,\n                   \'True\': True,\n                   \'TypeError\': <class \'Ty… <trimmed 11079 bytes string>'), ('kwds', '{}')], 'id': 2539508992512, 'pre_context': [], 'context_line': '<source code not available>', 'post_context': [], 'pre_context_lineno': 241, 'colno': '', 'tb_area_colno': ''}, {'exc_cause': None, 'exc_cause_explicit': None, 'tb': <traceback object at 0x0000024F468806C0>, 'type': 'django', 'filename': 'C:\\Users\\Captain Monk\\.pyenv\\pyenv-win\\versions\\3.10.0\\lib\\site-packages\\django\\contrib\\auth\\models.py', 'function': '<module>', 'lineno': 5, 'vars': [('__name__', "'django.contrib.auth.models'"), ('__doc__', 'None'), ('__package__', "'django.contrib.auth'"), ('__loader__', '<_frozen_importlib_external.SourceFileLoader object at 0x0000024F468362F0>'), ('__spec__', "ModuleSpec(name='django.contrib.auth.models', loader=<_frozen_importlib_external.SourceFileLoader object at 0x0000024F468362F0>, origin='C:\\\\Users\\\\Captain Monk\\\\.pyenv\\\\pyenv-win\\\\versions\\\\3.10.0\\\\lib\\\\site-packages\\\\django\\\\contrib\\\\auth\\\\models.py')"), ('__file__', "('C:\\\\Users\\\\Captain '\n 'Monk\\\\.pyenv\\\\pyenv-win\\\\versions\\\\3.10.0\\\\lib\\\\site-packages\\\\django\\\\contrib\\\\auth\\\\models.py')"), ('__cached__', "('C:\\\\Users\\\\Captain '\n 'Monk\\\\.pyenv\\\\pyenv-win\\\\versions\\\\3.10.0\\\\lib\\\\site-packages\\\\django\\\\contrib\\\\auth\\\\__pycache__\\\\models.cpython-310.pyc')"), ('__builtins__', '{\'ArithmeticError\': <class \'ArithmeticError\'>,\n \'AssertionError\': <class \'AssertionError\'>,\n \'AttributeError\': <class \'AttributeError\'>,\n \'BaseException\': <class \'BaseException\'>,\n \'BlockingIOError\': <class \'BlockingIOError\'>,\n \'BrokenPipeError\': <class \'BrokenPipeError\'>,\n \'BufferError\': <class \'BufferError\'>,\n \'BytesWarning\': <class \'BytesWarning\'>,\n \'ChildProcessError\': <class \'ChildProcessError\'>,\n \'ConnectionAbortedError\': <class \'ConnectionAbortedError\'>,\n \'ConnectionError\': <class \'ConnectionError\'>,\n \'ConnectionRefusedError\': <class \'ConnectionRefusedError\'>,\n \'ConnectionResetError\': <class \'ConnectionResetError\'>,\n \'DeprecationWarning\': <class \'DeprecationWarning\'>,\n \'EOFError\': <class \'EOFError\'>,\n \'Ellipsis\': Ellipsis,\n \'EncodingWarning\': <class \'EncodingWarning\'>,\n \'EnvironmentError\': <class \'OSError\'>,\n \'Exception\': <class \'Exception\'>,\n \'False\': False,\n \'FileExistsError\': <class \'FileExistsError\'>,\n \'FileNotFoundError\': <class \'FileNotFoundError\'>,\n \'FloatingPointError\': <class \'FloatingPointError\'>,\n \'FutureWarning\': <class \'FutureWarning\'>,\n \'GeneratorExit\': <class \'GeneratorExit\'>,\n \'IOError\': <class \'OSError\'>,\n \'ImportError\': <class \'ImportError\'>,\n \'ImportWarning\': <class \'ImportWarning\'>,\n \'IndentationError\': <class \'IndentationError\'>,\n \'IndexError\': <class \'IndexError\'>,\n \'InterruptedError\': <class \'InterruptedError\'>,\n \'IsADirectoryError\': <class \'IsADirectoryError\'>,\n \'KeyError\': <class \'KeyError\'>,\n \'KeyboardInterrupt\': <class \'KeyboardInterrupt\'>,\n \'LookupError\': <class \'LookupError\'>,\n \'MemoryError\': <class \'MemoryError\'>,\n \'ModuleNotFoundError\': <class \'ModuleNotFoundError\'>,\n \'NameError\': <class \'NameError\'>,\n \'None\': None,\n \'NotADirectoryError\': <class \'NotADirectoryError\'>,\n \'NotImplemented\': NotImplemented,\n \'NotImplementedError\': <class \'NotImplementedError\'>,\n \'OSError\': <class \'OSError\'>,\n \'OverflowError\': <class \'OverflowError\'>,\n \'PendingDeprecationWarning\': <class \'PendingDeprecationWarning\'>,\n \'PermissionError\': <class \'PermissionError\'>,\n \'ProcessLookupError\': <class \'ProcessLookupError\'>,\n \'RecursionError\': <class \'RecursionError\'>,\n \'ReferenceError\': <class \'ReferenceError\'>,\n \'ResourceWarning\': <class \'ResourceWarning\'>,\n \'RuntimeError\': <class \'RuntimeError\'>,\n \'RuntimeWarning\': <class \'RuntimeWarning\'>,\n \'StopAsyncIteration\': <class \'StopAsyncIteration\'>,\n \'StopIteration\': <class \'StopIteration\'>,\n \'SyntaxError\': <class \'SyntaxError\'>,\n \'SyntaxWarning\': <class \'SyntaxWarning\'>,\n \'SystemError\': <class \'SystemError\'>,\n \'SystemExit\': <class \'SystemExit\'>,\n \'TabError\': <class \'TabError\'>,\n \'TimeoutError\': <class \'TimeoutError\'>,\n \'True\': True,\n \'TypeError\': <class \'TypeError\'>,\n \'UnboundLocalError\': <class \'UnboundLocalError\'>,\n \'UnicodeDecodeError\': <class \'UnicodeDecodeError\'>,\n \'UnicodeEncodeError\': <class \'UnicodeEncodeError\'>,\n \'UnicodeError\': <class \'UnicodeError\'>,\n \'UnicodeTranslateError\': <class \'UnicodeTranslateError\'>,\n \'UnicodeWarning\': <class \'UnicodeWarning\'>,\n \'UserWarning\': <class \'UserWarning\'>,\n \'ValueError\': <class \'ValueError\'>,\n \'Warning\': <class \'Warning\'>,\n \'WindowsError\': <class \'OSError\'>,\n \'ZeroDivisionError\': <class \'ZeroDivisionError\'>,\n \'__build_class__\': <built-in function __build_class__>,\n \'__debug__\': True,\n \'__doc__\': \'Built-in functions, exceptions, and other objects.\\n\'\n            \'\\n\'\n            "Noteworthy: None is the `nil\' object; Ellipsis represents `...\' "\n            \'in slices.\',\n \'__import__\': <built-in function __import__>,\n \'__loader__\': <class \'_frozen_importlib.BuiltinImporter\'>,\n \'__name__\': \'builtins\',\n \'__package__\': \'\',\n \'__spec__\': ModuleSpec(name=\'builtins\', loader=<class \'_frozen_importlib.BuiltinImporter\'>, origin=\'built-in\'),\n \'abs\': <built-in function abs>,\n \'aiter\': <built-in function aiter>,\n \'all\': <built-in function all>,\n \'anext\': <built-in function anext>,\n \'any\': <built-in function any>,\n \'ascii\': <built-in function ascii>,\n \'bin\': <built-in function bin>,\n \'bool\': <class \'bool\'>,\n \'breakpoint\': <built-in function breakpoint>,\n \'bytearray\': <class \'bytearray\'>,\n \'bytes\': <class \'bytes\'>,\n \'callable\': <built-in fu… <trimmed 6765 bytes string>'), ('apps', '<django.apps.registry.Apps object at 0x0000024F42887FD0>'), ('auth', "<module 'django.contrib.auth' from 'C:\\\\Users\\\\Captain Monk\\\\.pyenv\\\\pyenv-win\\\\versions\\\\3.10.0\\\\lib\\\\site-packages\\\\django\\\\contrib\\\\auth\\\\__init__.py'>"), ('AbstractBaseUser', "<class 'django.contrib.auth.base_user.AbstractBaseUser'>"), ('BaseUserManager', "<class 'django.contrib.auth.base_user.BaseUserManager'>"), ('make_password', '<function make_password at 0x0000024F46896050>')], 'id': 2539508991680, 'pre_context': ['from django.apps import apps', 'from django.contrib import auth', 'from django.contrib.auth.base_user import AbstractBaseUser, BaseUserManager', 'from django.contrib.auth.hashers import make_password'], 'context_line': 'from django.contrib.contenttypes.models import ContentType', 'post_context': ['from django.core.exceptions import PermissionDenied', 'from django.core.mail import send_mail', 'from django.db import models', 'from django.db.models.manager import EmptyManager', 'from django.utils import timezone', 'from django.utils.itercompat import is_iterable'], 'pre_context_lineno': 1, 'colno': '', 'tb_area_colno': ''}, {'exc_cause': None, 'exc_cause_explicit': None, 'tb': <traceback object at 0x0000024F468B0780>, 'type': 'django', 'filename': 'C:\\Users\\Captain Monk\\.pyenv\\pyenv-win\\versions\\3.10.0\\lib\\site-packages\\django\\contrib\\contenttypes\\models.py', 'function': '<module>', 'lineno': 139, 'vars': [('__name__', "'django.contrib.contenttypes.models'"), ('__doc__', 'None'), ('__package__', "'django.contrib.contenttypes'"), ('__loader__', '<_frozen_importlib_external.SourceFileLoader object at 0x0000024F4688A860>'), ('__spec__', "ModuleSpec(name='django.contrib.contenttypes.models', loader=<_frozen_importlib_external.SourceFileLoader object at 0x0000024F4688A860>, origin='C:\\\\Users\\\\Captain Monk\\\\.pyenv\\\\pyenv-win\\\\versions\\\\3.10.0\\\\lib\\\\site-packages\\\\django\\\\contrib\\\\contenttypes\\\\models.py')"), ('__file__', "('C:\\\\Users\\\\Captain '\n 'Monk\\\\.pyenv\\\\pyenv-win\\\\versions\\\\3.10.0\\\\lib\\\\site-packages\\\\django\\\\contrib\\\\contenttypes\\\\models.py')"), ('__cached__', "('C:\\\\Users\\\\Captain '\n 'Monk\\\\.pyenv\\\\pyenv-win\\\\versions\\\\3.10.0\\\\lib\\\\site-packages\\\\django\\\\contrib\\\\contenttypes\\\\__pycache__\\\\models.cpython-310.pyc')"), ('__builtins__', '{\'ArithmeticError\': <class \'ArithmeticError\'>,\n \'AssertionError\': <class \'AssertionError\'>,\n \'AttributeError\': <class \'AttributeError\'>,\n \'BaseException\': <class \'BaseException\'>,\n \'BlockingIOError\': <class \'BlockingIOError\'>,\n \'BrokenPipeError\': <class \'BrokenPipeError\'>,\n \'BufferError\': <class \'BufferError\'>,\n \'BytesWarning\': <class \'BytesWarning\'>,\n \'ChildProcessError\': <class \'ChildProcessError\'>,\n \'ConnectionAbortedError\': <class \'ConnectionAbortedError\'>,\n \'ConnectionError\': <class \'ConnectionError\'>,\n \'ConnectionRefusedError\': <class \'ConnectionRefusedError\'>,\n \'ConnectionResetError\': <class \'ConnectionResetError\'>,\n \'DeprecationWarning\': <class \'DeprecationWarning\'>,\n \'EOFError\': <class \'EOFError\'>,\n \'Ellipsis\': Ellipsis,\n \'EncodingWarning\': <class \'EncodingWarning\'>,\n \'EnvironmentError\': <class \'OSError\'>,\n \'Exception\': <class \'Exception\'>,\n \'False\': False,\n \'FileExistsError\': <class \'FileExistsError\'>,\n \'FileNotFoundError\': <class \'FileNotFoundError\'>,\n \'FloatingPointError\': <class \'FloatingPointError\'>,\n \'FutureWarning\': <class \'FutureWarning\'>,\n \'GeneratorExit\': <class \'GeneratorExit\'>,\n \'IOError\': <class \'OSError\'>,\n \'ImportError\': <class \'ImportError\'>,\n \'ImportWarning\': <class \'ImportWarning\'>,\n \'IndentationError\': <class \'IndentationError\'>,\n \'IndexError\': <class \'IndexError\'>,\n \'InterruptedError\': <class \'InterruptedError\'>,\n \'IsADirectoryError\': <class \'IsADirectoryError\'>,\n \'KeyError\': <class \'KeyError\'>,\n \'KeyboardInterrupt\': <class \'KeyboardInterrupt\'>,\n \'LookupError\': <class \'LookupError\'>,\n \'MemoryError\': <class \'MemoryError\'>,\n \'ModuleNotFoundError\': <class \'ModuleNotFoundError\'>,\n \'NameError\': <class \'NameError\'>,\n \'None\': None,\n \'NotADirectoryError\': <class \'NotADirectoryError\'>,\n \'NotImplemented\': NotImplemented,\n \'NotImplementedError\': <class \'NotImplementedError\'>,\n \'OSError\': <class \'OSError\'>,\n \'OverflowError\': <class \'OverflowError\'>,\n \'PendingDeprecationWarning\': <class \'PendingDeprecationWarning\'>,\n \'PermissionError\': <class \'PermissionError\'>,\n \'ProcessLookupError\': <class \'ProcessLookupError\'>,\n \'RecursionError\': <class \'RecursionError\'>,\n \'ReferenceError\': <class \'ReferenceError\'>,\n \'ResourceWarning\': <class \'ResourceWarning\'>,\n \'RuntimeError\': <class \'RuntimeError\'>,\n \'RuntimeWarning\': <class \'RuntimeWarning\'>,\n \'StopAsyncIteration\': <class \'StopAsyncIteration\'>,\n \'StopIteration\': <class \'StopIteration\'>,\n \'SyntaxError\': <class \'SyntaxError\'>,\n \'SyntaxWarning\': <class \'SyntaxWarning\'>,\n \'SystemError\': <class \'SystemError\'>,\n \'SystemExit\': <class \'SystemExit\'>,\n \'TabError\': <class \'TabError\'>,\n \'TimeoutError\': <class \'TimeoutError\'>,\n \'True\': True,\n \'TypeError\': <class \'TypeError\'>,\n \'UnboundLocalError\': <class \'UnboundLocalError\'>,\n \'UnicodeDecodeError\': <class \'UnicodeDecodeError\'>,\n \'UnicodeEncodeError\': <class \'UnicodeEncodeError\'>,\n \'UnicodeError\': <class \'UnicodeError\'>,\n \'UnicodeTranslateError\': <class \'UnicodeTranslateError\'>,\n \'UnicodeWarning\': <class \'UnicodeWarning\'>,\n \'UserWarning\': <class \'UserWarning\'>,\n \'ValueError\': <class \'ValueError\'>,\n \'Warning\': <class \'Warning\'>,\n \'WindowsError\': <class \'OSError\'>,\n \'ZeroDivisionError\': <class \'ZeroDivisionError\'>,\n \'__build_class__\': <built-in function __build_class__>,\n \'__debug__\': True,\n \'__doc__\': \'Built-in functions, exceptions, and other objects.\\n\'\n            \'\\n\'\n            "Noteworthy: None is the `nil\' object; Ellipsis represents `...\' "\n            \'in slices.\',\n \'__import__\': <built-in function __import__>,\n \'__loader__\': <class \'_frozen_importlib.BuiltinImporter\'>,\n \'__name__\': \'builtins\',\n \'__package__\': \'\',\n \'__spec__\': ModuleSpec(name=\'builtins\', loader=<class \'_frozen_importlib.BuiltinImporter\'>, origin=\'built-in\'),\n \'abs\': <built-in function abs>,\n \'aiter\': <built-in function aiter>,\n \'all\': <built-in function all>,\n \'anext\': <built-in function anext>,\n \'any\': <built-in function any>,\n \'ascii\': <built-in function ascii>,\n \'bin\': <built-in function bin>,\n \'bool\': <class \'bool\'>,\n \'breakpoint\': <built-in function breakpoint>,\n \'bytearray\': <class \'bytearray\'>,\n \'bytes\': <class \'bytes\'>,\n \'callable\': <built-in fu… <trimmed 6765 bytes string>'), ('defaultdict', "<class 'collections.defaultdict'>"), ('apps', '<django.apps.registry.Apps object at 0x0000024F42887FD0>'), ('models', "<module 'django.db.models' from 'C:\\\\Users\\\\Captain Monk\\\\.pyenv\\\\pyenv-win\\\\versions\\\\3.10.0\\\\lib\\\\site-packages\\\\django\\\\db\\\\models\\\\__init__.py'>"), ('Q', "<class 'django.db.models.query_utils.Q'>"), ('_', '<function gettext at 0x0000024F446DA440>'), ('ContentTypeManager', "<class 'django.contrib.contenttypes.models.ContentTypeManager'>")], 'id': 2539509188480, 'pre_context': ['        # will return None. Hence, there is no reliance on', '        # model._meta.app_label here, just using the model fields instead.', '        key = (ct.app_label, ct.model)', '        self._cache.setdefault(using, {})[key] = ct', '        self._cache.setdefault(using, {})[ct.id] = ct', '', ''], 'context_line': 'class ContentType(models.Model):', 'post_context': ['    app_label = models.CharField(max_length=100)', '    model = models.CharField(_("python model class name"), max_length=100)', '    objects = ContentTypeManager()', '', '    class Meta:', '        verbose_name = _("content type")'], 'pre_context_lineno': 132, 'colno': '', 'tb_area_colno': ''}, {'exc_cause': None, 'exc_cause_explicit': None, 'tb': <traceback object at 0x0000024F468B0740>, 'type': 'django', 'filename': 'C:\\Users\\Captain Monk\\.pyenv\\pyenv-win\\versions\\3.10.0\\lib\\site-packages\\django\\db\\models\\base.py', 'function': '__new__', 'lineno': 134, 'vars': [('cls', "<class 'django.db.models.base.ModelBase'>"), ('name', "'ContentType'"), ('bases', "(<class 'django.db.models.base.Model'>,)"), ('attrs', "{'__qualname__': 'ContentType',\n '__str__': <function ContentType.__str__ at 0x0000024F468ADBD0>,\n 'app_label': <django.db.models.fields.CharField>,\n 'app_labeled_name': <property object at 0x0000024F4689F8D0>,\n 'get_all_objects_for_this_type': <function ContentType.get_all_objects_for_this_type at 0x0000024F468ADEA0>,\n 'get_object_for_this_type': <function ContentType.get_object_for_this_type at 0x0000024F468ADE10>,\n 'model': <django.db.models.fields.CharField>,\n 'model_class': <function ContentType.model_class at 0x0000024F468ADD80>,\n 'name': <property object at 0x0000024F4689F880>,\n 'natural_key': <function ContentType.natural_key at 0x0000024F468ADF30>,\n 'objects': <django.contrib.contenttypes.models.ContentTypeManager object at 0x0000024F4688AF80>}"), ('kwargs', '{}'), ('super_new', '<built-in method __new__ of type object at 0x00007FFED02DA920>'), ('parents', "[<class 'django.db.models.base.Model'>]"), ('module', "'django.contrib.contenttypes.models'"), ('new_attrs', "{'__module__': 'django.contrib.contenttypes.models',\n '__qualname__': 'ContentType',\n '__str__': <function ContentType.__str__ at 0x0000024F468ADBD0>,\n 'app_labeled_name': <property object at 0x0000024F4689F8D0>,\n 'get_all_objects_for_this_type': <function ContentType.get_all_objects_for_this_type at 0x0000024F468ADEA0>,\n 'get_object_for_this_type': <function ContentType.get_object_for_this_type at 0x0000024F468ADE10>,\n 'model_class': <function ContentType.model_class at 0x0000024F468ADD80>,\n 'name': <property object at 0x0000024F4689F880>,\n 'natural_key': <function ContentType.natural_key at 0x0000024F468ADF30>}"), ('classcell', 'None'), ('attr_meta', "<class 'django.contrib.contenttypes.models.ContentType.Meta'>"), ('contributable_attrs', "{'app_label': <django.db.models.fields.CharField>,\n 'model': <django.db.models.fields.CharField>,\n 'objects': <django.contrib.contenttypes.models.ContentTypeManager object at 0x0000024F4688AF80>}"), ('obj_name', "'natural_key'"), ('obj', '<function ContentType.natural_key at 0x0000024F468ADF30>'), ('new_class', "<class 'django.contrib.contenttypes.models.ContentType'>"), ('abstract', 'False'), ('meta', "<class 'django.contrib.contenttypes.models.ContentType.Meta'>"), ('base_meta', 'None'), ('app_label', 'None'), ('app_config', 'None'), ('__class__', "<class 'django.db.models.base.ModelBase'>")], 'id': 2539509188416, 'pre_context': ['', '        # Look for an application configuration to attach the model to.', '        app_config = apps.get_containing_app_config(module)', '', '        if getattr(meta, "app_label", None) is None:', '            if app_config is None:', '                if not abstract:'], 'context_line': '                    raise RuntimeError(', 'post_context': ['                        "Model class %s.%s doesn\'t declare an explicit "', '                        "app_label and isn\'t in an application in "', '                        "INSTALLED_APPS." % (module, name)', '                    )', '', '            else:'], 'pre_context_lineno': 127, 'colno': '', 'tb_area_colno': ''}], 'request': <WSGIRequest: GET '/api/ownershipData/663d6760537fa61b79ac8bab'>, 'request_meta': {'ALLUSERSPROFILE': 'C:\\ProgramData', 'APPDATA': 'C:\\Users\\Captain Monk\\AppData\\Roaming', 'BINDIR': 'C:\\Users\\Captain Monk\\.pyenv\\pyenv-win\\versions\\3.10.0', 'CHOCOLATEYINSTALL': 'C:\\ProgramData\\chocolatey', 'CHOCOLATEYLASTPATHUPDATE': '133368061605247431', 'CHROME_CRASHPAD_PIPE_NAME': '\\\\.\\pipe\\crashpad_17288_BJATPWVWEFYUNWIT', 'CMDLINE': 'python service.py reader', 'COMMANDS': 'rehash global local version vname version-name versions commands shims which whence help --help', 'COMMONPROGRAMFILES': 'C:\\Program Files\\Common Files', 'COMMONPROGRAMFILES(X86)': 'C:\\Program Files (x86)\\Common Files', 'COMMONPROGRAMW6432': 'C:\\Program Files\\Common Files', 'COMPUTERNAME': 'CAPTAINMONK-PC', 'COMSPEC': 'C:\\WINDOWS\\system32\\cmd.exe', 'CUDA_HOME': 'C:\\Program Files\\NVIDIA GPU Computing Toolkit\\CUDA\\v12.1', 'CUDA_PATH': 'C:\\Program Files\\NVIDIA GPU Computing Toolkit\\CUDA\\v12.1', 'DRIVERDATA': 'C:\\Windows\\System32\\Drivers\\DriverData', 'EXTRAPATHS': 'C:\\Users\\Captain Monk\\.pyenv\\pyenv-win\\versions\\3.10.0;C:\\Users\\Captain Monk\\.pyenv\\pyenv-win\\versions\\3.10.0\\Scripts;C:\\Users\\Captain Monk\\AppData\\Roaming\\Python\\Python310\\Scripts;', 'FP_NO_HOST_CHECK': 'NO', 'GIT_LFS_PATH': 'C:\\Program Files\\Git LFS', 'GOPATH': 'C:\\Users\\Captain Monk\\go', 'HOMEDRIVE': 'C:', 'HOMEPATH': '\\Users\\Captain Monk', 'INTEL_DEV_REDIST': 'C:\\Program Files (x86)\\Common Files\\Intel\\Shared Libraries\\', 'LOCALAPPDATA': 'C:\\Users\\Captain Monk\\AppData\\Local', 'LOGONSERVER': '\\\\CAPTAINMONK-PC', 'NUMBER_OF_PROCESSORS': '12', 'NVM_HOME': 'C:\\Users\\Captain Monk\\AppData\\Roaming\\nvm', 'NVM_SYMLINK': 'C:\\Program Files\\nodejs', 'NVTOOLSEXT_PATH': 'C:\\Program Files\\NVIDIA Corporation\\NvToolsExt\\', 'ONEDRIVE': 'C:\\Users\\Captain Monk\\OneDrive', 'ONEDRIVECONSUMER': 'C:\\Users\\Captain Monk\\OneDrive', 'ORIGINAL_XDG_CURRENT_DESKTOP': 'undefined', 'OS': 'Windows_NT', 'PATH': 'C:\\Users\\Captain Monk\\.pyenv\\pyenv-win\\versions\\3.10.0;C:\\Users\\Captain Monk\\.pyenv\\pyenv-win\\versions\\3.10.0\\Scripts;C:\\Users\\Captain Monk\\AppData\\Roaming\\Python\\Python310\\Scripts;C:\\Program Files (x86)\\VMware\\VMware Workstation\\bin\\;C:\\Program Files\\Microsoft SDKs\\Azure\\CLI2\\wbin;C:\\Users\\Captain Monk\\.pyenv\\pyenv-win\\bin;C:\\Program Files\\NVIDIA GPU Computing Toolkit\\CUDA\\v12.1\\bin;C:\\Program Files\\NVIDIA GPU Computing Toolkit\\CUDA\\v12.1\\libnvvp;C:\\Program Files\\Common Files\\Oracle\\Java\\javapath;C:\\Program Files (x86)\\Common Files\\Intel\\Shared Libraries\\redist\\intel64_win\\compiler;C:\\Program Files (x86)\\Intel\\iCLS Client\\;C:\\Program Files\\Intel\\iCLS Client\\;C:\\Program Files (x86)\\Common Files\\Intel\\Shared Libraries\\redist\\intel64\\compiler;C:\\Program Files (x86)\\Razer Chroma SDK\\bin;C:\\Program Files\\Razer Chroma SDK\\bin;C:\\ProgramData\\Oracle\\Java\\javapath;C:\\Program Files (x86)\\NVIDIA Corporation\\PhysX\\Common;C:\\Windows\\System32;C:\\Windows;C:\\Windows\\System32\\wbem;C:\\Windows\\System32\\WindowsPowerShell\\v1.0\\;C:\\Windows\\System32;C:\\Windows;C:\\Windows\\System32\\wbem;C:\\Windows\\System32\\WindowsPowerShell\\v1.0\\;C:\\Program Files\\Intel\\Intel(R) Management;C:\\Program Files\\smartmontools\\bin;C:\\Program Files\\FFmpeg\\ffmpeg-2023-09-07-git-9c9f48e7f2-essentials_build\\bin;C:\\Program Files\\Git\\bin;C:\\Program Files\\MySQL\\MySQL Server 8.3\\bin;A:\\Visual-Studio-Code\\vfx2-0\\getimages\\extractimage;C:\\Program Files (x86)\\VideoLAN\\VLC;C:\\Program Files\\Git\\usr\\bin;C:\\Users\\Captain Monk\\AppData\\Roaming\\nvm;C:\\Program Files\\nodejs;C:\\Users\\Captain Monk\\.cargo\\bin;C:\\Program Files (x86)\\Intel\\Intel(R) Management Engine Components;C:\\Users\\Captain Monk\\AppData\\Local\\Programs\\Microsoft VS Code\\bin;A:\\Visual-Studio-Code\\vfx2-0\\getimages\\undistort;C:\\Program Files\\NVIDIA Corporation\\NVIDIA NvDLISR;C:\\Program Files\\Docker\\Docker\\resources\\bin;C:\\Program Files\\Go\\bin;C:\\Program Files\\FFmpeg\\ffmpeg-2023-09-07-git-9c9f48e7f2-essentials_build\\bin;C:\\Windows;C:\\Program Files (x86)\\Common Files\\Intel\\Shared Libraries\\redist\\intel64\\compiler;C:\\Users\\Captain Monk\\AppData\\Roaming\\nvm;C:\\Windows\\System32\\wbem;C:\\Users\\Captain Monk\\AppData\\Roaming\\nvm;C:\\Program Files\\Razer Chroma SDK\\bin;C:\\Program Files\\NVIDIA GPU Computing Toolkit\\CUDA\\v12.1\\bin;C:\\Program Files\\NVIDIA GPU Computing Toolkit\\CUDA\\v12.1\\libnvvp;C:\\Program Files\\MySQL\\MySQL Server 8.3\\bin;C:\\Program Files\\Git\\bin;C:\\Program Files\\smartmontools\\bin;C:\\Program Files (x86)\\Intel\\iCLS Client\\;C:\\Users\\Captain Monk\\.pyenv\\pyenv-win\\bin;C:\\Program Files (x86)\\NVIDIA Corporation\\PhysX\\Common;C:\\Program Files\\Git\\usr\\bin;C:\\Windows\\System32;C:\\Windows\\System32\\WindowsPowerShell\\v1.0\\;C:\\Users\\Captain Monk\\.cargo\\bin;C:\\ProgramData\\Oracle\\Java\\javapath;C:\\Program Files\\Intel\\Intel(R) Management;C:\\Program Files\\Common Files\\Oracle\\Java\\javapath;C:\\Users\\Captain Monk\\AppData\\Local\\Programs\\Microsoft VS Code\\bin;C:\\Program Files\\Microsoft SDKs\\Azure\\CLI2\\wbin;C:\\Program Files (x86)\\Razer Chroma SDK\\bin;C:\\Program Files\\nodejs;C:\\Program Files\\Intel\\iCLS Client\\;C:\\Program Files (x86)\\Common Files\\Intel\\Shared Libraries\\redist\\intel64_win\\compiler;A:\\Visual-Studio-Code\\vfx2-0\\getimages\\undistort;A:\\Visual-Studio-Code\\vfx2-0\\getimages\\extractimage;C:\\Program Files (x86)\\Intel\\Intel(R) Management Engine Components;C:\\Program Files (x86)\\VideoLAN\\VLC;C:\\Program Files\\mingw64\\bin;C:\\Users\\Captain Monk\\AppData\\Local\\Programs\\Swift\\Runtimes\\5.10.0\\usr\\bin\\;C:\\Users\\Captain Monk\\AppData\\Local\\Programs\\Swift\\Toolchains\\5.10.0+Asserts\\usr\\bin\\;C:\\Users\\Captain Monk\\AppData\\Local\\Programs\\Swift\\Tools\\5.10.0\\;C:\\Program Files\\MongoDB\\mongosh-2.2.10-win32-x64\\bin;C:\\Users\\Captain Monk\\go\\bin;C:\\Program Files\\Go\\bin;', 'PATHEXT': '.COM;.EXE;.BAT;.CMD;.VBS;.VBE;.JS;.JSE;.WSF;.WSH;.MSC;.CPL', 'PROCESSOR_ARCHITECTURE': 'AMD64', 'PROCESSOR_IDENTIFIER': 'Intel64 Family 6 Model 158 Stepping 10, GenuineIntel', 'PROCESSOR_LEVEL': '6', 'PROCESSOR_REVISION': '9e0a', 'PROGRAMDATA': 'C:\\ProgramData', 'PROGRAMFILES': 'C:\\Program Files', 'PROGRAMFILES(X86)': 'C:\\Program Files (x86)', 'PROGRAMW6432': 'C:\\Program Files', 'PROMPT': '$P$G', 'PSMODULEPATH': 'e:\\Documents\\WindowsPowerShell\\Modules;C:\\Program Files\\WindowsPowerShell\\Modules;C:\\WINDOWS\\system32\\WindowsPowerShell\\v1.0\\Modules\\', 'PUBLIC': 'C:\\Users\\Public', 'PYENV': 'cscript //nologo "C:\\Users\\Captain Monk\\.pyenv\\pyenv-win\\bin\\..\\libexec\\pyenv.vbs"', 'PYTHON_SHIMS': 'C:\\Users\\Captain Monk\\.pyenv\\pyenv-win\\shims', 'RGBDS': 'C:\\Program Files\\rgbds', 'SDKROOT': 'C:\\Users\\Captain Monk\\AppData\\Local\\Programs\\Swift\\Platforms\\5.10.0\\Windows.platform\\Developer\\SDKs\\Windows.sdk\\', 'SESSIONNAME': 'Console', 'SKIP': '0', 'SYSTEMDRIVE': 'C:', 'SYSTEMROOT': 'C:\\WINDOWS', 'TEMP': 'C:\\Users\\CAPTAI~1\\AppData\\Local\\Temp', 'TF_ENABLE_ONEDNN_OPTS': '0', 'TMP': 'C:\\Users\\CAPTAI~1\\AppData\\Local\\Temp', 'USERDOMAIN': 'CaptainMonk-PC', 'USERDOMAIN_ROAMINGPROFILE': 'CaptainMonk-PC', 'USERNAME': 'Captain Monk', 'USERPROFILE': 'C:\\Users\\Captain Monk', 'VBOX_MSI_INSTALL_PATH': 'C:\\Program Files\\Oracle\\VirtualBox\\', 'WINDIR': 'C:\\WINDOWS', 'WINDOWS_TRACING_FLAGS': '3', 'WINDOWS_TRACING_LOGFILE': 'C:\\BVTBin\\Tests\\installpackage\\csilogfile.log', '_PATH': 'C:\\Program Files (x86)\\VMware\\VMware Workstation\\bin\\;C:\\Program Files\\Microsoft SDKs\\Azure\\CLI2\\wbin;C:\\Users\\Captain Monk\\.pyenv\\pyenv-win\\shims;C:\\Users\\Captain Monk\\.pyenv\\pyenv-win\\bin;C:\\Program Files\\NVIDIA GPU Computing Toolkit\\CUDA\\v12.1\\bin;C:\\Program Files\\NVIDIA GPU Computing Toolkit\\CUDA\\v12.1\\libnvvp;C:\\Program Files\\Common Files\\Oracle\\Java\\javapath;C:\\Program Files (x86)\\Common Files\\Intel\\Shared Libraries\\redist\\intel64_win\\compiler;C:\\Program Files (x86)\\Intel\\iCLS Client\\;C:\\Program Files\\Intel\\iCLS Client\\;C:\\Program Files (x86)\\Common Files\\Intel\\Shared Libraries\\redist\\intel64\\compiler;C:\\Program Files (x86)\\Razer Chroma SDK\\bin;C:\\Program Files\\Razer Chroma SDK\\bin;C:\\ProgramData\\Oracle\\Java\\javapath;C:\\Program Files (x86)\\NVIDIA Corporation\\PhysX\\Common;C:\\Windows\\system32;C:\\Windows;C:\\Windows\\System32\\Wbem;C:\\Windows\\System32\\WindowsPowerShell\\v1.0\\;C:\\WINDOWS\\system32;C:\\WINDOWS;C:\\WINDOWS\\System32\\Wbem;C:\\WINDOWS\\System32\\WindowsPowerShell\\v1.0\\;C:\\Program Files\\Intel\\Intel(R) Management;C:\\Program Files\\smartmontools\\bin;C:\\Program Files\\FFmpeg\\ffmpeg-2023-09-07-git-9c9f48e7f2-essentials_build\\bin;C:\\Program Files\\Git\\bin;C:\\Program Files\\MySQL\\MySQL Server 8.3\\bin;A:\\Visual-Studio-Code\\vfx2-0\\getimages\\extractimage;C:\\Program Files (x86)\\VideoLAN\\VLC;C:\\Program Files\\Git\\usr\\bin;C:\\Users\\Captain Monk\\AppData\\Roaming\\nvm;C:\\Program Files\\nodejs;C:\\Users\\Captain Monk\\.cargo\\bin;C:\\Program Files (x86)\\Intel\\Intel(R) Management Engine Components;C:\\Users\\Captain Monk\\AppData\\Local\\Programs\\Microsoft VS Code\\bin;A:\\Visual-Studio-Code\\vfx2-0\\getimages\\undistort;;C:\\Program Files\\NVIDIA Corporation\\NVIDIA NvDLISR;C:\\Program Files\\Docker\\Docker\\resources\\bin;C:\\Program Files\\Go\\bin;C:\\Program Files\\FFmpeg\\ffmpeg-2023-09-07-git-9c9f48e7f2-essentials_build\\bin;C:\\Windows;C:\\Program Files (x86)\\Common Files\\Intel\\Shared Libraries\\redist\\intel64\\compiler;C:\\Users\\Captain Monk\\AppData\\Roaming\\nvm;C:\\Windows\\System32\\Wbem;C:\\Users\\Captain Monk\\AppData\\Roaming\\nvm;C:\\Program Files\\Razer Chroma SDK\\bin;C:\\Program Files\\NVIDIA GPU Computing Toolkit\\CUDA\\v12.1\\bin;C:\\Program Files\\NVIDIA GPU Computing Toolkit\\CUDA\\v12.1\\libnvvp;C:\\Program Files\\MySQL\\MySQL Server 8.3\\bin;C:\\Program Files\\Git\\bin;C:\\Program Files\\smartmontools\\bin;C:\\Program Files (x86)\\Intel\\iCLS Client\\;C:\\Users\\Captain Monk\\.pyenv\\pyenv-win\\bin;C:\\Program Files (x86)\\NVIDIA Corporation\\PhysX\\Common;C:\\Program Files\\Git\\usr\\bin;C:\\Windows\\system32;C:\\Users\\Captain Monk\\.pyenv\\pyenv-win\\shims;C:\\Windows\\System32\\WindowsPowerShell\\v1.0\\;C:\\Users\\Captain Monk\\.cargo\\bin;C:\\ProgramData\\Oracle\\Java\\javapath;C:\\Program Files\\Intel\\Intel(R) Management;C:\\Program Files\\Common Files\\Oracle\\Java\\javapath;C:\\Users\\Captain Monk\\AppData\\Local\\Programs\\Microsoft VS Code\\bin;C:\\Program Files\\Microsoft SDKs\\Azure\\CLI2\\wbin;C:\\Program Files (x86)\\Razer Chroma SDK\\bin;C:\\Program Files\\nodejs;C:\\Program Files\\Intel\\iCLS Client\\;C:\\Program Files (x86)\\Common Files\\Intel\\Shared Libraries\\redist\\intel64_win\\compiler;A:\\Visual-Studio-Code\\vfx2-0\\getimages\\undistort;A:\\Visual-Studio-Code\\vfx2-0\\getimages\\extractimage;C:\\Program Files (x86)\\Intel\\Intel(R) Management Engine Components;C:\\Program Files (x86)\\VideoLAN\\VLC;C:\\Program Files\\mingw64\\bin;C:\\Users\\Captain Monk\\AppData\\Local\\Programs\\Swift\\Runtimes\\5.10.0\\usr\\bin\\;C:\\Users\\Captain Monk\\AppData\\Local\\Programs\\Swift\\Toolchains\\5.10.0+Asserts\\usr\\bin\\;C:\\Users\\Captain Monk\\AppData\\Local\\Programs\\Swift\\Tools\\5.10.0\\;C:\\Program Files\\MongoDB\\mongosh-2.2.10-win32-x64\\bin;C:\\Users\\Captain Monk\\go\\bin;C:\\Program Files\\Go\\bin;', '__PSLOCKDOWNPOLICY': '0', 'TERM_PROGRAM': 'vscode', 'TERM_PROGRAM_VERSION': '1.91.0', 'LANG': 'en_US.UTF-8', 'COLORTERM': 'truecolor', 'GIT_ASKPASS': '********************', 'VSCODE_GIT_ASKPASS_NODE': '********************', 'VSCODE_GIT_ASKPASS_EXTRA_ARGS': '********************', 'VSCODE_GIT_ASKPASS_MAIN': '********************', 'VSCODE_GIT_IPC_HANDLE': '\\\\.\\pipe\\vscode-git-0997dc4bf6-sock', 'VSCODE_INJECTION': '1', 'DJANGO_SETTINGS_MODULE': 'reader.settings', 'PYTHONPATH': 'A:\\Visual-Studio-Code\\Go\\user_pokemon_management', 'JWT_SECRET': '********************', 'SERVER_NAME': 'kubernetes.docker.internal', 'GATEWAY_INTERFACE': 'CGI/1.1', 'SERVER_PORT': '3005', 'REMOTE_HOST': '', 'CONTENT_LENGTH': '', 'SCRIPT_NAME': '', 'SERVER_PROTOCOL': 'HTTP/1.1', 'SERVER_SOFTWARE': 'WSGIServer/0.2', 'REQUEST_METHOD': 'GET', 'PATH_INFO': '/api/ownershipData/663d6760537fa61b79ac8bab', 'QUERY_STRING': '', 'REMOTE_ADDR': '127.0.0.1', 'CONTENT_TYPE': 'text/plain', 'HTTP_HOST': 'localhost:3005', 'HTTP_CONNECTION': 'keep-alive', 'HTTP_SEC_CH_UA': '"Not/A)Brand";v="8", "Chromium";v="126", "Google Chrome";v="126"', 'HTTP_ACCEPT': 'application/json, text/plain, */*', 'HTTP_SEC_CH_UA_MOBILE': '?0', 'HTTP_USER_AGENT': 'Mozilla/5.0 (Windows NT 10.0; Win64; x64) AppleWebKit/537.36 (KHTML, like Gecko) Chrome/126.0.0.0 Safari/537.36', 'HTTP_SEC_CH_UA_PLATFORM': '"Windows"', 'HTTP_ORIGIN': 'http://localhost:3000', 'HTTP_SEC_FETCH_SITE': 'same-site', 'HTTP_SEC_FETCH_MODE': 'cors', 'HTTP_SEC_FETCH_DEST': 'empty', 'HTTP_REFERER': 'http://localhost:3000/', 'HTTP_ACCEPT_ENCODING': 'gzip, deflate, br, zstd', 'HTTP_ACCEPT_LANGUAGE': 'en-US,en;q=0.9', 'HTTP_COOKIE': '********************', 'wsgi.input': <django.core.handlers.wsgi.LimitedStream object at 0x0000024F46835F30>, 'wsgi.errors': <_io.TextIOWrapper name='<stderr>' mode='w' encoding='utf-8'>, 'wsgi.version': (1, 0), 'wsgi.run_once': False, 'wsgi.url_scheme': 'http', 'wsgi.multithread': True, 'wsgi.multiprocess': False, 'wsgi.file_wrapper': <class 'wsgiref.util.FileWrapper'>}, 'request_COOKIES_items': dict_items([('accessToken', '********************'), ('refreshToken', '********************')]), 'user_str': '[unable to retrieve the current user]', 'filtered_POST_items': [], 'settings': {'ABSOLUTE_URL_OVERRIDES': {}, 'ADMINS': [], 'ALLOWED_HOSTS': [], 'APPEND_SLASH': True, 'AUTHENTICATION_BACKENDS': ['django.contrib.auth.backends.ModelBackend'], 'AUTH_PASSWORD_VALIDATORS': '********************', 'AUTH_USER_MODEL': 'auth.User', 'BASE_DIR': WindowsPath('A:/Visual-Studio-Code/Go/user_pokemon_management/reader'), 'CACHES': {'default': {'BACKEND': 'django.core.cache.backends.locmem.LocMemCache'}}, 'CACHE_MIDDLEWARE_ALIAS': 'default', 'CACHE_MIDDLEWARE_KEY_PREFIX': '********************', 'CACHE_MIDDLEWARE_SECONDS': 600, 'CORS_ALLOWED_ORIGINS': ['http://localhost:3000'], 'CORS_ALLOW_CREDENTIALS': True, 'CORS_ALLOW_HEADERS': ['content-type', 'authorization'], 'CORS_ALLOW_METHODS': ['GET', 'POST', 'PUT', 'PATCH', 'DELETE', 'OPTIONS'], 'CSRF_COOKIE_AGE': 31449600, 'CSRF_COOKIE_DOMAIN': None, 'CSRF_COOKIE_HTTPONLY': False, 'CSRF_COOKIE_NAME': 'csrftoken', 'CSRF_COOKIE_PATH': '/', 'CSRF_COOKIE_SAMESITE': 'Lax', 'CSRF_COOKIE_SECURE': False, 'CSRF_FAILURE_VIEW': 'django.views.csrf.csrf_failure', 'CSRF_HEADER_NAME': 'HTTP_X_CSRFTOKEN', 'CSRF_TRUSTED_ORIGINS': [], 'CSRF_USE_SESSIONS': False, 'DATABASES': {'default': {'ENGINE': 'django.db.backends.mysql', 'NAME': 'user_pokemon_management', 'USER': 'adam', 'PASSWORD': '********************', 'HOST': 'localhost', 'PORT': 3306, 'ATOMIC_REQUESTS': False, 'AUTOCOMMIT': True, 'CONN_MAX_AGE': 0, 'CONN_HEALTH_CHECKS': False, 'OPTIONS': {}, 'TIME_ZONE': None, 'TEST': {'CHARSET': None, 'COLLATION': None, 'MIGRATE': True, 'MIRROR': None, 'NAME': None}}}, 'DATABASE_ROUTERS': [], 'DATA_UPLOAD_MAX_MEMORY_SIZE': 2621440, 'DATA_UPLOAD_MAX_NUMBER_FIELDS': 1000, 'DATA_UPLOAD_MAX_NUMBER_FILES': 100, 'DATETIME_FORMAT': 'N j, Y, P', 'DATETIME_INPUT_FORMATS': ['%Y-%m-%d %H:%M:%S', '%Y-%m-%d %H:%M:%S.%f', '%Y-%m-%d %H:%M', '%m/%d/%Y %H:%M:%S', '%m/%d/%Y %H:%M:%S.%f', '%m/%d/%Y %H:%M', '%m/%d/%y %H:%M:%S', '%m/%d/%y %H:%M:%S.%f', '%m/%d/%y %H:%M'], 'DATE_FORMAT': 'N j, Y', 'DATE_INPUT_FORMATS': ['%Y-%m-%d', '%m/%d/%Y', '%m/%d/%y', '%b %d %Y', '%b %d, %Y', '%d %b %Y', '%d %b, %Y', '%B %d %Y', '%B %d, %Y', '%d %B %Y', '%d %B, %Y'], 'DEBUG': True, 'DEBUG_PROPAGATE_EXCEPTIONS': False, 'DECIMAL_SEPARATOR': '.', 'DEFAULT_AUTO_FIELD': 'django.db.models.AutoField', 'DEFAULT_CHARSET': 'utf-8', 'DEFAULT_EXCEPTION_REPORTER': 'django.views.debug.ExceptionReporter', 'DEFAULT_EXCEPTION_REPORTER_FILTER': 'django.views.debug.SafeExceptionReporterFilter', 'DEFAULT_FILE_STORAGE': 'django.core.files.storage.FileSystemStorage', 'DEFAULT_FROM_EMAIL': 'webmaster@localhost', 'DEFAULT_INDEX_TABLESPACE': '', 'DEFAULT_TABLESPACE': '', 'DISALLOWED_USER_AGENTS': [], 'EMAIL_BACKEND': 'django.core.mail.backends.smtp.EmailBackend', 'EMAIL_HOST': 'localhost', 'EMAIL_HOST_PASSWORD': '********************', 'EMAIL_HOST_USER': '', 'EMAIL_PORT': 25, 'EMAIL_SSL_CERTFILE': None, 'EMAIL_SSL_KEYFILE': '********************', 'EMAIL_SUBJECT_PREFIX': '[Django] ', 'EMAIL_TIMEOUT': None, 'EMAIL_USE_LOCALTIME': False, 'EMAIL_USE_SSL': False, 'EMAIL_USE_TLS': False, 'FILE_UPLOAD_DIRECTORY_PERMISSIONS': None, 'FILE_UPLOAD_HANDLERS': ['django.core.files.uploadhandler.MemoryFileUploadHandler', 'django.core.files.uploadhandler.TemporaryFileUploadHandler'], 'FILE_UPLOAD_MAX_MEMORY_SIZE': 2621440, 'FILE_UPLOAD_PERMISSIONS': 420, 'FILE_UPLOAD_TEMP_DIR': None, 'FIRST_DAY_OF_WEEK': 0, 'FIXTURE_DIRS': [], 'FORCE_SCRIPT_NAME': None, 'FORMAT_MODULE_PATH': None, 'FORMS_URLFIELD_ASSUME_HTTPS': False, 'FORM_RENDERER': 'django.forms.renderers.DjangoTemplates', 'IGNORABLE_404_URLS': [], 'INSTALLED_APPS': ['corsheaders', 'reader', 'storage', 'rest_framework'], 'INTERNAL_IPS': [], 'JWT_SECRET': '********************', 'LANGUAGES': [('af', 'Afrikaans'), ('ar', 'Arabic'), ('ar-dz', 'Algerian Arabic'), ('ast', 'Asturian'), ('az', 'Azerbaijani'), ('bg', 'Bulgarian'), ('be', 'Belarusian'), ('bn', 'Bengali'), ('br', 'Breton'), ('bs', 'Bosnian'), ('ca', 'Catalan'), ('ckb', 'Central Kurdish (Sorani)'), ('cs', 'Czech'), ('cy', 'Welsh'), ('da', 'Danish'), ('de', 'German'), ('dsb', 'Lower Sorbian'), ('el', 'Greek'), ('en', 'English'), ('en-au', 'Australian English'), ('en-gb', 'British English'), ('eo', 'Esperanto'), ('es', 'Spanish'), ('es-ar', 'Argentinian Spanish'), ('es-co', 'Colombian Spanish'), ('es-mx', 'Mexican Spanish'), ('es-ni', 'Nicaraguan Spanish'), ('es-ve', 'Venezuelan Spanish'), ('et', 'Estonian'), ('eu', 'Basque'), ('fa', 'Persian'), ('fi', 'Finnish'), ('fr', 'French'), ('fy', 'Frisian'), ('ga', 'Irish'), ('gd', 'Scottish Gaelic'), ('gl', 'Galician'), ('he', 'Hebrew'), ('hi', 'Hindi'), ('hr', 'Croatian'), ('hsb', 'Upper Sorbian'), ('hu', 'Hungarian'), ('hy', 'Armenian'), ('ia', 'Interlingua'), ('id', 'Indonesian'), ('ig', 'Igbo'), ('io', 'Ido'), ('is', 'Icelandic'), ('it', 'Italian'), ('ja', 'Japanese'), ('ka', 'Georgian'), ('kab', 'Kabyle'), ('kk', 'Kazakh'), ('km', 'Khmer'), ('kn', 'Kannada'), ('ko', 'Korean'), ('ky', 'Kyrgyz'), ('lb', 'Luxembourgish'), ('lt', 'Lithuanian'), ('lv', 'Latvian'), ('mk', 'Macedonian'), ('ml', 'Malayalam'), ('mn', 'Mongolian'), ('mr', 'Marathi'), ('ms', 'Malay'), ('my', 'Burmese'), ('nb', 'Norwegian Bokmål'), ('ne', 'Nepali'), ('nl', 'Dutch'), ('nn', 'Norwegian Nynorsk'), ('os', 'Ossetic'), ('pa', 'Punjabi'), ('pl', 'Polish'), ('pt', 'Portuguese'), ('pt-br', 'Brazilian Portuguese'), ('ro', 'Romanian'), ('ru', 'Russian'), ('sk', 'Slovak'), ('sl', 'Slovenian'), ('sq', 'Albanian'), ('sr', 'Serbian'), ('sr-latn', 'Serbian Latin'), ('sv', 'Swedish'), ('sw', 'Swahili'), ('ta', 'Tamil'), ('te', 'Telugu'), ('tg', 'Tajik'), ('th', 'Thai'), ('tk', 'Turkmen'), ('tr', 'Turkish'), ('tt', 'Tatar'), ('udm', 'Udmurt'), ('ug', 'Uyghur'), ('uk', 'Ukrainian'), ('ur', 'Urdu'), ('uz', 'Uzbek'), ('vi', 'Vietnamese'), ('zh-hans', 'Simplified Chinese'), ('zh-hant', 'Traditional Chinese')], 'LANGUAGES_BIDI': ['he', 'ar', 'ar-dz', 'ckb', 'fa', 'ug', 'ur'], 'LANGUAGE_CODE': 'en-us', 'LANGUAGE_COOKIE_AGE': None, 'LANGUAGE_COOKIE_DOMAIN': None, 'LANGUAGE_COOKIE_HTTPONLY': False, 'LANGUAGE_COOKIE_NAME': 'django_language', 'LANGUAGE_COOKIE_PATH': '/', 'LANGUAGE_COOKIE_SAMESITE': None, 'LANGUAGE_COOKIE_SECURE': False, 'LOCALE_PATHS': [], 'LOGGING': {'version': 1, 'formatters': {'detailed': {'format': '%(asctime)s - %(levelname)s - %(module)s - %(message)s', 'datefmt': '%Y-%m-%d %H:%M:%S'}}, 'filters': {'add_trace_id': {'()': 'storage.logging_filters.AddTraceIDFilter'}}, 'handlers': {'console': {'class': 'logging.StreamHandler', 'level': 'DEBUG', 'formatter': 'detailed', 'stream': 'ext://sys.stdout'}, 'file': {'class': 'logging.FileHandler', 'level': 'DEBUG', 'formatter': 'detailed', 'filters': ['add_trace_id'], 'filename': 'reader/app.log'}}, 'loggers': {'basicLogger': {'level': 'DEBUG', 'handlers': ['console', 'file'], 'propagate': False}, 'django': {'level': 'DEBUG', 'handlers': ['console', 'file'], 'propagate': False}}, 'root': {'level': 'DEBUG', 'handlers': ['console', 'file']}}, 'LOGGING_CONFIG': None, 'LOGIN_REDIRECT_URL': '/accounts/profile/', 'LOGIN_URL': '/accounts/login/', 'LOGOUT_REDIRECT_URL': None, 'MANAGERS': [], 'MEDIA_ROOT': '', 'MEDIA_URL': '/', 'MESSAGE_STORAGE': 'django.contrib.messages.storage.fallback.FallbackStorage', 'MIDDLEWARE': ['corsheaders.middleware.CorsMiddleware', 'django.middleware.security.SecurityMiddleware', 'django.middleware.common.CommonMiddleware', 'django.middleware.csrf.CsrfViewMiddleware'], 'MIGRATION_MODULES': {}, 'MONTH_DAY_FORMAT': 'F j', 'NUMBER_GROUPING': 0, 'PASSWORD_HASHERS': '********************', 'PASSWORD_RESET_TIMEOUT': '********************', 'PREPEND_WWW': False, 'REST_FRAMEWORK': {'DEFAULT_RENDERER_CLASSES': ('rest_framework.renderers.JSONRenderer',), 'DEFAULT_PARSER_CLASSES': ('rest_framework.parsers.JSONParser',)}, 'ROOT_URLCONF': 'reader.urls', 'SECRET_KEY': '********************', 'SECRET_KEY_FALLBACKS': '********************', 'SECURE_CONTENT_TYPE_NOSNIFF': True, 'SECURE_CROSS_ORIGIN_OPENER_POLICY': 'same-origin', 'SECURE_HSTS_INCLUDE_SUBDOMAINS': False, 'SECURE_HSTS_PRELOAD': False, 'SECURE_HSTS_SECONDS': 0, 'SECURE_PROXY_SSL_HEADER': None, 'SECURE_REDIRECT_EXEMPT': [], 'SECURE_REFERRER_POLICY': 'same-origin', 'SECURE_SSL_HOST': None, 'SECURE_SSL_REDIRECT': False, 'SERVER_EMAIL': 'root@localhost', 'SESSION_CACHE_ALIAS': 'default', 'SESSION_COOKIE_AGE': 1209600, 'SESSION_COOKIE_DOMAIN': None, 'SESSION_COOKIE_HTTPONLY': True, 'SESSION_COOKIE_NAME': 'sessionid', 'SESSION_COOKIE_PATH': '/', 'SESSION_COOKIE_SAMESITE': 'Lax', 'SESSION_COOKIE_SECURE': False, 'SESSION_ENGINE': 'django.contrib.sessions.backends.db', 'SESSION_EXPIRE_AT_BROWSER_CLOSE': False, 'SESSION_FILE_PATH': None, 'SESSION_SAVE_EVERY_REQUEST': False, 'SESSION_SERIALIZER': 'django.contrib.sessions.serializers.JSONSerializer', 'SETTINGS_MODULE': 'reader.settings', 'SHORT_DATETIME_FORMAT': 'm/d/Y P', 'SHORT_DATE_FORMAT': 'm/d/Y', 'SIGNING_BACKEND': 'django.core.signing.TimestampSigner', 'SILENCED_SYSTEM_CHECKS': [], 'STATICFILES_DIRS': [], 'STATICFILES_FINDERS': ['django.contrib.staticfiles.finders.FileSystemFinder', 'django.contrib.staticfiles.finders.AppDirectoriesFinder'], 'STATICFILES_STORAGE': 'django.contrib.staticfiles.storage.StaticFilesStorage', 'STATIC_ROOT': None, 'STATIC_URL': '/static/', 'STORAGES': {'default': {'BACKEND': 'django.core.files.storage.FileSystemStorage'}, 'staticfiles': {'BACKEND': 'django.contrib.staticfiles.storage.StaticFilesStorage'}}, 'TEMPLATES': [], 'TEST_NON_SERIALIZED_APPS': [], 'TEST_RUNNER': 'django.test.runner.DiscoverRunner', 'THOUSAND_SEPARATOR': ',', 'TIME_FORMAT': 'P', 'TIME_INPUT_FORMATS': ['%H:%M:%S', '%H:%M:%S.%f', '%H:%M'], 'TIME_ZONE': 'America/Chicago', 'USE_I18N': True, 'USE_THOUSAND_SEPARATOR': False, 'USE_TZ': True, 'USE_X_FORWARDED_HOST': False, 'USE_X_FORWARDED_PORT': False, 'WSGI_APPLICATION': None, 'X_FRAME_OPTIONS': 'DENY', 'YEAR_MONTH_FORMAT': 'F Y'}, 'sys_executable': 'C:\\Users\\Captain Monk\\.pyenv\\pyenv-win\\versions\\3.10.0\\python.exe', 'sys_version_info': '3.10.0', 'server_time': datetime.datetime(2024, 7, 15, 20, 46, 25, 673407, tzinfo=datetime.timezone.utc), 'django_version_info': '5.0.4', 'sys_path': ['A:\\Visual-Studio-Code\\Go\\user_pokemon_management', 'C:\\Users\\Captain Monk\\.pyenv\\pyenv-win\\versions\\3.10.0\\python310.zip', 'C:\\Users\\Captain Monk\\.pyenv\\pyenv-win\\versions\\3.10.0\\DLLs', 'C:\\Users\\Captain Monk\\.pyenv\\pyenv-win\\versions\\3.10.0\\lib', 'C:\\Users\\Captain Monk\\.pyenv\\pyenv-win\\versions\\3.10.0', 'C:\\Users\\Captain Monk\\.pyenv\\pyenv-win\\versions\\3.10.0\\lib\\site-packages', 'C:\\Users\\Captain Monk\\.pyenv\\pyenv-win\\versions\\3.10.0\\lib\\site-packages\\win32', 'C:\\Users\\Captain Monk\\.pyenv\\pyenv-win\\versions\\3.10.0\\lib\\site-packages\\win32\\lib', 'C:\\Users\\Captain Monk\\.pyenv\\pyenv-win\\versions\\3.10.0\\lib\\site-packages\\Pythonwin'], 'template_info': None, 'template_does_not_exist': False, 'postmortem': None, 'request_GET_items': <generator object MultiValueDict.items at 0x0000024F46892C00>, 'request_FILES_items': <generator object MultiValueDict.items at 0x0000024F469B2B20>, 'request_insecure_uri': 'http://localhost:3005/api/ownershipData/663d6760537fa61b79ac8bab', 'raising_view_name': 'reader.views.UserPokemonList', 'exception_type': 'RuntimeError', 'exception_value': "Model class django.contrib.contenttypes.models.ContentType doesn't declare an explicit app_label and isn't in an application in INSTALLED_APPS.", 'lastframe': {'exc_cause': None, 'exc_cause_explicit': None, 'tb': <traceback object at 0x0000024F468B0740>, 'type': 'django', 'filename': 'C:\\Users\\Captain Monk\\.pyenv\\pyenv-win\\versions\\3.10.0\\lib\\site-packages\\django\\db\\models\\base.py', 'function': '__new__', 'lineno': 134, 'vars': [('cls', "<class 'django.db.models.base.ModelBase'>"), ('name', "'ContentType'"), ('bases', "(<class 'django.db.models.base.Model'>,)"), ('attrs', "{'__qualname__': 'ContentType',\n '__str__': <function ContentType.__str__ at 0x0000024F468ADBD0>,\n 'app_label': <django.db.models.fields.CharField>,\n 'app_labeled_name': <property object at 0x0000024F4689F8D0>,\n 'get_all_objects_for_this_type': <function ContentType.get_all_objects_for_this_type at 0x0000024F468ADEA0>,\n 'get_object_for_this_type': <function ContentType.get_object_for_this_type at 0x0000024F468ADE10>,\n 'model': <django.db.models.fields.CharField>,\n 'model_class': <function ContentType.model_class at 0x0000024F468ADD80>,\n 'name': <property object at 0x0000024F4689F880>,\n 'natural_key': <function ContentType.natural_key at 0x0000024F468ADF30>,\n 'objects': <django.contrib.contenttypes.models.ContentTypeManager object at 0x0000024F4688AF80>}"), ('kwargs', '{}'), ('super_new', '<built-in method __new__ of type object at 0x00007FFED02DA920>'), ('parents', "[<class 'django.db.models.base.Model'>]"), ('module', "'django.contrib.contenttypes.models'"), ('new_attrs', "{'__module__': 'django.contrib.contenttypes.models',\n '__qualname__': 'ContentType',\n '__str__': <function ContentType.__str__ at 0x0000024F468ADBD0>,\n 'app_labeled_name': <property object at 0x0000024F4689F8D0>,\n 'get_all_objects_for_this_type': <function ContentType.get_all_objects_for_this_type at 0x0000024F468ADEA0>,\n 'get_object_for_this_type': <function ContentType.get_object_for_this_type at 0x0000024F468ADE10>,\n 'model_class': <function ContentType.model_class at 0x0000024F468ADD80>,\n 'name': <property object at 0x0000024F4689F880>,\n 'natural_key': <function ContentType.natural_key at 0x0000024F468ADF30>}"), ('classcell', 'None'), ('attr_meta', "<class 'django.contrib.contenttypes.models.ContentType.Meta'>"), ('contributable_attrs', "{'app_label': <django.db.models.fields.CharField>,\n 'model': <django.db.models.fields.CharField>,\n 'objects': <django.contrib.contenttypes.models.ContentTypeManager object at 0x0000024F4688AF80>}"), ('obj_name', "'natural_key'"), ('obj', '<function ContentType.natural_key at 0x0000024F468ADF30>'), ('new_class', "<class 'django.contrib.contenttypes.models.ContentType'>"), ('abstract', 'False'), ('meta', "<class 'django.contrib.contenttypes.models.ContentType.Meta'>"), ('base_meta', 'None'), ('app_label', 'None'), ('app_config', 'None'), ('__class__', "<class 'django.db.models.base.ModelBase'>")], 'id': 2539509188416, 'pre_context': ['', '        # Look for an application configuration to attach the model to.', '        app_config = apps.get_containing_app_config(module)', '', '        if getattr(meta, "app_label", None) is None:', '            if app_config is None:', '                if not abstract:'], 'context_line': '                    raise RuntimeError(', 'post_context': ['                        "Model class %s.%s doesn\'t declare an explicit "', '                        "app_label and isn\'t in an application in "', '                        "INSTALLED_APPS." % (module, name)', '                    )', '', '            else:'], 'pre_context_lineno': 127, 'colno': '', 'tb_area_colno': ''}}]
2024-07-15 13:46:25 - DEBUG - base - Exception while resolving variable 'exception_notes' in template 'unknown'.
Traceback (most recent call last):
  File "C:\Users\Captain Monk\.pyenv\pyenv-win\versions\3.10.0\lib\site-packages\django\core\handlers\exception.py", line 55, in inner
    response = get_response(request)
  File "C:\Users\Captain Monk\.pyenv\pyenv-win\versions\3.10.0\lib\site-packages\django\core\handlers\base.py", line 197, in _get_response
    response = wrapped_callback(request, *callback_args, **callback_kwargs)
  File "C:\Users\Captain Monk\.pyenv\pyenv-win\versions\3.10.0\lib\site-packages\django\views\decorators\csrf.py", line 65, in _view_wrapper
    return view_func(request, *args, **kwargs)
  File "C:\Users\Captain Monk\.pyenv\pyenv-win\versions\3.10.0\lib\site-packages\django\views\generic\base.py", line 104, in view
    return self.dispatch(request, *args, **kwargs)
  File "C:\Users\Captain Monk\.pyenv\pyenv-win\versions\3.10.0\lib\site-packages\rest_framework\views.py", line 509, in dispatch
    response = self.handle_exception(exc)
  File "C:\Users\Captain Monk\.pyenv\pyenv-win\versions\3.10.0\lib\site-packages\rest_framework\views.py", line 469, in handle_exception
    self.raise_uncaught_exception(exc)
  File "C:\Users\Captain Monk\.pyenv\pyenv-win\versions\3.10.0\lib\site-packages\rest_framework\views.py", line 480, in raise_uncaught_exception
    raise exc
  File "C:\Users\Captain Monk\.pyenv\pyenv-win\versions\3.10.0\lib\site-packages\rest_framework\views.py", line 497, in dispatch
    self.initial(request, *args, **kwargs)
  File "C:\Users\Captain Monk\.pyenv\pyenv-win\versions\3.10.0\lib\site-packages\rest_framework\views.py", line 414, in initial
    self.perform_authentication(request)
  File "C:\Users\Captain Monk\.pyenv\pyenv-win\versions\3.10.0\lib\site-packages\rest_framework\views.py", line 324, in perform_authentication
    request.user
  File "C:\Users\Captain Monk\.pyenv\pyenv-win\versions\3.10.0\lib\site-packages\rest_framework\request.py", line 231, in user
    self._authenticate()
  File "C:\Users\Captain Monk\.pyenv\pyenv-win\versions\3.10.0\lib\site-packages\rest_framework\request.py", line 394, in _authenticate
    self._not_authenticated()
  File "C:\Users\Captain Monk\.pyenv\pyenv-win\versions\3.10.0\lib\site-packages\rest_framework\request.py", line 404, in _not_authenticated
    if api_settings.UNAUTHENTICATED_USER:
  File "C:\Users\Captain Monk\.pyenv\pyenv-win\versions\3.10.0\lib\site-packages\rest_framework\settings.py", line 227, in __getattr__
    val = perform_import(val, attr)
  File "C:\Users\Captain Monk\.pyenv\pyenv-win\versions\3.10.0\lib\site-packages\rest_framework\settings.py", line 168, in perform_import
    return import_from_string(val, setting_name)
  File "C:\Users\Captain Monk\.pyenv\pyenv-win\versions\3.10.0\lib\site-packages\rest_framework\settings.py", line 179, in import_from_string
    return import_string(val)
  File "C:\Users\Captain Monk\.pyenv\pyenv-win\versions\3.10.0\lib\site-packages\django\utils\module_loading.py", line 30, in import_string
    return cached_import(module_path, class_name)
  File "C:\Users\Captain Monk\.pyenv\pyenv-win\versions\3.10.0\lib\site-packages\django\utils\module_loading.py", line 15, in cached_import
    module = import_module(module_path)
  File "C:\Users\Captain Monk\.pyenv\pyenv-win\versions\3.10.0\lib\importlib\__init__.py", line 126, in import_module
    return _bootstrap._gcd_import(name[level:], package, level)
  File "<frozen importlib._bootstrap>", line 1050, in _gcd_import
  File "<frozen importlib._bootstrap>", line 1027, in _find_and_load
  File "<frozen importlib._bootstrap>", line 1006, in _find_and_load_unlocked
  File "<frozen importlib._bootstrap>", line 688, in _load_unlocked
  File "<frozen importlib._bootstrap_external>", line 883, in exec_module
  File "<frozen importlib._bootstrap>", line 241, in _call_with_frames_removed
  File "C:\Users\Captain Monk\.pyenv\pyenv-win\versions\3.10.0\lib\site-packages\django\contrib\auth\models.py", line 5, in <module>
    from django.contrib.contenttypes.models import ContentType
  File "C:\Users\Captain Monk\.pyenv\pyenv-win\versions\3.10.0\lib\site-packages\django\contrib\contenttypes\models.py", line 139, in <module>
    class ContentType(models.Model):
  File "C:\Users\Captain Monk\.pyenv\pyenv-win\versions\3.10.0\lib\site-packages\django\db\models\base.py", line 134, in __new__
    raise RuntimeError(
RuntimeError: Model class django.contrib.contenttypes.models.ContentType doesn't declare an explicit app_label and isn't in an application in INSTALLED_APPS.

During handling of the above exception, another exception occurred:

Traceback (most recent call last):
  File "C:\Users\Captain Monk\.pyenv\pyenv-win\versions\3.10.0\lib\site-packages\django\template\base.py", line 875, in _resolve_lookup
    current = current[bit]
  File "C:\Users\Captain Monk\.pyenv\pyenv-win\versions\3.10.0\lib\site-packages\django\template\context.py", line 83, in __getitem__
    raise KeyError(key)
KeyError: 'exception_notes'

During handling of the above exception, another exception occurred:

Traceback (most recent call last):
  File "C:\Users\Captain Monk\.pyenv\pyenv-win\versions\3.10.0\lib\site-packages\django\template\base.py", line 881, in _resolve_lookup
    if isinstance(current, BaseContext) and getattr(
AttributeError: type object 'Context' has no attribute 'exception_notes'

During handling of the above exception, another exception occurred:

Traceback (most recent call last):
  File "C:\Users\Captain Monk\.pyenv\pyenv-win\versions\3.10.0\lib\site-packages\django\template\base.py", line 891, in _resolve_lookup
    current = current[int(bit)]
ValueError: invalid literal for int() with base 10: 'exception_notes'

During handling of the above exception, another exception occurred:

Traceback (most recent call last):
  File "C:\Users\Captain Monk\.pyenv\pyenv-win\versions\3.10.0\lib\site-packages\django\template\base.py", line 898, in _resolve_lookup
    raise VariableDoesNotExist(
django.template.base.VariableDoesNotExist: Failed lookup for key [exception_notes] in [{'True': True, 'False': False, 'None': None}, {'is_email': False, 'unicode_hint': '', 'frames': [{'exc_cause': None, 'exc_cause_explicit': None, 'tb': <traceback object at 0x0000024F468B0B00>, 'type': 'django', 'filename': 'C:\\Users\\Captain Monk\\.pyenv\\pyenv-win\\versions\\3.10.0\\lib\\site-packages\\django\\core\\handlers\\exception.py', 'function': 'inner', 'lineno': 55, 'vars': [('request', "<WSGIRequest: GET '/api/ownershipData/663d6760537fa61b79ac8bab'>"), ('exc', 'RuntimeError("Model class django.contrib.contenttypes.models.ContentType doesn\'t declare an explicit app_label and isn\'t in an application in INSTALLED_APPS.")'), ('get_response', '<bound method BaseHandler._get_response of <django.core.handlers.wsgi.WSGIHandler object at 0x0000024F45497220>>')], 'id': 2539509189376, 'pre_context': ['', '        return inner', '    else:', '', '        @wraps(get_response)', '        def inner(request):', '            try:'], 'context_line': '                response = get_response(request)', 'post_context': ['            except Exception as exc:', '                response = response_for_exception(request, exc)', '            return response', '', '        return inner', ''], 'pre_context_lineno': 48, 'colno': '', 'tb_area_colno': ''}, {'exc_cause': None, 'exc_cause_explicit': None, 'tb': <traceback object at 0x0000024F468B0AC0>, 'type': 'django', 'filename': 'C:\\Users\\Captain Monk\\.pyenv\\pyenv-win\\versions\\3.10.0\\lib\\site-packages\\django\\core\\handlers\\base.py', 'function': '_get_response', 'lineno': 197, 'vars': [('self', '<django.core.handlers.wsgi.WSGIHandler object at 0x0000024F45497220>'), ('request', "<WSGIRequest: GET '/api/ownershipData/663d6760537fa61b79ac8bab'>"), ('response', 'None'), ('callback', '<function View.as_view.<locals>.view at 0x0000024F465B5510>'), ('callback_args', '()'), ('callback_kwargs', "{'user_id': '663d6760537fa61b79ac8bab'}"), ('middleware_method', '<bound method CsrfViewMiddleware.process_view of <CsrfViewMiddleware get_response=BaseHandler._get_response>>'), ('wrapped_callback', '<function View.as_view.<locals>.view at 0x0000024F465B5510>')], 'id': 2539509189312, 'pre_context': ['', '        if response is None:', '            wrapped_callback = self.make_view_atomic(callback)', '            # If it is an asynchronous view, run it in a subthread.', '            if iscoroutinefunction(wrapped_callback):', '                wrapped_callback = async_to_sync(wrapped_callback)', '            try:'], 'context_line': '                response = wrapped_callback(request, *callback_args, **callback_kwargs)', 'post_context': ['            except Exception as e:', '                response = self.process_exception_by_middleware(e, request)', '                if response is None:', '                    raise', '', '        # Complain if the view returned None (a common error).'], 'pre_context_lineno': 190, 'colno': '', 'tb_area_colno': ''}, {'exc_cause': None, 'exc_cause_explicit': None, 'tb': <traceback object at 0x0000024F468B0A80>, 'type': 'django', 'filename': 'C:\\Users\\Captain Monk\\.pyenv\\pyenv-win\\versions\\3.10.0\\lib\\site-packages\\django\\views\\decorators\\csrf.py', 'function': '_view_wrapper', 'lineno': 65, 'vars': [('request', "<WSGIRequest: GET '/api/ownershipData/663d6760537fa61b79ac8bab'>"), ('args', '()'), ('kwargs', "{'user_id': '663d6760537fa61b79ac8bab'}"), ('view_func', '<function View.as_view.<locals>.view at 0x0000024F465B5360>')], 'id': 2539509189248, 'pre_context': ['', '        async def _view_wrapper(request, *args, **kwargs):', '            return await view_func(request, *args, **kwargs)', '', '    else:', '', '        def _view_wrapper(request, *args, **kwargs):'], 'context_line': '            return view_func(request, *args, **kwargs)', 'post_context': ['', '    _view_wrapper.csrf_exempt = True', '', '    return wraps(view_func)(_view_wrapper)'], 'pre_context_lineno': 58, 'colno': '', 'tb_area_colno': ''}, {'exc_cause': None, 'exc_cause_explicit': None, 'tb': <traceback object at 0x0000024F46821A40>, 'type': 'django', 'filename': 'C:\\Users\\Captain Monk\\.pyenv\\pyenv-win\\versions\\3.10.0\\lib\\site-packages\\django\\views\\generic\\base.py', 'function': 'view', 'lineno': 104, 'vars': [('request', "<WSGIRequest: GET '/api/ownershipData/663d6760537fa61b79ac8bab'>"), ('args', '()'), ('kwargs', "{'user_id': '663d6760537fa61b79ac8bab'}"), ('self', '<reader.views.UserPokemonList object at 0x0000024F46836290>'), ('cls', "<class 'reader.views.UserPokemonList'>"), ('initkwargs', '{}')], 'id': 2539508603456, 'pre_context': ['            self = cls(**initkwargs)', '            self.setup(request, *args, **kwargs)', '            if not hasattr(self, "request"):', '                raise AttributeError(', '                    "%s instance has no \'request\' attribute. Did you override "', '                    "setup() and forget to call super()?" % cls.__name__', '                )'], 'context_line': '            return self.dispatch(request, *args, **kwargs)', 'post_context': ['', '        view.view_class = cls', '        view.view_initkwargs = initkwargs', '', '        # __name__ and __qualname__ are intentionally left unchanged as', '        # view_class should be used to robustly determine the name of the view'], 'pre_context_lineno': 97, 'colno': '', 'tb_area_colno': ''}, {'exc_cause': None, 'exc_cause_explicit': None, 'tb': <traceback object at 0x0000024F468B0A40>, 'type': 'user', 'filename': 'C:\\Users\\Captain Monk\\.pyenv\\pyenv-win\\versions\\3.10.0\\lib\\site-packages\\rest_framework\\views.py', 'function': 'dispatch', 'lineno': 509, 'vars': [('self', '<reader.views.UserPokemonList object at 0x0000024F46836290>'), ('request', "<rest_framework.request.Request: GET '/api/ownershipData/663d6760537fa61b79ac8bab'>"), ('args', '()'), ('kwargs', "{'user_id': '663d6760537fa61b79ac8bab'}")], 'id': 2539509189184, 'pre_context': ['                                  self.http_method_not_allowed)', '            else:', '                handler = self.http_method_not_allowed', '', '            response = handler(request, *args, **kwargs)', '', '        except Exception as exc:'], 'context_line': '            response = self.handle_exception(exc)', 'post_context': ['', '        self.response = self.finalize_response(request, response, *args, **kwargs)', '        return self.response', '', '    def options(self, request, *args, **kwargs):', '        """'], 'pre_context_lineno': 502, 'colno': '', 'tb_area_colno': ''}, {'exc_cause': None, 'exc_cause_explicit': None, 'tb': <traceback object at 0x0000024F468B0980>, 'type': 'user', 'filename': 'C:\\Users\\Captain Monk\\.pyenv\\pyenv-win\\versions\\3.10.0\\lib\\site-packages\\rest_framework\\views.py', 'function': 'handle_exception', 'lineno': 469, 'vars': [('self', '<reader.views.UserPokemonList object at 0x0000024F46836290>'), ('exc', 'RuntimeError("Model class django.contrib.contenttypes.models.ContentType doesn\'t declare an explicit app_label and isn\'t in an application in INSTALLED_APPS.")'), ('exception_handler', '<function exception_handler at 0x0000024F466B3C70>'), ('context', "{'args': (),\n 'kwargs': {'user_id': '663d6760537fa61b79ac8bab'},\n 'request': <rest_framework.request.Request: GET '/api/ownershipData/663d6760537fa61b79ac8bab'>,\n 'view': <reader.views.UserPokemonList object at 0x0000024F46836290>}"), ('response', 'None')], 'id': 2539509188992, 'pre_context': ['', '        exception_handler = self.get_exception_handler()', '', '        context = self.get_exception_handler_context()', '        response = exception_handler(exc, context)', '', '        if response is None:'], 'context_line': '            self.raise_uncaught_exception(exc)', 'post_context': ['', '        response.exception = True', '        return response', '', '    def raise_uncaught_exception(self, exc):', '        if settings.DEBUG:'], 'pre_context_lineno': 462, 'colno': '', 'tb_area_colno': ''}, {'exc_cause': None, 'exc_cause_explicit': None, 'tb': <traceback object at 0x0000024F468B09C0>, 'type': 'user', 'filename': 'C:\\Users\\Captain Monk\\.pyenv\\pyenv-win\\versions\\3.10.0\\lib\\site-packages\\rest_framework\\views.py', 'function': 'raise_uncaught_exception', 'lineno': 480, 'vars': [('self', '<reader.views.UserPokemonList object at 0x0000024F46836290>'), ('exc', 'RuntimeError("Model class django.contrib.contenttypes.models.ContentType doesn\'t declare an explicit app_label and isn\'t in an application in INSTALLED_APPS.")'), ('request', "<rest_framework.request.Request: GET '/api/ownershipData/663d6760537fa61b79ac8bab'>"), ('renderer_format', "'json'"), ('use_plaintext_traceback', 'True')], 'id': 2539509189056, 'pre_context': ['', '    def raise_uncaught_exception(self, exc):', '        if settings.DEBUG:', '            request = self.request', "            renderer_format = getattr(request.accepted_renderer, 'format')", "            use_plaintext_traceback = renderer_format not in ('html', 'api', 'admin')", '            request.force_plaintext_errors(use_plaintext_traceback)'], 'context_line': '        raise exc', 'post_context': ['', '    # Note: Views are made CSRF exempt from within `as_view` as to prevent', '    # accidental removal of this exemption in cases where `dispatch` needs to', '    # be overridden.', '    def dispatch(self, request, *args, **kwargs):', '        """'], 'pre_context_lineno': 473, 'colno': '', 'tb_area_colno': ''}, {'exc_cause': None, 'exc_cause_explicit': None, 'tb': <traceback object at 0x0000024F46821B80>, 'type': 'user', 'filename': 'C:\\Users\\Captain Monk\\.pyenv\\pyenv-win\\versions\\3.10.0\\lib\\site-packages\\rest_framework\\views.py', 'function': 'dispatch', 'lineno': 497, 'vars': [('self', '<reader.views.UserPokemonList object at 0x0000024F46836290>'), ('request', "<rest_framework.request.Request: GET '/api/ownershipData/663d6760537fa61b79ac8bab'>"), ('args', '()'), ('kwargs', "{'user_id': '663d6760537fa61b79ac8bab'}")], 'id': 2539508603776, 'pre_context': ['        self.args = args', '        self.kwargs = kwargs', '        request = self.initialize_request(request, *args, **kwargs)', '        self.request = request', '        self.headers = self.default_response_headers  # deprecate?', '', '        try:'], 'context_line': '            self.initial(request, *args, **kwargs)', 'post_context': ['', '            # Get the appropriate handler method', '            if request.method.lower() in self.http_method_names:', '                handler = getattr(self, request.method.lower(),', '                                  self.http_method_not_allowed)', '            else:'], 'pre_context_lineno': 490, 'colno': '', 'tb_area_colno': ''}, {'exc_cause': None, 'exc_cause_explicit': None, 'tb': <traceback object at 0x0000024F468B0A00>, 'type': 'user', 'filename': 'C:\\Users\\Captain Monk\\.pyenv\\pyenv-win\\versions\\3.10.0\\lib\\site-packages\\rest_framework\\views.py', 'function': 'initial', 'lineno': 414, 'vars': [('self', '<reader.views.UserPokemonList object at 0x0000024F46836290>'), ('request', "<rest_framework.request.Request: GET '/api/ownershipData/663d6760537fa61b79ac8bab'>"), ('args', '()'), ('kwargs', "{'user_id': '663d6760537fa61b79ac8bab'}"), ('neg', "(<rest_framework.renderers.JSONRenderer object at 0x0000024F46836320>,\n 'application/json')"), ('version', 'None'), ('scheme', 'None')], 'id': 2539509189120, 'pre_context': ['        request.accepted_renderer, request.accepted_media_type = neg', '', '        # Determine the API version, if versioning is in use.', '        version, scheme = self.determine_version(request, *args, **kwargs)', '        request.version, request.versioning_scheme = version, scheme', '', '        # Ensure that the incoming request is permitted'], 'context_line': '        self.perform_authentication(request)', 'post_context': ['        self.check_permissions(request)', '        self.check_throttles(request)', '', '    def finalize_response(self, request, response, *args, **kwargs):', '        """', '        Returns the final response object.'], 'pre_context_lineno': 407, 'colno': '', 'tb_area_colno': ''}, {'exc_cause': None, 'exc_cause_explicit': None, 'tb': <traceback object at 0x0000024F46863140>, 'type': 'user', 'filename': 'C:\\Users\\Captain Monk\\.pyenv\\pyenv-win\\versions\\3.10.0\\lib\\site-packages\\rest_framework\\views.py', 'function': 'perform_authentication', 'lineno': 324, 'vars': [('self', '<reader.views.UserPokemonList object at 0x0000024F46836290>'), ('request', "<rest_framework.request.Request: GET '/api/ownershipData/663d6760537fa61b79ac8bab'>")], 'id': 2539508871488, 'pre_context': ['        """', '        Perform authentication on the incoming request.', '', "        Note that if you override this and simply 'pass', then authentication", '        will instead be performed lazily, the first time either', '        `request.user` or `request.auth` is accessed.', '        """'], 'context_line': '        request.user', 'post_context': ['', '    def check_permissions(self, request):', '        """', '        Check if the request should be permitted.', '        Raises an appropriate exception if the request is not permitted.', '        """'], 'pre_context_lineno': 317, 'colno': '', 'tb_area_colno': ''}, {'exc_cause': None, 'exc_cause_explicit': None, 'tb': <traceback object at 0x0000024F450922C0>, 'type': 'user', 'filename': 'C:\\Users\\Captain Monk\\.pyenv\\pyenv-win\\versions\\3.10.0\\lib\\site-packages\\rest_framework\\request.py', 'function': 'user', 'lineno': 231, 'vars': [('self', "<rest_framework.request.Request: GET '/api/ownershipData/663d6760537fa61b79ac8bab'>")], 'id': 2539483898560, 'pre_context': ['    def user(self):', '        """', '        Returns the user associated with the current request, as authenticated', '        by the authentication classes provided to the request.', '        """', "        if not hasattr(self, '_user'):", '            with wrap_attributeerrors():'], 'context_line': '                self._authenticate()', 'post_context': ['        return self._user', '', '    @user.setter', '    def user(self, value):', '        """', '        Sets the user on the current request. This is necessary to maintain'], 'pre_context_lineno': 224, 'colno': '', 'tb_area_colno': ''}, {'exc_cause': None, 'exc_cause_explicit': None, 'tb': <traceback object at 0x0000024F46863200>, 'type': 'user', 'filename': 'C:\\Users\\Captain Monk\\.pyenv\\pyenv-win\\versions\\3.10.0\\lib\\site-packages\\rest_framework\\request.py', 'function': '_authenticate', 'lineno': 394, 'vars': [('self', "<rest_framework.request.Request: GET '/api/ownershipData/663d6760537fa61b79ac8bab'>"), ('authenticator', '<rest_framework.authentication.BasicAuthentication object at 0x0000024F46836650>'), ('user_auth_tuple', 'None')], 'id': 2539508871680, 'pre_context': ['                raise', '', '            if user_auth_tuple is not None:', '                self._authenticator = authenticator', '                self.user, self.auth = user_auth_tuple', '                return', ''], 'context_line': '        self._not_authenticated()', 'post_context': ['', '    def _not_authenticated(self):', '        """', '        Set authenticator, user & authtoken representing an unauthenticated request.', '', '        Defaults are None, AnonymousUser & None.'], 'pre_context_lineno': 387, 'colno': '', 'tb_area_colno': ''}, {'exc_cause': None, 'exc_cause_explicit': None, 'tb': <traceback object at 0x0000024F46863100>, 'type': 'user', 'filename': 'C:\\Users\\Captain Monk\\.pyenv\\pyenv-win\\versions\\3.10.0\\lib\\site-packages\\rest_framework\\request.py', 'function': '_not_authenticated', 'lineno': 404, 'vars': [('self', "<rest_framework.request.Request: GET '/api/ownershipData/663d6760537fa61b79ac8bab'>")], 'id': 2539508871424, 'pre_context': ['        """', '        Set authenticator, user & authtoken representing an unauthenticated request.', '', '        Defaults are None, AnonymousUser & None.', '        """', '        self._authenticator = None', ''], 'context_line': '        if api_settings.UNAUTHENTICATED_USER:', 'post_context': ['            self.user = api_settings.UNAUTHENTICATED_USER()', '        else:', '            self.user = None', '', '        if api_settings.UNAUTHENTICATED_TOKEN:', '            self.auth = api_settings.UNAUTHENTICATED_TOKEN()'], 'pre_context_lineno': 397, 'colno': '', 'tb_area_colno': ''}, {'exc_cause': None, 'exc_cause_explicit': None, 'tb': <traceback object at 0x0000024F468B0940>, 'type': 'user', 'filename': 'C:\\Users\\Captain Monk\\.pyenv\\pyenv-win\\versions\\3.10.0\\lib\\site-packages\\rest_framework\\settings.py', 'function': '__getattr__', 'lineno': 227, 'vars': [('self', '<rest_framework.settings.APISettings object at 0x0000024F46551420>'), ('attr', "'UNAUTHENTICATED_USER'"), ('val', "'django.contrib.auth.models.AnonymousUser'")], 'id': 2539509188928, 'pre_context': ['            val = self.user_settings[attr]', '        except KeyError:', '            # Fall back to defaults', '            val = self.defaults[attr]', '', '        # Coerce import strings into classes', '        if attr in self.import_strings:'], 'context_line': '            val = perform_import(val, attr)', 'post_context': ['', '        # Cache the result', '        self._cached_attrs.add(attr)', '        setattr(self, attr, val)', '        return val', ''], 'pre_context_lineno': 220, 'colno': '', 'tb_area_colno': ''}, {'exc_cause': None, 'exc_cause_explicit': None, 'tb': <traceback object at 0x0000024F468B07C0>, 'type': 'user', 'filename': 'C:\\Users\\Captain Monk\\.pyenv\\pyenv-win\\versions\\3.10.0\\lib\\site-packages\\rest_framework\\settings.py', 'function': 'perform_import', 'lineno': 168, 'vars': [('val', "'django.contrib.auth.models.AnonymousUser'"), ('setting_name', "'UNAUTHENTICATED_USER'")], 'id': 2539509188544, 'pre_context': ['    """', '    If the given setting is a string import notation,', '    then perform the necessary import or imports.', '    """', '    if val is None:', '        return None', '    elif isinstance(val, str):'], 'context_line': '        return import_from_string(val, setting_name)', 'post_context': ['    elif isinstance(val, (list, tuple)):', '        return [import_from_string(item, setting_name) for item in val]', '    return val', '', '', 'def import_from_string(val, setting_name):'], 'pre_context_lineno': 161, 'colno': '', 'tb_area_colno': ''}, {'exc_cause': None, 'exc_cause_explicit': None, 'tb': <traceback object at 0x0000024F468B0800>, 'type': 'user', 'filename': 'C:\\Users\\Captain Monk\\.pyenv\\pyenv-win\\versions\\3.10.0\\lib\\site-packages\\rest_framework\\settings.py', 'function': 'import_from_string', 'lineno': 179, 'vars': [('val', "'django.contrib.auth.models.AnonymousUser'"), ('setting_name', "'UNAUTHENTICATED_USER'")], 'id': 2539509188608, 'pre_context': ['', '', 'def import_from_string(val, setting_name):', '    """', '    Attempt to import a class from a string representation.', '    """', '    try:'], 'context_line': '        return import_string(val)', 'post_context': ['    except ImportError as e:', '        msg = "Could not import \'%s\' for API setting \'%s\'. %s: %s." % (val, setting_name, e.__class__.__name__, e)', '        raise ImportError(msg)', '', '', 'class APISettings:'], 'pre_context_lineno': 172, 'colno': '', 'tb_area_colno': ''}, {'exc_cause': None, 'exc_cause_explicit': None, 'tb': <traceback object at 0x0000024F468B0840>, 'type': 'django', 'filename': 'C:\\Users\\Captain Monk\\.pyenv\\pyenv-win\\versions\\3.10.0\\lib\\site-packages\\django\\utils\\module_loading.py', 'function': 'import_string', 'lineno': 30, 'vars': [('dotted_path', "'django.contrib.auth.models.AnonymousUser'"), ('module_path', "'django.contrib.auth.models'"), ('class_name', "'AnonymousUser'")], 'id': 2539509188672, 'pre_context': ['    """', '    try:', '        module_path, class_name = dotted_path.rsplit(".", 1)', '    except ValueError as err:', '        raise ImportError("%s doesn\'t look like a module path" % dotted_path) from err', '', '    try:'], 'context_line': '        return cached_import(module_path, class_name)', 'post_context': ['    except AttributeError as err:', '        raise ImportError(', '            \'Module "%s" does not define a "%s" attribute/class\'', '            % (module_path, class_name)', '        ) from err', ''], 'pre_context_lineno': 23, 'colno': '', 'tb_area_colno': ''}, {'exc_cause': None, 'exc_cause_explicit': None, 'tb': <traceback object at 0x0000024F468631C0>, 'type': 'django', 'filename': 'C:\\Users\\Captain Monk\\.pyenv\\pyenv-win\\versions\\3.10.0\\lib\\site-packages\\django\\utils\\module_loading.py', 'function': 'cached_import', 'lineno': 15, 'vars': [('module_path', "'django.contrib.auth.models'"), ('class_name', "'AnonymousUser'"), ('module', 'None')], 'id': 2539508871616, 'pre_context': ['def cached_import(module_path, class_name):', '    # Check whether module is loaded and fully initialized.', '    if not (', '        (module := sys.modules.get(module_path))', '        and (spec := getattr(module, "__spec__", None))', '        and getattr(spec, "_initializing", False) is False', '    ):'], 'context_line': '        module = import_module(module_path)', 'post_context': ['    return getattr(module, class_name)', '', '', 'def import_string(dotted_path):', '    """', '    Import a dotted module path and return the attribute/class designated by the'], 'pre_context_lineno': 8, 'colno': '', 'tb_area_colno': ''}, {'exc_cause': None, 'exc_cause_explicit': None, 'tb': <traceback object at 0x0000024F46863300>, 'type': 'user', 'filename': 'C:\\Users\\Captain Monk\\.pyenv\\pyenv-win\\versions\\3.10.0\\lib\\importlib\\__init__.py', 'function': 'import_module', 'lineno': 126, 'vars': [('name', "'django.contrib.auth.models'"), ('package', 'None'), ('level', '0')], 'id': 2539508871936, 'pre_context': ['            msg = ("the \'package\' argument is required to perform a relative "', '                   "import for {!r}")', '            raise TypeError(msg.format(name))', '        for character in name:', "            if character != '.':", '                break', '            level += 1'], 'context_line': '    return _bootstrap._gcd_import(name[level:], package, level)', 'post_context': ['', '', '_RELOADING = {}', '', '', 'def reload(module):'], 'pre_context_lineno': 119, 'colno': '', 'tb_area_colno': ''}, {'exc_cause': None, 'exc_cause_explicit': None, 'tb': <traceback object at 0x0000024F46863240>, 'type': 'user', 'filename': '<frozen importlib._bootstrap>', 'function': '_gcd_import', 'lineno': 1050, 'vars': [('name', "'django.contrib.auth.models'"), ('package', 'None'), ('level', '0')], 'id': 2539508871744, 'pre_context': [], 'context_line': '<source code not available>', 'post_context': [], 'pre_context_lineno': 1050, 'colno': '', 'tb_area_colno': ''}, {'exc_cause': None, 'exc_cause_explicit': None, 'tb': <traceback object at 0x0000024F468B0880>, 'type': 'user', 'filename': '<frozen importlib._bootstrap>', 'function': '_find_and_load', 'lineno': 1027, 'vars': [('name', "'django.contrib.auth.models'"), ('import_', '<function _gcd_import at 0x0000024F423A3490>'), ('module', '<object object at 0x0000024F423C4060>')], 'id': 2539509188736, 'pre_context': [], 'context_line': '<source code not available>', 'post_context': [], 'pre_context_lineno': 1027, 'colno': '', 'tb_area_colno': ''}, {'exc_cause': None, 'exc_cause_explicit': None, 'tb': <traceback object at 0x0000024F468B08C0>, 'type': 'user', 'filename': '<frozen importlib._bootstrap>', 'function': '_find_and_load_unlocked', 'lineno': 1006, 'vars': [('name', "'django.contrib.auth.models'"), ('import_', '<function _gcd_import at 0x0000024F423A3490>'), ('path', "['C:\\\\Users\\\\Captain '\n 'Monk\\\\.pyenv\\\\pyenv-win\\\\versions\\\\3.10.0\\\\lib\\\\site-packages\\\\django\\\\contrib\\\\auth']"), ('parent', "'django.contrib.auth'"), ('parent_module', "<module 'django.contrib.auth' from 'C:\\\\Users\\\\Captain Monk\\\\.pyenv\\\\pyenv-win\\\\versions\\\\3.10.0\\\\lib\\\\site-packages\\\\django\\\\contrib\\\\auth\\\\__init__.py'>"), ('spec', "ModuleSpec(name='django.contrib.auth.models', loader=<_frozen_importlib_external.SourceFileLoader object at 0x0000024F468362F0>, origin='C:\\\\Users\\\\Captain Monk\\\\.pyenv\\\\pyenv-win\\\\versions\\\\3.10.0\\\\lib\\\\site-packages\\\\django\\\\contrib\\\\auth\\\\models.py')")], 'id': 2539509188800, 'pre_context': [], 'context_line': '<source code not available>', 'post_context': [], 'pre_context_lineno': 1006, 'colno': '', 'tb_area_colno': ''}, {'exc_cause': None, 'exc_cause_explicit': None, 'tb': <traceback object at 0x0000024F468B0900>, 'type': 'user', 'filename': '<frozen importlib._bootstrap>', 'function': '_load_unlocked', 'lineno': 688, 'vars': [('spec', "ModuleSpec(name='django.contrib.auth.models', loader=<_frozen_importlib_external.SourceFileLoader object at 0x0000024F468362F0>, origin='C:\\\\Users\\\\Captain Monk\\\\.pyenv\\\\pyenv-win\\\\versions\\\\3.10.0\\\\lib\\\\site-packages\\\\django\\\\contrib\\\\auth\\\\models.py')"), ('module', "<module 'django.contrib.auth.models' from 'C:\\\\Users\\\\Captain Monk\\\\.pyenv\\\\pyenv-win\\\\versions\\\\3.10.0\\\\lib\\\\site-packages\\\\django\\\\contrib\\\\auth\\\\models.py'>")], 'id': 2539509188864, 'pre_context': [], 'context_line': '<source code not available>', 'post_context': [], 'pre_context_lineno': 688, 'colno': '', 'tb_area_colno': ''}, {'exc_cause': None, 'exc_cause_explicit': None, 'tb': <traceback object at 0x0000024F46880640>, 'type': 'user', 'filename': '<frozen importlib._bootstrap_external>', 'function': 'exec_module', 'lineno': 883, 'vars': [('self', '<_frozen_importlib_external.SourceFileLoader object at 0x0000024F468362F0>'), ('module', "<module 'django.contrib.auth.models' from 'C:\\\\Users\\\\Captain Monk\\\\.pyenv\\\\pyenv-win\\\\versions\\\\3.10.0\\\\lib\\\\site-packages\\\\django\\\\contrib\\\\auth\\\\models.py'>"), ('code', '<code object <module> at 0x0000024F468850B0, file "C:\\Users\\Captain Monk\\.pyenv\\pyenv-win\\versions\\3.10.0\\lib\\site-packages\\django\\contrib\\auth\\models.py", line 1>')], 'id': 2539508991552, 'pre_context': [], 'context_line': '<source code not available>', 'post_context': [], 'pre_context_lineno': 883, 'colno': '', 'tb_area_colno': ''}, {'exc_cause': None, 'exc_cause_explicit': None, 'tb': <traceback object at 0x0000024F46880A00>, 'type': 'user', 'filename': '<frozen importlib._bootstrap>', 'function': '_call_with_frames_removed', 'lineno': 241, 'vars': [('f', '<built-in function exec>'), ('args', '(<code object <module> at 0x0000024F468850B0, file "C:\\Users\\Captain Monk\\.pyenv\\pyenv-win\\versions\\3.10.0\\lib\\site-packages\\django\\contrib\\auth\\models.py", line 1>,\n {\'AbstractBaseUser\': <class \'django.contrib.auth.base_user.AbstractBaseUser\'>,\n  \'BaseUserManager\': <class \'django.contrib.auth.base_user.BaseUserManager\'>,\n  \'__builtins__\': {\'ArithmeticError\': <class \'ArithmeticError\'>,\n                   \'AssertionError\': <class \'AssertionError\'>,\n                   \'AttributeError\': <class \'AttributeError\'>,\n                   \'BaseException\': <class \'BaseException\'>,\n                   \'BlockingIOError\': <class \'BlockingIOError\'>,\n                   \'BrokenPipeError\': <class \'BrokenPipeError\'>,\n                   \'BufferError\': <class \'BufferError\'>,\n                   \'BytesWarning\': <class \'BytesWarning\'>,\n                   \'ChildProcessError\': <class \'ChildProcessError\'>,\n                   \'ConnectionAbortedError\': <class \'ConnectionAbortedError\'>,\n                   \'ConnectionError\': <class \'ConnectionError\'>,\n                   \'ConnectionRefusedError\': <class \'ConnectionRefusedError\'>,\n                   \'ConnectionResetError\': <class \'ConnectionResetError\'>,\n                   \'DeprecationWarning\': <class \'DeprecationWarning\'>,\n                   \'EOFError\': <class \'EOFError\'>,\n                   \'Ellipsis\': Ellipsis,\n                   \'EncodingWarning\': <class \'EncodingWarning\'>,\n                   \'EnvironmentError\': <class \'OSError\'>,\n                   \'Exception\': <class \'Exception\'>,\n                   \'False\': False,\n                   \'FileExistsError\': <class \'FileExistsError\'>,\n                   \'FileNotFoundError\': <class \'FileNotFoundError\'>,\n                   \'FloatingPointError\': <class \'FloatingPointError\'>,\n                   \'FutureWarning\': <class \'FutureWarning\'>,\n                   \'GeneratorExit\': <class \'GeneratorExit\'>,\n                   \'IOError\': <class \'OSError\'>,\n                   \'ImportError\': <class \'ImportError\'>,\n                   \'ImportWarning\': <class \'ImportWarning\'>,\n                   \'IndentationError\': <class \'IndentationError\'>,\n                   \'IndexError\': <class \'IndexError\'>,\n                   \'InterruptedError\': <class \'InterruptedError\'>,\n                   \'IsADirectoryError\': <class \'IsADirectoryError\'>,\n                   \'KeyError\': <class \'KeyError\'>,\n                   \'KeyboardInterrupt\': <class \'KeyboardInterrupt\'>,\n                   \'LookupError\': <class \'LookupError\'>,\n                   \'MemoryError\': <class \'MemoryError\'>,\n                   \'ModuleNotFoundError\': <class \'ModuleNotFoundError\'>,\n                   \'NameError\': <class \'NameError\'>,\n                   \'None\': None,\n                   \'NotADirectoryError\': <class \'NotADirectoryError\'>,\n                   \'NotImplemented\': NotImplemented,\n                   \'NotImplementedError\': <class \'NotImplementedError\'>,\n                   \'OSError\': <class \'OSError\'>,\n                   \'OverflowError\': <class \'OverflowError\'>,\n                   \'PendingDeprecationWarning\': <class \'PendingDeprecationWarning\'>,\n                   \'PermissionError\': <class \'PermissionError\'>,\n                   \'ProcessLookupError\': <class \'ProcessLookupError\'>,\n                   \'RecursionError\': <class \'RecursionError\'>,\n                   \'ReferenceError\': <class \'ReferenceError\'>,\n                   \'ResourceWarning\': <class \'ResourceWarning\'>,\n                   \'RuntimeError\': <class \'RuntimeError\'>,\n                   \'RuntimeWarning\': <class \'RuntimeWarning\'>,\n                   \'StopAsyncIteration\': <class \'StopAsyncIteration\'>,\n                   \'StopIteration\': <class \'StopIteration\'>,\n                   \'SyntaxError\': <class \'SyntaxError\'>,\n                   \'SyntaxWarning\': <class \'SyntaxWarning\'>,\n                   \'SystemError\': <class \'SystemError\'>,\n                   \'SystemExit\': <class \'SystemExit\'>,\n                   \'TabError\': <class \'TabError\'>,\n                   \'TimeoutError\': <class \'TimeoutError\'>,\n                   \'True\': True,\n                   \'TypeError\': <class \'Ty… <trimmed 11079 bytes string>'), ('kwds', '{}')], 'id': 2539508992512, 'pre_context': [], 'context_line': '<source code not available>', 'post_context': [], 'pre_context_lineno': 241, 'colno': '', 'tb_area_colno': ''}, {'exc_cause': None, 'exc_cause_explicit': None, 'tb': <traceback object at 0x0000024F468806C0>, 'type': 'django', 'filename': 'C:\\Users\\Captain Monk\\.pyenv\\pyenv-win\\versions\\3.10.0\\lib\\site-packages\\django\\contrib\\auth\\models.py', 'function': '<module>', 'lineno': 5, 'vars': [('__name__', "'django.contrib.auth.models'"), ('__doc__', 'None'), ('__package__', "'django.contrib.auth'"), ('__loader__', '<_frozen_importlib_external.SourceFileLoader object at 0x0000024F468362F0>'), ('__spec__', "ModuleSpec(name='django.contrib.auth.models', loader=<_frozen_importlib_external.SourceFileLoader object at 0x0000024F468362F0>, origin='C:\\\\Users\\\\Captain Monk\\\\.pyenv\\\\pyenv-win\\\\versions\\\\3.10.0\\\\lib\\\\site-packages\\\\django\\\\contrib\\\\auth\\\\models.py')"), ('__file__', "('C:\\\\Users\\\\Captain '\n 'Monk\\\\.pyenv\\\\pyenv-win\\\\versions\\\\3.10.0\\\\lib\\\\site-packages\\\\django\\\\contrib\\\\auth\\\\models.py')"), ('__cached__', "('C:\\\\Users\\\\Captain '\n 'Monk\\\\.pyenv\\\\pyenv-win\\\\versions\\\\3.10.0\\\\lib\\\\site-packages\\\\django\\\\contrib\\\\auth\\\\__pycache__\\\\models.cpython-310.pyc')"), ('__builtins__', '{\'ArithmeticError\': <class \'ArithmeticError\'>,\n \'AssertionError\': <class \'AssertionError\'>,\n \'AttributeError\': <class \'AttributeError\'>,\n \'BaseException\': <class \'BaseException\'>,\n \'BlockingIOError\': <class \'BlockingIOError\'>,\n \'BrokenPipeError\': <class \'BrokenPipeError\'>,\n \'BufferError\': <class \'BufferError\'>,\n \'BytesWarning\': <class \'BytesWarning\'>,\n \'ChildProcessError\': <class \'ChildProcessError\'>,\n \'ConnectionAbortedError\': <class \'ConnectionAbortedError\'>,\n \'ConnectionError\': <class \'ConnectionError\'>,\n \'ConnectionRefusedError\': <class \'ConnectionRefusedError\'>,\n \'ConnectionResetError\': <class \'ConnectionResetError\'>,\n \'DeprecationWarning\': <class \'DeprecationWarning\'>,\n \'EOFError\': <class \'EOFError\'>,\n \'Ellipsis\': Ellipsis,\n \'EncodingWarning\': <class \'EncodingWarning\'>,\n \'EnvironmentError\': <class \'OSError\'>,\n \'Exception\': <class \'Exception\'>,\n \'False\': False,\n \'FileExistsError\': <class \'FileExistsError\'>,\n \'FileNotFoundError\': <class \'FileNotFoundError\'>,\n \'FloatingPointError\': <class \'FloatingPointError\'>,\n \'FutureWarning\': <class \'FutureWarning\'>,\n \'GeneratorExit\': <class \'GeneratorExit\'>,\n \'IOError\': <class \'OSError\'>,\n \'ImportError\': <class \'ImportError\'>,\n \'ImportWarning\': <class \'ImportWarning\'>,\n \'IndentationError\': <class \'IndentationError\'>,\n \'IndexError\': <class \'IndexError\'>,\n \'InterruptedError\': <class \'InterruptedError\'>,\n \'IsADirectoryError\': <class \'IsADirectoryError\'>,\n \'KeyError\': <class \'KeyError\'>,\n \'KeyboardInterrupt\': <class \'KeyboardInterrupt\'>,\n \'LookupError\': <class \'LookupError\'>,\n \'MemoryError\': <class \'MemoryError\'>,\n \'ModuleNotFoundError\': <class \'ModuleNotFoundError\'>,\n \'NameError\': <class \'NameError\'>,\n \'None\': None,\n \'NotADirectoryError\': <class \'NotADirectoryError\'>,\n \'NotImplemented\': NotImplemented,\n \'NotImplementedError\': <class \'NotImplementedError\'>,\n \'OSError\': <class \'OSError\'>,\n \'OverflowError\': <class \'OverflowError\'>,\n \'PendingDeprecationWarning\': <class \'PendingDeprecationWarning\'>,\n \'PermissionError\': <class \'PermissionError\'>,\n \'ProcessLookupError\': <class \'ProcessLookupError\'>,\n \'RecursionError\': <class \'RecursionError\'>,\n \'ReferenceError\': <class \'ReferenceError\'>,\n \'ResourceWarning\': <class \'ResourceWarning\'>,\n \'RuntimeError\': <class \'RuntimeError\'>,\n \'RuntimeWarning\': <class \'RuntimeWarning\'>,\n \'StopAsyncIteration\': <class \'StopAsyncIteration\'>,\n \'StopIteration\': <class \'StopIteration\'>,\n \'SyntaxError\': <class \'SyntaxError\'>,\n \'SyntaxWarning\': <class \'SyntaxWarning\'>,\n \'SystemError\': <class \'SystemError\'>,\n \'SystemExit\': <class \'SystemExit\'>,\n \'TabError\': <class \'TabError\'>,\n \'TimeoutError\': <class \'TimeoutError\'>,\n \'True\': True,\n \'TypeError\': <class \'TypeError\'>,\n \'UnboundLocalError\': <class \'UnboundLocalError\'>,\n \'UnicodeDecodeError\': <class \'UnicodeDecodeError\'>,\n \'UnicodeEncodeError\': <class \'UnicodeEncodeError\'>,\n \'UnicodeError\': <class \'UnicodeError\'>,\n \'UnicodeTranslateError\': <class \'UnicodeTranslateError\'>,\n \'UnicodeWarning\': <class \'UnicodeWarning\'>,\n \'UserWarning\': <class \'UserWarning\'>,\n \'ValueError\': <class \'ValueError\'>,\n \'Warning\': <class \'Warning\'>,\n \'WindowsError\': <class \'OSError\'>,\n \'ZeroDivisionError\': <class \'ZeroDivisionError\'>,\n \'__build_class__\': <built-in function __build_class__>,\n \'__debug__\': True,\n \'__doc__\': \'Built-in functions, exceptions, and other objects.\\n\'\n            \'\\n\'\n            "Noteworthy: None is the `nil\' object; Ellipsis represents `...\' "\n            \'in slices.\',\n \'__import__\': <built-in function __import__>,\n \'__loader__\': <class \'_frozen_importlib.BuiltinImporter\'>,\n \'__name__\': \'builtins\',\n \'__package__\': \'\',\n \'__spec__\': ModuleSpec(name=\'builtins\', loader=<class \'_frozen_importlib.BuiltinImporter\'>, origin=\'built-in\'),\n \'abs\': <built-in function abs>,\n \'aiter\': <built-in function aiter>,\n \'all\': <built-in function all>,\n \'anext\': <built-in function anext>,\n \'any\': <built-in function any>,\n \'ascii\': <built-in function ascii>,\n \'bin\': <built-in function bin>,\n \'bool\': <class \'bool\'>,\n \'breakpoint\': <built-in function breakpoint>,\n \'bytearray\': <class \'bytearray\'>,\n \'bytes\': <class \'bytes\'>,\n \'callable\': <built-in fu… <trimmed 6765 bytes string>'), ('apps', '<django.apps.registry.Apps object at 0x0000024F42887FD0>'), ('auth', "<module 'django.contrib.auth' from 'C:\\\\Users\\\\Captain Monk\\\\.pyenv\\\\pyenv-win\\\\versions\\\\3.10.0\\\\lib\\\\site-packages\\\\django\\\\contrib\\\\auth\\\\__init__.py'>"), ('AbstractBaseUser', "<class 'django.contrib.auth.base_user.AbstractBaseUser'>"), ('BaseUserManager', "<class 'django.contrib.auth.base_user.BaseUserManager'>"), ('make_password', '<function make_password at 0x0000024F46896050>')], 'id': 2539508991680, 'pre_context': ['from django.apps import apps', 'from django.contrib import auth', 'from django.contrib.auth.base_user import AbstractBaseUser, BaseUserManager', 'from django.contrib.auth.hashers import make_password'], 'context_line': 'from django.contrib.contenttypes.models import ContentType', 'post_context': ['from django.core.exceptions import PermissionDenied', 'from django.core.mail import send_mail', 'from django.db import models', 'from django.db.models.manager import EmptyManager', 'from django.utils import timezone', 'from django.utils.itercompat import is_iterable'], 'pre_context_lineno': 1, 'colno': '', 'tb_area_colno': ''}, {'exc_cause': None, 'exc_cause_explicit': None, 'tb': <traceback object at 0x0000024F468B0780>, 'type': 'django', 'filename': 'C:\\Users\\Captain Monk\\.pyenv\\pyenv-win\\versions\\3.10.0\\lib\\site-packages\\django\\contrib\\contenttypes\\models.py', 'function': '<module>', 'lineno': 139, 'vars': [('__name__', "'django.contrib.contenttypes.models'"), ('__doc__', 'None'), ('__package__', "'django.contrib.contenttypes'"), ('__loader__', '<_frozen_importlib_external.SourceFileLoader object at 0x0000024F4688A860>'), ('__spec__', "ModuleSpec(name='django.contrib.contenttypes.models', loader=<_frozen_importlib_external.SourceFileLoader object at 0x0000024F4688A860>, origin='C:\\\\Users\\\\Captain Monk\\\\.pyenv\\\\pyenv-win\\\\versions\\\\3.10.0\\\\lib\\\\site-packages\\\\django\\\\contrib\\\\contenttypes\\\\models.py')"), ('__file__', "('C:\\\\Users\\\\Captain '\n 'Monk\\\\.pyenv\\\\pyenv-win\\\\versions\\\\3.10.0\\\\lib\\\\site-packages\\\\django\\\\contrib\\\\contenttypes\\\\models.py')"), ('__cached__', "('C:\\\\Users\\\\Captain '\n 'Monk\\\\.pyenv\\\\pyenv-win\\\\versions\\\\3.10.0\\\\lib\\\\site-packages\\\\django\\\\contrib\\\\contenttypes\\\\__pycache__\\\\models.cpython-310.pyc')"), ('__builtins__', '{\'ArithmeticError\': <class \'ArithmeticError\'>,\n \'AssertionError\': <class \'AssertionError\'>,\n \'AttributeError\': <class \'AttributeError\'>,\n \'BaseException\': <class \'BaseException\'>,\n \'BlockingIOError\': <class \'BlockingIOError\'>,\n \'BrokenPipeError\': <class \'BrokenPipeError\'>,\n \'BufferError\': <class \'BufferError\'>,\n \'BytesWarning\': <class \'BytesWarning\'>,\n \'ChildProcessError\': <class \'ChildProcessError\'>,\n \'ConnectionAbortedError\': <class \'ConnectionAbortedError\'>,\n \'ConnectionError\': <class \'ConnectionError\'>,\n \'ConnectionRefusedError\': <class \'ConnectionRefusedError\'>,\n \'ConnectionResetError\': <class \'ConnectionResetError\'>,\n \'DeprecationWarning\': <class \'DeprecationWarning\'>,\n \'EOFError\': <class \'EOFError\'>,\n \'Ellipsis\': Ellipsis,\n \'EncodingWarning\': <class \'EncodingWarning\'>,\n \'EnvironmentError\': <class \'OSError\'>,\n \'Exception\': <class \'Exception\'>,\n \'False\': False,\n \'FileExistsError\': <class \'FileExistsError\'>,\n \'FileNotFoundError\': <class \'FileNotFoundError\'>,\n \'FloatingPointError\': <class \'FloatingPointError\'>,\n \'FutureWarning\': <class \'FutureWarning\'>,\n \'GeneratorExit\': <class \'GeneratorExit\'>,\n \'IOError\': <class \'OSError\'>,\n \'ImportError\': <class \'ImportError\'>,\n \'ImportWarning\': <class \'ImportWarning\'>,\n \'IndentationError\': <class \'IndentationError\'>,\n \'IndexError\': <class \'IndexError\'>,\n \'InterruptedError\': <class \'InterruptedError\'>,\n \'IsADirectoryError\': <class \'IsADirectoryError\'>,\n \'KeyError\': <class \'KeyError\'>,\n \'KeyboardInterrupt\': <class \'KeyboardInterrupt\'>,\n \'LookupError\': <class \'LookupError\'>,\n \'MemoryError\': <class \'MemoryError\'>,\n \'ModuleNotFoundError\': <class \'ModuleNotFoundError\'>,\n \'NameError\': <class \'NameError\'>,\n \'None\': None,\n \'NotADirectoryError\': <class \'NotADirectoryError\'>,\n \'NotImplemented\': NotImplemented,\n \'NotImplementedError\': <class \'NotImplementedError\'>,\n \'OSError\': <class \'OSError\'>,\n \'OverflowError\': <class \'OverflowError\'>,\n \'PendingDeprecationWarning\': <class \'PendingDeprecationWarning\'>,\n \'PermissionError\': <class \'PermissionError\'>,\n \'ProcessLookupError\': <class \'ProcessLookupError\'>,\n \'RecursionError\': <class \'RecursionError\'>,\n \'ReferenceError\': <class \'ReferenceError\'>,\n \'ResourceWarning\': <class \'ResourceWarning\'>,\n \'RuntimeError\': <class \'RuntimeError\'>,\n \'RuntimeWarning\': <class \'RuntimeWarning\'>,\n \'StopAsyncIteration\': <class \'StopAsyncIteration\'>,\n \'StopIteration\': <class \'StopIteration\'>,\n \'SyntaxError\': <class \'SyntaxError\'>,\n \'SyntaxWarning\': <class \'SyntaxWarning\'>,\n \'SystemError\': <class \'SystemError\'>,\n \'SystemExit\': <class \'SystemExit\'>,\n \'TabError\': <class \'TabError\'>,\n \'TimeoutError\': <class \'TimeoutError\'>,\n \'True\': True,\n \'TypeError\': <class \'TypeError\'>,\n \'UnboundLocalError\': <class \'UnboundLocalError\'>,\n \'UnicodeDecodeError\': <class \'UnicodeDecodeError\'>,\n \'UnicodeEncodeError\': <class \'UnicodeEncodeError\'>,\n \'UnicodeError\': <class \'UnicodeError\'>,\n \'UnicodeTranslateError\': <class \'UnicodeTranslateError\'>,\n \'UnicodeWarning\': <class \'UnicodeWarning\'>,\n \'UserWarning\': <class \'UserWarning\'>,\n \'ValueError\': <class \'ValueError\'>,\n \'Warning\': <class \'Warning\'>,\n \'WindowsError\': <class \'OSError\'>,\n \'ZeroDivisionError\': <class \'ZeroDivisionError\'>,\n \'__build_class__\': <built-in function __build_class__>,\n \'__debug__\': True,\n \'__doc__\': \'Built-in functions, exceptions, and other objects.\\n\'\n            \'\\n\'\n            "Noteworthy: None is the `nil\' object; Ellipsis represents `...\' "\n            \'in slices.\',\n \'__import__\': <built-in function __import__>,\n \'__loader__\': <class \'_frozen_importlib.BuiltinImporter\'>,\n \'__name__\': \'builtins\',\n \'__package__\': \'\',\n \'__spec__\': ModuleSpec(name=\'builtins\', loader=<class \'_frozen_importlib.BuiltinImporter\'>, origin=\'built-in\'),\n \'abs\': <built-in function abs>,\n \'aiter\': <built-in function aiter>,\n \'all\': <built-in function all>,\n \'anext\': <built-in function anext>,\n \'any\': <built-in function any>,\n \'ascii\': <built-in function ascii>,\n \'bin\': <built-in function bin>,\n \'bool\': <class \'bool\'>,\n \'breakpoint\': <built-in function breakpoint>,\n \'bytearray\': <class \'bytearray\'>,\n \'bytes\': <class \'bytes\'>,\n \'callable\': <built-in fu… <trimmed 6765 bytes string>'), ('defaultdict', "<class 'collections.defaultdict'>"), ('apps', '<django.apps.registry.Apps object at 0x0000024F42887FD0>'), ('models', "<module 'django.db.models' from 'C:\\\\Users\\\\Captain Monk\\\\.pyenv\\\\pyenv-win\\\\versions\\\\3.10.0\\\\lib\\\\site-packages\\\\django\\\\db\\\\models\\\\__init__.py'>"), ('Q', "<class 'django.db.models.query_utils.Q'>"), ('_', '<function gettext at 0x0000024F446DA440>'), ('ContentTypeManager', "<class 'django.contrib.contenttypes.models.ContentTypeManager'>")], 'id': 2539509188480, 'pre_context': ['        # will return None. Hence, there is no reliance on', '        # model._meta.app_label here, just using the model fields instead.', '        key = (ct.app_label, ct.model)', '        self._cache.setdefault(using, {})[key] = ct', '        self._cache.setdefault(using, {})[ct.id] = ct', '', ''], 'context_line': 'class ContentType(models.Model):', 'post_context': ['    app_label = models.CharField(max_length=100)', '    model = models.CharField(_("python model class name"), max_length=100)', '    objects = ContentTypeManager()', '', '    class Meta:', '        verbose_name = _("content type")'], 'pre_context_lineno': 132, 'colno': '', 'tb_area_colno': ''}, {'exc_cause': None, 'exc_cause_explicit': None, 'tb': <traceback object at 0x0000024F468B0740>, 'type': 'django', 'filename': 'C:\\Users\\Captain Monk\\.pyenv\\pyenv-win\\versions\\3.10.0\\lib\\site-packages\\django\\db\\models\\base.py', 'function': '__new__', 'lineno': 134, 'vars': [('cls', "<class 'django.db.models.base.ModelBase'>"), ('name', "'ContentType'"), ('bases', "(<class 'django.db.models.base.Model'>,)"), ('attrs', "{'__qualname__': 'ContentType',\n '__str__': <function ContentType.__str__ at 0x0000024F468ADBD0>,\n 'app_label': <django.db.models.fields.CharField>,\n 'app_labeled_name': <property object at 0x0000024F4689F8D0>,\n 'get_all_objects_for_this_type': <function ContentType.get_all_objects_for_this_type at 0x0000024F468ADEA0>,\n 'get_object_for_this_type': <function ContentType.get_object_for_this_type at 0x0000024F468ADE10>,\n 'model': <django.db.models.fields.CharField>,\n 'model_class': <function ContentType.model_class at 0x0000024F468ADD80>,\n 'name': <property object at 0x0000024F4689F880>,\n 'natural_key': <function ContentType.natural_key at 0x0000024F468ADF30>,\n 'objects': <django.contrib.contenttypes.models.ContentTypeManager object at 0x0000024F4688AF80>}"), ('kwargs', '{}'), ('super_new', '<built-in method __new__ of type object at 0x00007FFED02DA920>'), ('parents', "[<class 'django.db.models.base.Model'>]"), ('module', "'django.contrib.contenttypes.models'"), ('new_attrs', "{'__module__': 'django.contrib.contenttypes.models',\n '__qualname__': 'ContentType',\n '__str__': <function ContentType.__str__ at 0x0000024F468ADBD0>,\n 'app_labeled_name': <property object at 0x0000024F4689F8D0>,\n 'get_all_objects_for_this_type': <function ContentType.get_all_objects_for_this_type at 0x0000024F468ADEA0>,\n 'get_object_for_this_type': <function ContentType.get_object_for_this_type at 0x0000024F468ADE10>,\n 'model_class': <function ContentType.model_class at 0x0000024F468ADD80>,\n 'name': <property object at 0x0000024F4689F880>,\n 'natural_key': <function ContentType.natural_key at 0x0000024F468ADF30>}"), ('classcell', 'None'), ('attr_meta', "<class 'django.contrib.contenttypes.models.ContentType.Meta'>"), ('contributable_attrs', "{'app_label': <django.db.models.fields.CharField>,\n 'model': <django.db.models.fields.CharField>,\n 'objects': <django.contrib.contenttypes.models.ContentTypeManager object at 0x0000024F4688AF80>}"), ('obj_name', "'natural_key'"), ('obj', '<function ContentType.natural_key at 0x0000024F468ADF30>'), ('new_class', "<class 'django.contrib.contenttypes.models.ContentType'>"), ('abstract', 'False'), ('meta', "<class 'django.contrib.contenttypes.models.ContentType.Meta'>"), ('base_meta', 'None'), ('app_label', 'None'), ('app_config', 'None'), ('__class__', "<class 'django.db.models.base.ModelBase'>")], 'id': 2539509188416, 'pre_context': ['', '        # Look for an application configuration to attach the model to.', '        app_config = apps.get_containing_app_config(module)', '', '        if getattr(meta, "app_label", None) is None:', '            if app_config is None:', '                if not abstract:'], 'context_line': '                    raise RuntimeError(', 'post_context': ['                        "Model class %s.%s doesn\'t declare an explicit "', '                        "app_label and isn\'t in an application in "', '                        "INSTALLED_APPS." % (module, name)', '                    )', '', '            else:'], 'pre_context_lineno': 127, 'colno': '', 'tb_area_colno': ''}], 'request': <WSGIRequest: GET '/api/ownershipData/663d6760537fa61b79ac8bab'>, 'request_meta': {'ALLUSERSPROFILE': 'C:\\ProgramData', 'APPDATA': 'C:\\Users\\Captain Monk\\AppData\\Roaming', 'BINDIR': 'C:\\Users\\Captain Monk\\.pyenv\\pyenv-win\\versions\\3.10.0', 'CHOCOLATEYINSTALL': 'C:\\ProgramData\\chocolatey', 'CHOCOLATEYLASTPATHUPDATE': '133368061605247431', 'CHROME_CRASHPAD_PIPE_NAME': '\\\\.\\pipe\\crashpad_17288_BJATPWVWEFYUNWIT', 'CMDLINE': 'python service.py reader', 'COMMANDS': 'rehash global local version vname version-name versions commands shims which whence help --help', 'COMMONPROGRAMFILES': 'C:\\Program Files\\Common Files', 'COMMONPROGRAMFILES(X86)': 'C:\\Program Files (x86)\\Common Files', 'COMMONPROGRAMW6432': 'C:\\Program Files\\Common Files', 'COMPUTERNAME': 'CAPTAINMONK-PC', 'COMSPEC': 'C:\\WINDOWS\\system32\\cmd.exe', 'CUDA_HOME': 'C:\\Program Files\\NVIDIA GPU Computing Toolkit\\CUDA\\v12.1', 'CUDA_PATH': 'C:\\Program Files\\NVIDIA GPU Computing Toolkit\\CUDA\\v12.1', 'DRIVERDATA': 'C:\\Windows\\System32\\Drivers\\DriverData', 'EXTRAPATHS': 'C:\\Users\\Captain Monk\\.pyenv\\pyenv-win\\versions\\3.10.0;C:\\Users\\Captain Monk\\.pyenv\\pyenv-win\\versions\\3.10.0\\Scripts;C:\\Users\\Captain Monk\\AppData\\Roaming\\Python\\Python310\\Scripts;', 'FP_NO_HOST_CHECK': 'NO', 'GIT_LFS_PATH': 'C:\\Program Files\\Git LFS', 'GOPATH': 'C:\\Users\\Captain Monk\\go', 'HOMEDRIVE': 'C:', 'HOMEPATH': '\\Users\\Captain Monk', 'INTEL_DEV_REDIST': 'C:\\Program Files (x86)\\Common Files\\Intel\\Shared Libraries\\', 'LOCALAPPDATA': 'C:\\Users\\Captain Monk\\AppData\\Local', 'LOGONSERVER': '\\\\CAPTAINMONK-PC', 'NUMBER_OF_PROCESSORS': '12', 'NVM_HOME': 'C:\\Users\\Captain Monk\\AppData\\Roaming\\nvm', 'NVM_SYMLINK': 'C:\\Program Files\\nodejs', 'NVTOOLSEXT_PATH': 'C:\\Program Files\\NVIDIA Corporation\\NvToolsExt\\', 'ONEDRIVE': 'C:\\Users\\Captain Monk\\OneDrive', 'ONEDRIVECONSUMER': 'C:\\Users\\Captain Monk\\OneDrive', 'ORIGINAL_XDG_CURRENT_DESKTOP': 'undefined', 'OS': 'Windows_NT', 'PATH': 'C:\\Users\\Captain Monk\\.pyenv\\pyenv-win\\versions\\3.10.0;C:\\Users\\Captain Monk\\.pyenv\\pyenv-win\\versions\\3.10.0\\Scripts;C:\\Users\\Captain Monk\\AppData\\Roaming\\Python\\Python310\\Scripts;C:\\Program Files (x86)\\VMware\\VMware Workstation\\bin\\;C:\\Program Files\\Microsoft SDKs\\Azure\\CLI2\\wbin;C:\\Users\\Captain Monk\\.pyenv\\pyenv-win\\bin;C:\\Program Files\\NVIDIA GPU Computing Toolkit\\CUDA\\v12.1\\bin;C:\\Program Files\\NVIDIA GPU Computing Toolkit\\CUDA\\v12.1\\libnvvp;C:\\Program Files\\Common Files\\Oracle\\Java\\javapath;C:\\Program Files (x86)\\Common Files\\Intel\\Shared Libraries\\redist\\intel64_win\\compiler;C:\\Program Files (x86)\\Intel\\iCLS Client\\;C:\\Program Files\\Intel\\iCLS Client\\;C:\\Program Files (x86)\\Common Files\\Intel\\Shared Libraries\\redist\\intel64\\compiler;C:\\Program Files (x86)\\Razer Chroma SDK\\bin;C:\\Program Files\\Razer Chroma SDK\\bin;C:\\ProgramData\\Oracle\\Java\\javapath;C:\\Program Files (x86)\\NVIDIA Corporation\\PhysX\\Common;C:\\Windows\\System32;C:\\Windows;C:\\Windows\\System32\\wbem;C:\\Windows\\System32\\WindowsPowerShell\\v1.0\\;C:\\Windows\\System32;C:\\Windows;C:\\Windows\\System32\\wbem;C:\\Windows\\System32\\WindowsPowerShell\\v1.0\\;C:\\Program Files\\Intel\\Intel(R) Management;C:\\Program Files\\smartmontools\\bin;C:\\Program Files\\FFmpeg\\ffmpeg-2023-09-07-git-9c9f48e7f2-essentials_build\\bin;C:\\Program Files\\Git\\bin;C:\\Program Files\\MySQL\\MySQL Server 8.3\\bin;A:\\Visual-Studio-Code\\vfx2-0\\getimages\\extractimage;C:\\Program Files (x86)\\VideoLAN\\VLC;C:\\Program Files\\Git\\usr\\bin;C:\\Users\\Captain Monk\\AppData\\Roaming\\nvm;C:\\Program Files\\nodejs;C:\\Users\\Captain Monk\\.cargo\\bin;C:\\Program Files (x86)\\Intel\\Intel(R) Management Engine Components;C:\\Users\\Captain Monk\\AppData\\Local\\Programs\\Microsoft VS Code\\bin;A:\\Visual-Studio-Code\\vfx2-0\\getimages\\undistort;C:\\Program Files\\NVIDIA Corporation\\NVIDIA NvDLISR;C:\\Program Files\\Docker\\Docker\\resources\\bin;C:\\Program Files\\Go\\bin;C:\\Program Files\\FFmpeg\\ffmpeg-2023-09-07-git-9c9f48e7f2-essentials_build\\bin;C:\\Windows;C:\\Program Files (x86)\\Common Files\\Intel\\Shared Libraries\\redist\\intel64\\compiler;C:\\Users\\Captain Monk\\AppData\\Roaming\\nvm;C:\\Windows\\System32\\wbem;C:\\Users\\Captain Monk\\AppData\\Roaming\\nvm;C:\\Program Files\\Razer Chroma SDK\\bin;C:\\Program Files\\NVIDIA GPU Computing Toolkit\\CUDA\\v12.1\\bin;C:\\Program Files\\NVIDIA GPU Computing Toolkit\\CUDA\\v12.1\\libnvvp;C:\\Program Files\\MySQL\\MySQL Server 8.3\\bin;C:\\Program Files\\Git\\bin;C:\\Program Files\\smartmontools\\bin;C:\\Program Files (x86)\\Intel\\iCLS Client\\;C:\\Users\\Captain Monk\\.pyenv\\pyenv-win\\bin;C:\\Program Files (x86)\\NVIDIA Corporation\\PhysX\\Common;C:\\Program Files\\Git\\usr\\bin;C:\\Windows\\System32;C:\\Windows\\System32\\WindowsPowerShell\\v1.0\\;C:\\Users\\Captain Monk\\.cargo\\bin;C:\\ProgramData\\Oracle\\Java\\javapath;C:\\Program Files\\Intel\\Intel(R) Management;C:\\Program Files\\Common Files\\Oracle\\Java\\javapath;C:\\Users\\Captain Monk\\AppData\\Local\\Programs\\Microsoft VS Code\\bin;C:\\Program Files\\Microsoft SDKs\\Azure\\CLI2\\wbin;C:\\Program Files (x86)\\Razer Chroma SDK\\bin;C:\\Program Files\\nodejs;C:\\Program Files\\Intel\\iCLS Client\\;C:\\Program Files (x86)\\Common Files\\Intel\\Shared Libraries\\redist\\intel64_win\\compiler;A:\\Visual-Studio-Code\\vfx2-0\\getimages\\undistort;A:\\Visual-Studio-Code\\vfx2-0\\getimages\\extractimage;C:\\Program Files (x86)\\Intel\\Intel(R) Management Engine Components;C:\\Program Files (x86)\\VideoLAN\\VLC;C:\\Program Files\\mingw64\\bin;C:\\Users\\Captain Monk\\AppData\\Local\\Programs\\Swift\\Runtimes\\5.10.0\\usr\\bin\\;C:\\Users\\Captain Monk\\AppData\\Local\\Programs\\Swift\\Toolchains\\5.10.0+Asserts\\usr\\bin\\;C:\\Users\\Captain Monk\\AppData\\Local\\Programs\\Swift\\Tools\\5.10.0\\;C:\\Program Files\\MongoDB\\mongosh-2.2.10-win32-x64\\bin;C:\\Users\\Captain Monk\\go\\bin;C:\\Program Files\\Go\\bin;', 'PATHEXT': '.COM;.EXE;.BAT;.CMD;.VBS;.VBE;.JS;.JSE;.WSF;.WSH;.MSC;.CPL', 'PROCESSOR_ARCHITECTURE': 'AMD64', 'PROCESSOR_IDENTIFIER': 'Intel64 Family 6 Model 158 Stepping 10, GenuineIntel', 'PROCESSOR_LEVEL': '6', 'PROCESSOR_REVISION': '9e0a', 'PROGRAMDATA': 'C:\\ProgramData', 'PROGRAMFILES': 'C:\\Program Files', 'PROGRAMFILES(X86)': 'C:\\Program Files (x86)', 'PROGRAMW6432': 'C:\\Program Files', 'PROMPT': '$P$G', 'PSMODULEPATH': 'e:\\Documents\\WindowsPowerShell\\Modules;C:\\Program Files\\WindowsPowerShell\\Modules;C:\\WINDOWS\\system32\\WindowsPowerShell\\v1.0\\Modules\\', 'PUBLIC': 'C:\\Users\\Public', 'PYENV': 'cscript //nologo "C:\\Users\\Captain Monk\\.pyenv\\pyenv-win\\bin\\..\\libexec\\pyenv.vbs"', 'PYTHON_SHIMS': 'C:\\Users\\Captain Monk\\.pyenv\\pyenv-win\\shims', 'RGBDS': 'C:\\Program Files\\rgbds', 'SDKROOT': 'C:\\Users\\Captain Monk\\AppData\\Local\\Programs\\Swift\\Platforms\\5.10.0\\Windows.platform\\Developer\\SDKs\\Windows.sdk\\', 'SESSIONNAME': 'Console', 'SKIP': '0', 'SYSTEMDRIVE': 'C:', 'SYSTEMROOT': 'C:\\WINDOWS', 'TEMP': 'C:\\Users\\CAPTAI~1\\AppData\\Local\\Temp', 'TF_ENABLE_ONEDNN_OPTS': '0', 'TMP': 'C:\\Users\\CAPTAI~1\\AppData\\Local\\Temp', 'USERDOMAIN': 'CaptainMonk-PC', 'USERDOMAIN_ROAMINGPROFILE': 'CaptainMonk-PC', 'USERNAME': 'Captain Monk', 'USERPROFILE': 'C:\\Users\\Captain Monk', 'VBOX_MSI_INSTALL_PATH': 'C:\\Program Files\\Oracle\\VirtualBox\\', 'WINDIR': 'C:\\WINDOWS', 'WINDOWS_TRACING_FLAGS': '3', 'WINDOWS_TRACING_LOGFILE': 'C:\\BVTBin\\Tests\\installpackage\\csilogfile.log', '_PATH': 'C:\\Program Files (x86)\\VMware\\VMware Workstation\\bin\\;C:\\Program Files\\Microsoft SDKs\\Azure\\CLI2\\wbin;C:\\Users\\Captain Monk\\.pyenv\\pyenv-win\\shims;C:\\Users\\Captain Monk\\.pyenv\\pyenv-win\\bin;C:\\Program Files\\NVIDIA GPU Computing Toolkit\\CUDA\\v12.1\\bin;C:\\Program Files\\NVIDIA GPU Computing Toolkit\\CUDA\\v12.1\\libnvvp;C:\\Program Files\\Common Files\\Oracle\\Java\\javapath;C:\\Program Files (x86)\\Common Files\\Intel\\Shared Libraries\\redist\\intel64_win\\compiler;C:\\Program Files (x86)\\Intel\\iCLS Client\\;C:\\Program Files\\Intel\\iCLS Client\\;C:\\Program Files (x86)\\Common Files\\Intel\\Shared Libraries\\redist\\intel64\\compiler;C:\\Program Files (x86)\\Razer Chroma SDK\\bin;C:\\Program Files\\Razer Chroma SDK\\bin;C:\\ProgramData\\Oracle\\Java\\javapath;C:\\Program Files (x86)\\NVIDIA Corporation\\PhysX\\Common;C:\\Windows\\system32;C:\\Windows;C:\\Windows\\System32\\Wbem;C:\\Windows\\System32\\WindowsPowerShell\\v1.0\\;C:\\WINDOWS\\system32;C:\\WINDOWS;C:\\WINDOWS\\System32\\Wbem;C:\\WINDOWS\\System32\\WindowsPowerShell\\v1.0\\;C:\\Program Files\\Intel\\Intel(R) Management;C:\\Program Files\\smartmontools\\bin;C:\\Program Files\\FFmpeg\\ffmpeg-2023-09-07-git-9c9f48e7f2-essentials_build\\bin;C:\\Program Files\\Git\\bin;C:\\Program Files\\MySQL\\MySQL Server 8.3\\bin;A:\\Visual-Studio-Code\\vfx2-0\\getimages\\extractimage;C:\\Program Files (x86)\\VideoLAN\\VLC;C:\\Program Files\\Git\\usr\\bin;C:\\Users\\Captain Monk\\AppData\\Roaming\\nvm;C:\\Program Files\\nodejs;C:\\Users\\Captain Monk\\.cargo\\bin;C:\\Program Files (x86)\\Intel\\Intel(R) Management Engine Components;C:\\Users\\Captain Monk\\AppData\\Local\\Programs\\Microsoft VS Code\\bin;A:\\Visual-Studio-Code\\vfx2-0\\getimages\\undistort;;C:\\Program Files\\NVIDIA Corporation\\NVIDIA NvDLISR;C:\\Program Files\\Docker\\Docker\\resources\\bin;C:\\Program Files\\Go\\bin;C:\\Program Files\\FFmpeg\\ffmpeg-2023-09-07-git-9c9f48e7f2-essentials_build\\bin;C:\\Windows;C:\\Program Files (x86)\\Common Files\\Intel\\Shared Libraries\\redist\\intel64\\compiler;C:\\Users\\Captain Monk\\AppData\\Roaming\\nvm;C:\\Windows\\System32\\Wbem;C:\\Users\\Captain Monk\\AppData\\Roaming\\nvm;C:\\Program Files\\Razer Chroma SDK\\bin;C:\\Program Files\\NVIDIA GPU Computing Toolkit\\CUDA\\v12.1\\bin;C:\\Program Files\\NVIDIA GPU Computing Toolkit\\CUDA\\v12.1\\libnvvp;C:\\Program Files\\MySQL\\MySQL Server 8.3\\bin;C:\\Program Files\\Git\\bin;C:\\Program Files\\smartmontools\\bin;C:\\Program Files (x86)\\Intel\\iCLS Client\\;C:\\Users\\Captain Monk\\.pyenv\\pyenv-win\\bin;C:\\Program Files (x86)\\NVIDIA Corporation\\PhysX\\Common;C:\\Program Files\\Git\\usr\\bin;C:\\Windows\\system32;C:\\Users\\Captain Monk\\.pyenv\\pyenv-win\\shims;C:\\Windows\\System32\\WindowsPowerShell\\v1.0\\;C:\\Users\\Captain Monk\\.cargo\\bin;C:\\ProgramData\\Oracle\\Java\\javapath;C:\\Program Files\\Intel\\Intel(R) Management;C:\\Program Files\\Common Files\\Oracle\\Java\\javapath;C:\\Users\\Captain Monk\\AppData\\Local\\Programs\\Microsoft VS Code\\bin;C:\\Program Files\\Microsoft SDKs\\Azure\\CLI2\\wbin;C:\\Program Files (x86)\\Razer Chroma SDK\\bin;C:\\Program Files\\nodejs;C:\\Program Files\\Intel\\iCLS Client\\;C:\\Program Files (x86)\\Common Files\\Intel\\Shared Libraries\\redist\\intel64_win\\compiler;A:\\Visual-Studio-Code\\vfx2-0\\getimages\\undistort;A:\\Visual-Studio-Code\\vfx2-0\\getimages\\extractimage;C:\\Program Files (x86)\\Intel\\Intel(R) Management Engine Components;C:\\Program Files (x86)\\VideoLAN\\VLC;C:\\Program Files\\mingw64\\bin;C:\\Users\\Captain Monk\\AppData\\Local\\Programs\\Swift\\Runtimes\\5.10.0\\usr\\bin\\;C:\\Users\\Captain Monk\\AppData\\Local\\Programs\\Swift\\Toolchains\\5.10.0+Asserts\\usr\\bin\\;C:\\Users\\Captain Monk\\AppData\\Local\\Programs\\Swift\\Tools\\5.10.0\\;C:\\Program Files\\MongoDB\\mongosh-2.2.10-win32-x64\\bin;C:\\Users\\Captain Monk\\go\\bin;C:\\Program Files\\Go\\bin;', '__PSLOCKDOWNPOLICY': '0', 'TERM_PROGRAM': 'vscode', 'TERM_PROGRAM_VERSION': '1.91.0', 'LANG': 'en_US.UTF-8', 'COLORTERM': 'truecolor', 'GIT_ASKPASS': '********************', 'VSCODE_GIT_ASKPASS_NODE': '********************', 'VSCODE_GIT_ASKPASS_EXTRA_ARGS': '********************', 'VSCODE_GIT_ASKPASS_MAIN': '********************', 'VSCODE_GIT_IPC_HANDLE': '\\\\.\\pipe\\vscode-git-0997dc4bf6-sock', 'VSCODE_INJECTION': '1', 'DJANGO_SETTINGS_MODULE': 'reader.settings', 'PYTHONPATH': 'A:\\Visual-Studio-Code\\Go\\user_pokemon_management', 'JWT_SECRET': '********************', 'SERVER_NAME': 'kubernetes.docker.internal', 'GATEWAY_INTERFACE': 'CGI/1.1', 'SERVER_PORT': '3005', 'REMOTE_HOST': '', 'CONTENT_LENGTH': '', 'SCRIPT_NAME': '', 'SERVER_PROTOCOL': 'HTTP/1.1', 'SERVER_SOFTWARE': 'WSGIServer/0.2', 'REQUEST_METHOD': 'GET', 'PATH_INFO': '/api/ownershipData/663d6760537fa61b79ac8bab', 'QUERY_STRING': '', 'REMOTE_ADDR': '127.0.0.1', 'CONTENT_TYPE': 'text/plain', 'HTTP_HOST': 'localhost:3005', 'HTTP_CONNECTION': 'keep-alive', 'HTTP_SEC_CH_UA': '"Not/A)Brand";v="8", "Chromium";v="126", "Google Chrome";v="126"', 'HTTP_ACCEPT': 'application/json, text/plain, */*', 'HTTP_SEC_CH_UA_MOBILE': '?0', 'HTTP_USER_AGENT': 'Mozilla/5.0 (Windows NT 10.0; Win64; x64) AppleWebKit/537.36 (KHTML, like Gecko) Chrome/126.0.0.0 Safari/537.36', 'HTTP_SEC_CH_UA_PLATFORM': '"Windows"', 'HTTP_ORIGIN': 'http://localhost:3000', 'HTTP_SEC_FETCH_SITE': 'same-site', 'HTTP_SEC_FETCH_MODE': 'cors', 'HTTP_SEC_FETCH_DEST': 'empty', 'HTTP_REFERER': 'http://localhost:3000/', 'HTTP_ACCEPT_ENCODING': 'gzip, deflate, br, zstd', 'HTTP_ACCEPT_LANGUAGE': 'en-US,en;q=0.9', 'HTTP_COOKIE': '********************', 'wsgi.input': <django.core.handlers.wsgi.LimitedStream object at 0x0000024F46835F30>, 'wsgi.errors': <_io.TextIOWrapper name='<stderr>' mode='w' encoding='utf-8'>, 'wsgi.version': (1, 0), 'wsgi.run_once': False, 'wsgi.url_scheme': 'http', 'wsgi.multithread': True, 'wsgi.multiprocess': False, 'wsgi.file_wrapper': <class 'wsgiref.util.FileWrapper'>}, 'request_COOKIES_items': dict_items([('accessToken', '********************'), ('refreshToken', '********************')]), 'user_str': '[unable to retrieve the current user]', 'filtered_POST_items': [], 'settings': {'ABSOLUTE_URL_OVERRIDES': {}, 'ADMINS': [], 'ALLOWED_HOSTS': [], 'APPEND_SLASH': True, 'AUTHENTICATION_BACKENDS': ['django.contrib.auth.backends.ModelBackend'], 'AUTH_PASSWORD_VALIDATORS': '********************', 'AUTH_USER_MODEL': 'auth.User', 'BASE_DIR': WindowsPath('A:/Visual-Studio-Code/Go/user_pokemon_management/reader'), 'CACHES': {'default': {'BACKEND': 'django.core.cache.backends.locmem.LocMemCache'}}, 'CACHE_MIDDLEWARE_ALIAS': 'default', 'CACHE_MIDDLEWARE_KEY_PREFIX': '********************', 'CACHE_MIDDLEWARE_SECONDS': 600, 'CORS_ALLOWED_ORIGINS': ['http://localhost:3000'], 'CORS_ALLOW_CREDENTIALS': True, 'CORS_ALLOW_HEADERS': ['content-type', 'authorization'], 'CORS_ALLOW_METHODS': ['GET', 'POST', 'PUT', 'PATCH', 'DELETE', 'OPTIONS'], 'CSRF_COOKIE_AGE': 31449600, 'CSRF_COOKIE_DOMAIN': None, 'CSRF_COOKIE_HTTPONLY': False, 'CSRF_COOKIE_NAME': 'csrftoken', 'CSRF_COOKIE_PATH': '/', 'CSRF_COOKIE_SAMESITE': 'Lax', 'CSRF_COOKIE_SECURE': False, 'CSRF_FAILURE_VIEW': 'django.views.csrf.csrf_failure', 'CSRF_HEADER_NAME': 'HTTP_X_CSRFTOKEN', 'CSRF_TRUSTED_ORIGINS': [], 'CSRF_USE_SESSIONS': False, 'DATABASES': {'default': {'ENGINE': 'django.db.backends.mysql', 'NAME': 'user_pokemon_management', 'USER': 'adam', 'PASSWORD': '********************', 'HOST': 'localhost', 'PORT': 3306, 'ATOMIC_REQUESTS': False, 'AUTOCOMMIT': True, 'CONN_MAX_AGE': 0, 'CONN_HEALTH_CHECKS': False, 'OPTIONS': {}, 'TIME_ZONE': None, 'TEST': {'CHARSET': None, 'COLLATION': None, 'MIGRATE': True, 'MIRROR': None, 'NAME': None}}}, 'DATABASE_ROUTERS': [], 'DATA_UPLOAD_MAX_MEMORY_SIZE': 2621440, 'DATA_UPLOAD_MAX_NUMBER_FIELDS': 1000, 'DATA_UPLOAD_MAX_NUMBER_FILES': 100, 'DATETIME_FORMAT': 'N j, Y, P', 'DATETIME_INPUT_FORMATS': ['%Y-%m-%d %H:%M:%S', '%Y-%m-%d %H:%M:%S.%f', '%Y-%m-%d %H:%M', '%m/%d/%Y %H:%M:%S', '%m/%d/%Y %H:%M:%S.%f', '%m/%d/%Y %H:%M', '%m/%d/%y %H:%M:%S', '%m/%d/%y %H:%M:%S.%f', '%m/%d/%y %H:%M'], 'DATE_FORMAT': 'N j, Y', 'DATE_INPUT_FORMATS': ['%Y-%m-%d', '%m/%d/%Y', '%m/%d/%y', '%b %d %Y', '%b %d, %Y', '%d %b %Y', '%d %b, %Y', '%B %d %Y', '%B %d, %Y', '%d %B %Y', '%d %B, %Y'], 'DEBUG': True, 'DEBUG_PROPAGATE_EXCEPTIONS': False, 'DECIMAL_SEPARATOR': '.', 'DEFAULT_AUTO_FIELD': 'django.db.models.AutoField', 'DEFAULT_CHARSET': 'utf-8', 'DEFAULT_EXCEPTION_REPORTER': 'django.views.debug.ExceptionReporter', 'DEFAULT_EXCEPTION_REPORTER_FILTER': 'django.views.debug.SafeExceptionReporterFilter', 'DEFAULT_FILE_STORAGE': 'django.core.files.storage.FileSystemStorage', 'DEFAULT_FROM_EMAIL': 'webmaster@localhost', 'DEFAULT_INDEX_TABLESPACE': '', 'DEFAULT_TABLESPACE': '', 'DISALLOWED_USER_AGENTS': [], 'EMAIL_BACKEND': 'django.core.mail.backends.smtp.EmailBackend', 'EMAIL_HOST': 'localhost', 'EMAIL_HOST_PASSWORD': '********************', 'EMAIL_HOST_USER': '', 'EMAIL_PORT': 25, 'EMAIL_SSL_CERTFILE': None, 'EMAIL_SSL_KEYFILE': '********************', 'EMAIL_SUBJECT_PREFIX': '[Django] ', 'EMAIL_TIMEOUT': None, 'EMAIL_USE_LOCALTIME': False, 'EMAIL_USE_SSL': False, 'EMAIL_USE_TLS': False, 'FILE_UPLOAD_DIRECTORY_PERMISSIONS': None, 'FILE_UPLOAD_HANDLERS': ['django.core.files.uploadhandler.MemoryFileUploadHandler', 'django.core.files.uploadhandler.TemporaryFileUploadHandler'], 'FILE_UPLOAD_MAX_MEMORY_SIZE': 2621440, 'FILE_UPLOAD_PERMISSIONS': 420, 'FILE_UPLOAD_TEMP_DIR': None, 'FIRST_DAY_OF_WEEK': 0, 'FIXTURE_DIRS': [], 'FORCE_SCRIPT_NAME': None, 'FORMAT_MODULE_PATH': None, 'FORMS_URLFIELD_ASSUME_HTTPS': False, 'FORM_RENDERER': 'django.forms.renderers.DjangoTemplates', 'IGNORABLE_404_URLS': [], 'INSTALLED_APPS': ['corsheaders', 'reader', 'storage', 'rest_framework'], 'INTERNAL_IPS': [], 'JWT_SECRET': '********************', 'LANGUAGES': [('af', 'Afrikaans'), ('ar', 'Arabic'), ('ar-dz', 'Algerian Arabic'), ('ast', 'Asturian'), ('az', 'Azerbaijani'), ('bg', 'Bulgarian'), ('be', 'Belarusian'), ('bn', 'Bengali'), ('br', 'Breton'), ('bs', 'Bosnian'), ('ca', 'Catalan'), ('ckb', 'Central Kurdish (Sorani)'), ('cs', 'Czech'), ('cy', 'Welsh'), ('da', 'Danish'), ('de', 'German'), ('dsb', 'Lower Sorbian'), ('el', 'Greek'), ('en', 'English'), ('en-au', 'Australian English'), ('en-gb', 'British English'), ('eo', 'Esperanto'), ('es', 'Spanish'), ('es-ar', 'Argentinian Spanish'), ('es-co', 'Colombian Spanish'), ('es-mx', 'Mexican Spanish'), ('es-ni', 'Nicaraguan Spanish'), ('es-ve', 'Venezuelan Spanish'), ('et', 'Estonian'), ('eu', 'Basque'), ('fa', 'Persian'), ('fi', 'Finnish'), ('fr', 'French'), ('fy', 'Frisian'), ('ga', 'Irish'), ('gd', 'Scottish Gaelic'), ('gl', 'Galician'), ('he', 'Hebrew'), ('hi', 'Hindi'), ('hr', 'Croatian'), ('hsb', 'Upper Sorbian'), ('hu', 'Hungarian'), ('hy', 'Armenian'), ('ia', 'Interlingua'), ('id', 'Indonesian'), ('ig', 'Igbo'), ('io', 'Ido'), ('is', 'Icelandic'), ('it', 'Italian'), ('ja', 'Japanese'), ('ka', 'Georgian'), ('kab', 'Kabyle'), ('kk', 'Kazakh'), ('km', 'Khmer'), ('kn', 'Kannada'), ('ko', 'Korean'), ('ky', 'Kyrgyz'), ('lb', 'Luxembourgish'), ('lt', 'Lithuanian'), ('lv', 'Latvian'), ('mk', 'Macedonian'), ('ml', 'Malayalam'), ('mn', 'Mongolian'), ('mr', 'Marathi'), ('ms', 'Malay'), ('my', 'Burmese'), ('nb', 'Norwegian Bokmål'), ('ne', 'Nepali'), ('nl', 'Dutch'), ('nn', 'Norwegian Nynorsk'), ('os', 'Ossetic'), ('pa', 'Punjabi'), ('pl', 'Polish'), ('pt', 'Portuguese'), ('pt-br', 'Brazilian Portuguese'), ('ro', 'Romanian'), ('ru', 'Russian'), ('sk', 'Slovak'), ('sl', 'Slovenian'), ('sq', 'Albanian'), ('sr', 'Serbian'), ('sr-latn', 'Serbian Latin'), ('sv', 'Swedish'), ('sw', 'Swahili'), ('ta', 'Tamil'), ('te', 'Telugu'), ('tg', 'Tajik'), ('th', 'Thai'), ('tk', 'Turkmen'), ('tr', 'Turkish'), ('tt', 'Tatar'), ('udm', 'Udmurt'), ('ug', 'Uyghur'), ('uk', 'Ukrainian'), ('ur', 'Urdu'), ('uz', 'Uzbek'), ('vi', 'Vietnamese'), ('zh-hans', 'Simplified Chinese'), ('zh-hant', 'Traditional Chinese')], 'LANGUAGES_BIDI': ['he', 'ar', 'ar-dz', 'ckb', 'fa', 'ug', 'ur'], 'LANGUAGE_CODE': 'en-us', 'LANGUAGE_COOKIE_AGE': None, 'LANGUAGE_COOKIE_DOMAIN': None, 'LANGUAGE_COOKIE_HTTPONLY': False, 'LANGUAGE_COOKIE_NAME': 'django_language', 'LANGUAGE_COOKIE_PATH': '/', 'LANGUAGE_COOKIE_SAMESITE': None, 'LANGUAGE_COOKIE_SECURE': False, 'LOCALE_PATHS': [], 'LOGGING': {'version': 1, 'formatters': {'detailed': {'format': '%(asctime)s - %(levelname)s - %(module)s - %(message)s', 'datefmt': '%Y-%m-%d %H:%M:%S'}}, 'filters': {'add_trace_id': {'()': 'storage.logging_filters.AddTraceIDFilter'}}, 'handlers': {'console': {'class': 'logging.StreamHandler', 'level': 'DEBUG', 'formatter': 'detailed', 'stream': 'ext://sys.stdout'}, 'file': {'class': 'logging.FileHandler', 'level': 'DEBUG', 'formatter': 'detailed', 'filters': ['add_trace_id'], 'filename': 'reader/app.log'}}, 'loggers': {'basicLogger': {'level': 'DEBUG', 'handlers': ['console', 'file'], 'propagate': False}, 'django': {'level': 'DEBUG', 'handlers': ['console', 'file'], 'propagate': False}}, 'root': {'level': 'DEBUG', 'handlers': ['console', 'file']}}, 'LOGGING_CONFIG': None, 'LOGIN_REDIRECT_URL': '/accounts/profile/', 'LOGIN_URL': '/accounts/login/', 'LOGOUT_REDIRECT_URL': None, 'MANAGERS': [], 'MEDIA_ROOT': '', 'MEDIA_URL': '/', 'MESSAGE_STORAGE': 'django.contrib.messages.storage.fallback.FallbackStorage', 'MIDDLEWARE': ['corsheaders.middleware.CorsMiddleware', 'django.middleware.security.SecurityMiddleware', 'django.middleware.common.CommonMiddleware', 'django.middleware.csrf.CsrfViewMiddleware'], 'MIGRATION_MODULES': {}, 'MONTH_DAY_FORMAT': 'F j', 'NUMBER_GROUPING': 0, 'PASSWORD_HASHERS': '********************', 'PASSWORD_RESET_TIMEOUT': '********************', 'PREPEND_WWW': False, 'REST_FRAMEWORK': {'DEFAULT_RENDERER_CLASSES': ('rest_framework.renderers.JSONRenderer',), 'DEFAULT_PARSER_CLASSES': ('rest_framework.parsers.JSONParser',)}, 'ROOT_URLCONF': 'reader.urls', 'SECRET_KEY': '********************', 'SECRET_KEY_FALLBACKS': '********************', 'SECURE_CONTENT_TYPE_NOSNIFF': True, 'SECURE_CROSS_ORIGIN_OPENER_POLICY': 'same-origin', 'SECURE_HSTS_INCLUDE_SUBDOMAINS': False, 'SECURE_HSTS_PRELOAD': False, 'SECURE_HSTS_SECONDS': 0, 'SECURE_PROXY_SSL_HEADER': None, 'SECURE_REDIRECT_EXEMPT': [], 'SECURE_REFERRER_POLICY': 'same-origin', 'SECURE_SSL_HOST': None, 'SECURE_SSL_REDIRECT': False, 'SERVER_EMAIL': 'root@localhost', 'SESSION_CACHE_ALIAS': 'default', 'SESSION_COOKIE_AGE': 1209600, 'SESSION_COOKIE_DOMAIN': None, 'SESSION_COOKIE_HTTPONLY': True, 'SESSION_COOKIE_NAME': 'sessionid', 'SESSION_COOKIE_PATH': '/', 'SESSION_COOKIE_SAMESITE': 'Lax', 'SESSION_COOKIE_SECURE': False, 'SESSION_ENGINE': 'django.contrib.sessions.backends.db', 'SESSION_EXPIRE_AT_BROWSER_CLOSE': False, 'SESSION_FILE_PATH': None, 'SESSION_SAVE_EVERY_REQUEST': False, 'SESSION_SERIALIZER': 'django.contrib.sessions.serializers.JSONSerializer', 'SETTINGS_MODULE': 'reader.settings', 'SHORT_DATETIME_FORMAT': 'm/d/Y P', 'SHORT_DATE_FORMAT': 'm/d/Y', 'SIGNING_BACKEND': 'django.core.signing.TimestampSigner', 'SILENCED_SYSTEM_CHECKS': [], 'STATICFILES_DIRS': [], 'STATICFILES_FINDERS': ['django.contrib.staticfiles.finders.FileSystemFinder', 'django.contrib.staticfiles.finders.AppDirectoriesFinder'], 'STATICFILES_STORAGE': 'django.contrib.staticfiles.storage.StaticFilesStorage', 'STATIC_ROOT': None, 'STATIC_URL': '/static/', 'STORAGES': {'default': {'BACKEND': 'django.core.files.storage.FileSystemStorage'}, 'staticfiles': {'BACKEND': 'django.contrib.staticfiles.storage.StaticFilesStorage'}}, 'TEMPLATES': [], 'TEST_NON_SERIALIZED_APPS': [], 'TEST_RUNNER': 'django.test.runner.DiscoverRunner', 'THOUSAND_SEPARATOR': ',', 'TIME_FORMAT': 'P', 'TIME_INPUT_FORMATS': ['%H:%M:%S', '%H:%M:%S.%f', '%H:%M'], 'TIME_ZONE': 'America/Chicago', 'USE_I18N': True, 'USE_THOUSAND_SEPARATOR': False, 'USE_TZ': True, 'USE_X_FORWARDED_HOST': False, 'USE_X_FORWARDED_PORT': False, 'WSGI_APPLICATION': None, 'X_FRAME_OPTIONS': 'DENY', 'YEAR_MONTH_FORMAT': 'F Y'}, 'sys_executable': 'C:\\Users\\Captain Monk\\.pyenv\\pyenv-win\\versions\\3.10.0\\python.exe', 'sys_version_info': '3.10.0', 'server_time': datetime.datetime(2024, 7, 15, 20, 46, 25, 673407, tzinfo=datetime.timezone.utc), 'django_version_info': '5.0.4', 'sys_path': ['A:\\Visual-Studio-Code\\Go\\user_pokemon_management', 'C:\\Users\\Captain Monk\\.pyenv\\pyenv-win\\versions\\3.10.0\\python310.zip', 'C:\\Users\\Captain Monk\\.pyenv\\pyenv-win\\versions\\3.10.0\\DLLs', 'C:\\Users\\Captain Monk\\.pyenv\\pyenv-win\\versions\\3.10.0\\lib', 'C:\\Users\\Captain Monk\\.pyenv\\pyenv-win\\versions\\3.10.0', 'C:\\Users\\Captain Monk\\.pyenv\\pyenv-win\\versions\\3.10.0\\lib\\site-packages', 'C:\\Users\\Captain Monk\\.pyenv\\pyenv-win\\versions\\3.10.0\\lib\\site-packages\\win32', 'C:\\Users\\Captain Monk\\.pyenv\\pyenv-win\\versions\\3.10.0\\lib\\site-packages\\win32\\lib', 'C:\\Users\\Captain Monk\\.pyenv\\pyenv-win\\versions\\3.10.0\\lib\\site-packages\\Pythonwin'], 'template_info': None, 'template_does_not_exist': False, 'postmortem': None, 'request_GET_items': <generator object MultiValueDict.items at 0x0000024F46892C00>, 'request_FILES_items': <generator object MultiValueDict.items at 0x0000024F469B2B20>, 'request_insecure_uri': 'http://localhost:3005/api/ownershipData/663d6760537fa61b79ac8bab', 'raising_view_name': 'reader.views.UserPokemonList', 'exception_type': 'RuntimeError', 'exception_value': "Model class django.contrib.contenttypes.models.ContentType doesn't declare an explicit app_label and isn't in an application in INSTALLED_APPS.", 'lastframe': {'exc_cause': None, 'exc_cause_explicit': None, 'tb': <traceback object at 0x0000024F468B0740>, 'type': 'django', 'filename': 'C:\\Users\\Captain Monk\\.pyenv\\pyenv-win\\versions\\3.10.0\\lib\\site-packages\\django\\db\\models\\base.py', 'function': '__new__', 'lineno': 134, 'vars': [('cls', "<class 'django.db.models.base.ModelBase'>"), ('name', "'ContentType'"), ('bases', "(<class 'django.db.models.base.Model'>,)"), ('attrs', "{'__qualname__': 'ContentType',\n '__str__': <function ContentType.__str__ at 0x0000024F468ADBD0>,\n 'app_label': <django.db.models.fields.CharField>,\n 'app_labeled_name': <property object at 0x0000024F4689F8D0>,\n 'get_all_objects_for_this_type': <function ContentType.get_all_objects_for_this_type at 0x0000024F468ADEA0>,\n 'get_object_for_this_type': <function ContentType.get_object_for_this_type at 0x0000024F468ADE10>,\n 'model': <django.db.models.fields.CharField>,\n 'model_class': <function ContentType.model_class at 0x0000024F468ADD80>,\n 'name': <property object at 0x0000024F4689F880>,\n 'natural_key': <function ContentType.natural_key at 0x0000024F468ADF30>,\n 'objects': <django.contrib.contenttypes.models.ContentTypeManager object at 0x0000024F4688AF80>}"), ('kwargs', '{}'), ('super_new', '<built-in method __new__ of type object at 0x00007FFED02DA920>'), ('parents', "[<class 'django.db.models.base.Model'>]"), ('module', "'django.contrib.contenttypes.models'"), ('new_attrs', "{'__module__': 'django.contrib.contenttypes.models',\n '__qualname__': 'ContentType',\n '__str__': <function ContentType.__str__ at 0x0000024F468ADBD0>,\n 'app_labeled_name': <property object at 0x0000024F4689F8D0>,\n 'get_all_objects_for_this_type': <function ContentType.get_all_objects_for_this_type at 0x0000024F468ADEA0>,\n 'get_object_for_this_type': <function ContentType.get_object_for_this_type at 0x0000024F468ADE10>,\n 'model_class': <function ContentType.model_class at 0x0000024F468ADD80>,\n 'name': <property object at 0x0000024F4689F880>,\n 'natural_key': <function ContentType.natural_key at 0x0000024F468ADF30>}"), ('classcell', 'None'), ('attr_meta', "<class 'django.contrib.contenttypes.models.ContentType.Meta'>"), ('contributable_attrs', "{'app_label': <django.db.models.fields.CharField>,\n 'model': <django.db.models.fields.CharField>,\n 'objects': <django.contrib.contenttypes.models.ContentTypeManager object at 0x0000024F4688AF80>}"), ('obj_name', "'natural_key'"), ('obj', '<function ContentType.natural_key at 0x0000024F468ADF30>'), ('new_class', "<class 'django.contrib.contenttypes.models.ContentType'>"), ('abstract', 'False'), ('meta', "<class 'django.contrib.contenttypes.models.ContentType.Meta'>"), ('base_meta', 'None'), ('app_label', 'None'), ('app_config', 'None'), ('__class__', "<class 'django.db.models.base.ModelBase'>")], 'id': 2539509188416, 'pre_context': ['', '        # Look for an application configuration to attach the model to.', '        app_config = apps.get_containing_app_config(module)', '', '        if getattr(meta, "app_label", None) is None:', '            if app_config is None:', '                if not abstract:'], 'context_line': '                    raise RuntimeError(', 'post_context': ['                        "Model class %s.%s doesn\'t declare an explicit "', '                        "app_label and isn\'t in an application in "', '                        "INSTALLED_APPS." % (module, name)', '                    )', '', '            else:'], 'pre_context_lineno': 127, 'colno': '', 'tb_area_colno': ''}}]
2024-07-15 13:46:25 - ERROR - log - Internal Server Error: /api/ownershipData/663d6760537fa61b79ac8bab
Traceback (most recent call last):
  File "C:\Users\Captain Monk\.pyenv\pyenv-win\versions\3.10.0\lib\site-packages\django\core\handlers\exception.py", line 55, in inner
    response = get_response(request)
  File "C:\Users\Captain Monk\.pyenv\pyenv-win\versions\3.10.0\lib\site-packages\django\core\handlers\base.py", line 197, in _get_response
    response = wrapped_callback(request, *callback_args, **callback_kwargs)
  File "C:\Users\Captain Monk\.pyenv\pyenv-win\versions\3.10.0\lib\site-packages\django\views\decorators\csrf.py", line 65, in _view_wrapper
    return view_func(request, *args, **kwargs)
  File "C:\Users\Captain Monk\.pyenv\pyenv-win\versions\3.10.0\lib\site-packages\django\views\generic\base.py", line 104, in view
    return self.dispatch(request, *args, **kwargs)
  File "C:\Users\Captain Monk\.pyenv\pyenv-win\versions\3.10.0\lib\site-packages\rest_framework\views.py", line 509, in dispatch
    response = self.handle_exception(exc)
  File "C:\Users\Captain Monk\.pyenv\pyenv-win\versions\3.10.0\lib\site-packages\rest_framework\views.py", line 469, in handle_exception
    self.raise_uncaught_exception(exc)
  File "C:\Users\Captain Monk\.pyenv\pyenv-win\versions\3.10.0\lib\site-packages\rest_framework\views.py", line 480, in raise_uncaught_exception
    raise exc
  File "C:\Users\Captain Monk\.pyenv\pyenv-win\versions\3.10.0\lib\site-packages\rest_framework\views.py", line 497, in dispatch
    self.initial(request, *args, **kwargs)
  File "C:\Users\Captain Monk\.pyenv\pyenv-win\versions\3.10.0\lib\site-packages\rest_framework\views.py", line 414, in initial
    self.perform_authentication(request)
  File "C:\Users\Captain Monk\.pyenv\pyenv-win\versions\3.10.0\lib\site-packages\rest_framework\views.py", line 324, in perform_authentication
    request.user
  File "C:\Users\Captain Monk\.pyenv\pyenv-win\versions\3.10.0\lib\site-packages\rest_framework\request.py", line 231, in user
    self._authenticate()
  File "C:\Users\Captain Monk\.pyenv\pyenv-win\versions\3.10.0\lib\site-packages\rest_framework\request.py", line 394, in _authenticate
    self._not_authenticated()
  File "C:\Users\Captain Monk\.pyenv\pyenv-win\versions\3.10.0\lib\site-packages\rest_framework\request.py", line 404, in _not_authenticated
    if api_settings.UNAUTHENTICATED_USER:
  File "C:\Users\Captain Monk\.pyenv\pyenv-win\versions\3.10.0\lib\site-packages\rest_framework\settings.py", line 227, in __getattr__
    val = perform_import(val, attr)
  File "C:\Users\Captain Monk\.pyenv\pyenv-win\versions\3.10.0\lib\site-packages\rest_framework\settings.py", line 168, in perform_import
    return import_from_string(val, setting_name)
  File "C:\Users\Captain Monk\.pyenv\pyenv-win\versions\3.10.0\lib\site-packages\rest_framework\settings.py", line 179, in import_from_string
    return import_string(val)
  File "C:\Users\Captain Monk\.pyenv\pyenv-win\versions\3.10.0\lib\site-packages\django\utils\module_loading.py", line 30, in import_string
    return cached_import(module_path, class_name)
  File "C:\Users\Captain Monk\.pyenv\pyenv-win\versions\3.10.0\lib\site-packages\django\utils\module_loading.py", line 15, in cached_import
    module = import_module(module_path)
  File "C:\Users\Captain Monk\.pyenv\pyenv-win\versions\3.10.0\lib\importlib\__init__.py", line 126, in import_module
    return _bootstrap._gcd_import(name[level:], package, level)
  File "<frozen importlib._bootstrap>", line 1050, in _gcd_import
  File "<frozen importlib._bootstrap>", line 1027, in _find_and_load
  File "<frozen importlib._bootstrap>", line 1006, in _find_and_load_unlocked
  File "<frozen importlib._bootstrap>", line 688, in _load_unlocked
  File "<frozen importlib._bootstrap_external>", line 883, in exec_module
  File "<frozen importlib._bootstrap>", line 241, in _call_with_frames_removed
  File "C:\Users\Captain Monk\.pyenv\pyenv-win\versions\3.10.0\lib\site-packages\django\contrib\auth\models.py", line 5, in <module>
    from django.contrib.contenttypes.models import ContentType
  File "C:\Users\Captain Monk\.pyenv\pyenv-win\versions\3.10.0\lib\site-packages\django\contrib\contenttypes\models.py", line 139, in <module>
    class ContentType(models.Model):
  File "C:\Users\Captain Monk\.pyenv\pyenv-win\versions\3.10.0\lib\site-packages\django\db\models\base.py", line 134, in __new__
    raise RuntimeError(
RuntimeError: Model class django.contrib.contenttypes.models.ContentType doesn't declare an explicit app_label and isn't in an application in INSTALLED_APPS.
2024-07-15 13:46:25 - ERROR - basehttp - "GET /api/ownershipData/663d6760537fa61b79ac8bab HTTP/1.1" 500 198588
2024-07-15 13:47:55,281 - basicLogger - INFO - StorageConfig is ready.
2024-07-15 13:48:24 - INFO - apps - StorageConfig is ready.
2024-07-15 13:48:31 - ERROR - log - Internal Server Error: /api/ownershipData/663d6760537fa61b79ac8bab
Traceback (most recent call last):
  File "C:\Users\Captain Monk\.pyenv\pyenv-win\versions\3.10.0\lib\site-packages\django\core\handlers\exception.py", line 55, in inner
    response = get_response(request)
  File "C:\Users\Captain Monk\.pyenv\pyenv-win\versions\3.10.0\lib\site-packages\django\core\handlers\base.py", line 197, in _get_response
    response = wrapped_callback(request, *callback_args, **callback_kwargs)
  File "C:\Users\Captain Monk\.pyenv\pyenv-win\versions\3.10.0\lib\site-packages\django\views\decorators\csrf.py", line 65, in _view_wrapper
    return view_func(request, *args, **kwargs)
  File "C:\Users\Captain Monk\.pyenv\pyenv-win\versions\3.10.0\lib\site-packages\django\views\generic\base.py", line 104, in view
    return self.dispatch(request, *args, **kwargs)
  File "C:\Users\Captain Monk\.pyenv\pyenv-win\versions\3.10.0\lib\site-packages\rest_framework\views.py", line 509, in dispatch
    response = self.handle_exception(exc)
  File "C:\Users\Captain Monk\.pyenv\pyenv-win\versions\3.10.0\lib\site-packages\rest_framework\views.py", line 469, in handle_exception
    self.raise_uncaught_exception(exc)
  File "C:\Users\Captain Monk\.pyenv\pyenv-win\versions\3.10.0\lib\site-packages\rest_framework\views.py", line 480, in raise_uncaught_exception
    raise exc
  File "C:\Users\Captain Monk\.pyenv\pyenv-win\versions\3.10.0\lib\site-packages\rest_framework\views.py", line 497, in dispatch
    self.initial(request, *args, **kwargs)
  File "C:\Users\Captain Monk\.pyenv\pyenv-win\versions\3.10.0\lib\site-packages\rest_framework\views.py", line 414, in initial
    self.perform_authentication(request)
  File "C:\Users\Captain Monk\.pyenv\pyenv-win\versions\3.10.0\lib\site-packages\rest_framework\views.py", line 324, in perform_authentication
    request.user
  File "C:\Users\Captain Monk\.pyenv\pyenv-win\versions\3.10.0\lib\site-packages\rest_framework\request.py", line 231, in user
    self._authenticate()
  File "C:\Users\Captain Monk\.pyenv\pyenv-win\versions\3.10.0\lib\site-packages\rest_framework\request.py", line 394, in _authenticate
    self._not_authenticated()
  File "C:\Users\Captain Monk\.pyenv\pyenv-win\versions\3.10.0\lib\site-packages\rest_framework\request.py", line 404, in _not_authenticated
    if api_settings.UNAUTHENTICATED_USER:
  File "C:\Users\Captain Monk\.pyenv\pyenv-win\versions\3.10.0\lib\site-packages\rest_framework\settings.py", line 227, in __getattr__
    val = perform_import(val, attr)
  File "C:\Users\Captain Monk\.pyenv\pyenv-win\versions\3.10.0\lib\site-packages\rest_framework\settings.py", line 168, in perform_import
    return import_from_string(val, setting_name)
  File "C:\Users\Captain Monk\.pyenv\pyenv-win\versions\3.10.0\lib\site-packages\rest_framework\settings.py", line 179, in import_from_string
    return import_string(val)
  File "C:\Users\Captain Monk\.pyenv\pyenv-win\versions\3.10.0\lib\site-packages\django\utils\module_loading.py", line 30, in import_string
    return cached_import(module_path, class_name)
  File "C:\Users\Captain Monk\.pyenv\pyenv-win\versions\3.10.0\lib\site-packages\django\utils\module_loading.py", line 15, in cached_import
    module = import_module(module_path)
  File "C:\Users\Captain Monk\.pyenv\pyenv-win\versions\3.10.0\lib\importlib\__init__.py", line 126, in import_module
    return _bootstrap._gcd_import(name[level:], package, level)
  File "<frozen importlib._bootstrap>", line 1050, in _gcd_import
  File "<frozen importlib._bootstrap>", line 1027, in _find_and_load
  File "<frozen importlib._bootstrap>", line 1006, in _find_and_load_unlocked
  File "<frozen importlib._bootstrap>", line 688, in _load_unlocked
  File "<frozen importlib._bootstrap_external>", line 883, in exec_module
  File "<frozen importlib._bootstrap>", line 241, in _call_with_frames_removed
  File "C:\Users\Captain Monk\.pyenv\pyenv-win\versions\3.10.0\lib\site-packages\django\contrib\auth\models.py", line 5, in <module>
    from django.contrib.contenttypes.models import ContentType
  File "C:\Users\Captain Monk\.pyenv\pyenv-win\versions\3.10.0\lib\site-packages\django\contrib\contenttypes\models.py", line 139, in <module>
    class ContentType(models.Model):
  File "C:\Users\Captain Monk\.pyenv\pyenv-win\versions\3.10.0\lib\site-packages\django\db\models\base.py", line 134, in __new__
    raise RuntimeError(
RuntimeError: Model class django.contrib.contenttypes.models.ContentType doesn't declare an explicit app_label and isn't in an application in INSTALLED_APPS.
2024-07-15 13:48:31 - ERROR - basehttp - "GET /api/ownershipData/663d6760537fa61b79ac8bab HTTP/1.1" 500 198827
2024-07-15 13:49:32 - INFO - apps - StorageConfig is ready.
2024-07-15 13:50:51 - INFO - apps - StorageConfig is ready.
2024-07-15 13:52:52 - INFO - apps - StorageConfig is ready.
2024-07-15 13:54:04 - INFO - apps - StorageConfig is ready.
2024-07-15 13:54:18 - INFO - apps - StorageConfig is ready.
2024-07-15 13:54:32 - WARNING - log - Forbidden: /api/ownershipData/663d6760537fa61b79ac8bab
2024-07-15 13:54:32 - WARNING - basehttp - "GET /api/ownershipData/663d6760537fa61b79ac8bab HTTP/1.1" 403 58
2024-07-15 13:59:06 - INFO - apps - StorageConfig is ready.
2024-07-15 13:59:11 - WARNING - log - Forbidden: /api/ownershipData/663d6760537fa61b79ac8bab
2024-07-15 13:59:11 - WARNING - basehttp - "GET /api/ownershipData/663d6760537fa61b79ac8bab HTTP/1.1" 403 58
2024-07-15 14:01:03 - INFO - apps - StorageConfig is ready.
2024-07-15 14:01:13 - INFO - views - Token decoded successfully
2024-07-15 14:01:13 - ERROR - log - Internal Server Error: /api/ownershipData/663d6760537fa61b79ac8bab
Traceback (most recent call last):
  File "C:\Users\Captain Monk\.pyenv\pyenv-win\versions\3.10.0\lib\site-packages\django\db\models\fields\__init__.py", line 2117, in get_prep_value
    return int(value)
ValueError: invalid literal for int() with base 10: '663d6760537fa61b79ac8bab'

The above exception was the direct cause of the following exception:

Traceback (most recent call last):
  File "A:\Visual-Studio-Code\Go\user_pokemon_management\reader\views.py", line 31, in verify_access_token
    user = User.objects.get(pk=user_id)
  File "C:\Users\Captain Monk\.pyenv\pyenv-win\versions\3.10.0\lib\site-packages\django\db\models\manager.py", line 87, in manager_method
    return getattr(self.get_queryset(), name)(*args, **kwargs)
  File "C:\Users\Captain Monk\.pyenv\pyenv-win\versions\3.10.0\lib\site-packages\django\db\models\query.py", line 635, in get
    clone = self._chain() if self.query.combinator else self.filter(*args, **kwargs)
  File "C:\Users\Captain Monk\.pyenv\pyenv-win\versions\3.10.0\lib\site-packages\django\db\models\query.py", line 1476, in filter
    return self._filter_or_exclude(False, args, kwargs)
  File "C:\Users\Captain Monk\.pyenv\pyenv-win\versions\3.10.0\lib\site-packages\django\db\models\query.py", line 1494, in _filter_or_exclude
    clone._filter_or_exclude_inplace(negate, args, kwargs)
  File "C:\Users\Captain Monk\.pyenv\pyenv-win\versions\3.10.0\lib\site-packages\django\db\models\query.py", line 1501, in _filter_or_exclude_inplace
    self._query.add_q(Q(*args, **kwargs))
  File "C:\Users\Captain Monk\.pyenv\pyenv-win\versions\3.10.0\lib\site-packages\django\db\models\sql\query.py", line 1613, in add_q
    clause, _ = self._add_q(q_object, self.used_aliases)
  File "C:\Users\Captain Monk\.pyenv\pyenv-win\versions\3.10.0\lib\site-packages\django\db\models\sql\query.py", line 1645, in _add_q
    child_clause, needed_inner = self.build_filter(
  File "C:\Users\Captain Monk\.pyenv\pyenv-win\versions\3.10.0\lib\site-packages\django\db\models\sql\query.py", line 1559, in build_filter
    condition = self.build_lookup(lookups, col, value)
  File "C:\Users\Captain Monk\.pyenv\pyenv-win\versions\3.10.0\lib\site-packages\django\db\models\sql\query.py", line 1389, in build_lookup
    lookup = lookup_class(lhs, rhs)
  File "C:\Users\Captain Monk\.pyenv\pyenv-win\versions\3.10.0\lib\site-packages\django\db\models\lookups.py", line 30, in __init__
    self.rhs = self.get_prep_lookup()
  File "C:\Users\Captain Monk\.pyenv\pyenv-win\versions\3.10.0\lib\site-packages\django\db\models\lookups.py", line 364, in get_prep_lookup
    return super().get_prep_lookup()
  File "C:\Users\Captain Monk\.pyenv\pyenv-win\versions\3.10.0\lib\site-packages\django\db\models\lookups.py", line 88, in get_prep_lookup
    return self.lhs.output_field.get_prep_value(self.rhs)
  File "C:\Users\Captain Monk\.pyenv\pyenv-win\versions\3.10.0\lib\site-packages\django\db\models\fields\__init__.py", line 2119, in get_prep_value
    raise e.__class__(
ValueError: Field 'id' expected a number but got '663d6760537fa61b79ac8bab'.

During handling of the above exception, another exception occurred:

Traceback (most recent call last):
  File "C:\Users\Captain Monk\.pyenv\pyenv-win\versions\3.10.0\lib\site-packages\django\core\handlers\exception.py", line 55, in inner
    response = get_response(request)
  File "C:\Users\Captain Monk\.pyenv\pyenv-win\versions\3.10.0\lib\site-packages\django\core\handlers\base.py", line 197, in _get_response
    response = wrapped_callback(request, *callback_args, **callback_kwargs)
  File "C:\Users\Captain Monk\.pyenv\pyenv-win\versions\3.10.0\lib\site-packages\django\views\decorators\csrf.py", line 65, in _view_wrapper
    return view_func(request, *args, **kwargs)
  File "C:\Users\Captain Monk\.pyenv\pyenv-win\versions\3.10.0\lib\site-packages\django\views\generic\base.py", line 104, in view
    return self.dispatch(request, *args, **kwargs)
  File "C:\Users\Captain Monk\.pyenv\pyenv-win\versions\3.10.0\lib\site-packages\rest_framework\views.py", line 509, in dispatch
    response = self.handle_exception(exc)
  File "C:\Users\Captain Monk\.pyenv\pyenv-win\versions\3.10.0\lib\site-packages\rest_framework\views.py", line 469, in handle_exception
    self.raise_uncaught_exception(exc)
  File "C:\Users\Captain Monk\.pyenv\pyenv-win\versions\3.10.0\lib\site-packages\rest_framework\views.py", line 480, in raise_uncaught_exception
    raise exc
  File "C:\Users\Captain Monk\.pyenv\pyenv-win\versions\3.10.0\lib\site-packages\rest_framework\views.py", line 506, in dispatch
    response = handler(request, *args, **kwargs)
  File "A:\Visual-Studio-Code\Go\user_pokemon_management\reader\views.py", line 43, in get
    if not verify_access_token(request):
  File "A:\Visual-Studio-Code\Go\user_pokemon_management\reader\views.py", line 34, in verify_access_token
    except jwt.JWTError as e:
AttributeError: module 'jwt' has no attribute 'JWTError'
2024-07-15 14:01:13 - ERROR - basehttp - "GET /api/ownershipData/663d6760537fa61b79ac8bab HTTP/1.1" 500 182784
2024-07-15 14:03:05 - INFO - apps - StorageConfig is ready.
2024-07-15 14:03:12 - ERROR - views - Invalid UUID format
2024-07-15 14:03:12 - WARNING - log - Forbidden: /api/ownershipData/663d6760537fa61b79ac8bab
2024-07-15 14:03:12 - WARNING - basehttp - "GET /api/ownershipData/663d6760537fa61b79ac8bab HTTP/1.1" 403 34
2024-07-15 14:05:43 - INFO - apps - StorageConfig is ready.
2024-07-15 14:05:52 - INFO - views - Token decoded successfully
2024-07-15 14:08:52 - INFO - views - Token decoded successfully
2024-07-15 14:13:09 - INFO - views - Token decoded successfully
2024-07-15 14:14:26 - INFO - views - Token decoded successfully
2024-07-15 14:14:50 - INFO - views - Token decoded successfully
2024-07-15 14:16:18 - INFO - views - Token decoded successfully
2024-07-15 14:17:01 - INFO - views - Token decoded successfully
2024-07-15 14:17:37 - INFO - views - Token decoded successfully
2024-07-15 14:20:45 - INFO - apps - StorageConfig is ready.
2024-07-15 14:20:51 - INFO - views - Token decoded successfully
2024-07-15 14:21:47 - INFO - views - Token decoded successfully
2024-07-15 14:47:08 - INFO - views - Token decoded successfully
2024-07-15 14:47:53 - INFO - views - Token decoded successfully
2024-07-15 14:54:34 - INFO - views - Token decoded successfully
2024-07-15 15:01:24 - INFO - views - Token decoded successfully
2024-07-15 15:05:56 - INFO - apps - StorageConfig is ready.
2024-07-15 15:06:07 - INFO - views - Token decoded successfully
2024-07-15 15:06:40 - INFO - apps - StorageConfig is ready.
2024-07-15 15:06:46 - INFO - views - Token decoded successfully
2024-07-15 15:08:21 - INFO - apps - StorageConfig is ready.
2024-07-15 15:08:27 - INFO - views - Token decoded successfully
2024-07-15 15:08:27 - ERROR - log - Internal Server Error: /api/ownershipData/663d6760537fa61b79ac8bab
Traceback (most recent call last):
  File "C:\Users\Captain Monk\.pyenv\pyenv-win\versions\3.10.0\lib\site-packages\django\core\handlers\exception.py", line 55, in inner
    response = get_response(request)
  File "C:\Users\Captain Monk\.pyenv\pyenv-win\versions\3.10.0\lib\site-packages\django\core\handlers\base.py", line 197, in _get_response
    response = wrapped_callback(request, *callback_args, **callback_kwargs)
  File "C:\Users\Captain Monk\.pyenv\pyenv-win\versions\3.10.0\lib\site-packages\django\views\decorators\csrf.py", line 65, in _view_wrapper
    return view_func(request, *args, **kwargs)
  File "C:\Users\Captain Monk\.pyenv\pyenv-win\versions\3.10.0\lib\site-packages\django\views\generic\base.py", line 104, in view
    return self.dispatch(request, *args, **kwargs)
  File "C:\Users\Captain Monk\.pyenv\pyenv-win\versions\3.10.0\lib\site-packages\rest_framework\views.py", line 509, in dispatch
    response = self.handle_exception(exc)
  File "C:\Users\Captain Monk\.pyenv\pyenv-win\versions\3.10.0\lib\site-packages\rest_framework\views.py", line 469, in handle_exception
    self.raise_uncaught_exception(exc)
  File "C:\Users\Captain Monk\.pyenv\pyenv-win\versions\3.10.0\lib\site-packages\rest_framework\views.py", line 480, in raise_uncaught_exception
    raise exc
  File "C:\Users\Captain Monk\.pyenv\pyenv-win\versions\3.10.0\lib\site-packages\rest_framework\views.py", line 506, in dispatch
    response = handler(request, *args, **kwargs)
  File "A:\Visual-Studio-Code\Go\user_pokemon_management\reader\views.py", line 47, in get
    response_data = {instance['instance_id']: instance for instance in serializer.data}
  File "A:\Visual-Studio-Code\Go\user_pokemon_management\reader\views.py", line 47, in <dictcomp>
    response_data = {instance['instance_id']: instance for instance in serializer.data}
KeyError: 'instance_id'
2024-07-15 15:08:27 - ERROR - basehttp - "GET /api/ownershipData/663d6760537fa61b79ac8bab HTTP/1.1" 500 119884
2024-07-15 15:09:54 - INFO - apps - StorageConfig is ready.
2024-07-15 15:10:07 - INFO - views - Token decoded successfully
2024-07-15 15:10:07 - ERROR - log - Internal Server Error: /api/ownershipData/663d6760537fa61b79ac8bab
Traceback (most recent call last):
  File "C:\Users\Captain Monk\.pyenv\pyenv-win\versions\3.10.0\lib\site-packages\django\core\handlers\exception.py", line 55, in inner
    response = get_response(request)
  File "C:\Users\Captain Monk\.pyenv\pyenv-win\versions\3.10.0\lib\site-packages\django\core\handlers\base.py", line 197, in _get_response
    response = wrapped_callback(request, *callback_args, **callback_kwargs)
  File "C:\Users\Captain Monk\.pyenv\pyenv-win\versions\3.10.0\lib\site-packages\django\views\decorators\csrf.py", line 65, in _view_wrapper
    return view_func(request, *args, **kwargs)
  File "C:\Users\Captain Monk\.pyenv\pyenv-win\versions\3.10.0\lib\site-packages\django\views\generic\base.py", line 104, in view
    return self.dispatch(request, *args, **kwargs)
  File "C:\Users\Captain Monk\.pyenv\pyenv-win\versions\3.10.0\lib\site-packages\rest_framework\views.py", line 509, in dispatch
    response = self.handle_exception(exc)
  File "C:\Users\Captain Monk\.pyenv\pyenv-win\versions\3.10.0\lib\site-packages\rest_framework\views.py", line 469, in handle_exception
    self.raise_uncaught_exception(exc)
  File "C:\Users\Captain Monk\.pyenv\pyenv-win\versions\3.10.0\lib\site-packages\rest_framework\views.py", line 480, in raise_uncaught_exception
    raise exc
  File "C:\Users\Captain Monk\.pyenv\pyenv-win\versions\3.10.0\lib\site-packages\rest_framework\views.py", line 506, in dispatch
    response = handler(request, *args, **kwargs)
  File "A:\Visual-Studio-Code\Go\user_pokemon_management\reader\views.py", line 47, in get
    response_data = {instance['instance_id']: {k: v for k, v in instance.items() if k not in ['instance_id', 'user', 'trace_id']} for instance in serializer.data}
  File "A:\Visual-Studio-Code\Go\user_pokemon_management\reader\views.py", line 47, in <dictcomp>
    response_data = {instance['instance_id']: {k: v for k, v in instance.items() if k not in ['instance_id', 'user', 'trace_id']} for instance in serializer.data}
KeyError: 'instance_id'
2024-07-15 15:10:07 - ERROR - basehttp - "GET /api/ownershipData/663d6760537fa61b79ac8bab HTTP/1.1" 500 120304
2024-07-15 15:11:08 - INFO - apps - StorageConfig is ready.
2024-07-15 15:11:21 - INFO - views - Token decoded successfully
2024-07-15 15:13:02 - INFO - views - Token decoded successfully
2024-07-15 15:13:32 - INFO - apps - StorageConfig is ready.
2024-07-15 15:13:41 - INFO - views - Token decoded successfully
2024-07-15 15:15:39 - INFO - apps - StorageConfig is ready.
2024-07-15 15:15:50 - INFO - views - Token decoded successfully
2024-07-15 15:17:28 - INFO - views - Token decoded successfully
2024-07-15 15:19:31 - INFO - views - Token decoded successfully
2024-07-15 15:24:41 - INFO - views - Token decoded successfully
2024-07-15 15:29:58 - INFO - views - Token decoded successfully
2024-07-15 15:33:47 - INFO - views - Token decoded successfully
2024-07-15 20:36:14 - INFO - views - Token decoded successfully
2024-07-15 20:49:15 - INFO - views - Token decoded successfully
2024-07-15 20:50:15 - INFO - views - Token decoded successfully
2024-07-15 20:52:19 - INFO - views - Token decoded successfully
2024-07-15 20:54:34 - INFO - views - Token decoded successfully
2024-07-15 20:58:32 - INFO - views - Token decoded successfully
2024-07-15 21:05:45 - INFO - views - Token decoded successfully
2024-07-15 21:10:55 - INFO - views - Token decoded successfully
2024-07-15 21:18:23 - INFO - views - Token decoded successfully
2024-07-15 21:34:18 - INFO - views - Token decoded successfully
2024-07-15 21:40:26 - INFO - views - Token decoded successfully
2024-07-15 21:49:22 - INFO - views - Token decoded successfully
2024-07-15 21:50:34 - INFO - views - Token decoded successfully
2024-07-15 21:57:12 - INFO - views - Token decoded successfully
2024-07-15 21:59:11 - INFO - views - Token decoded successfully
2024-07-15 22:04:12 - INFO - views - Token decoded successfully
2024-07-15 22:09:58 - INFO - views - Token decoded successfully
2024-07-15 22:11:21 - INFO - views - Token decoded successfully
2024-07-15 22:16:14 - INFO - views - Token decoded successfully
2024-07-15 22:22:32 - INFO - views - Token decoded successfully
2024-07-15 22:26:07 - INFO - views - Token decoded successfully
2024-07-16 17:12:11 - INFO - apps - StorageConfig is ready.
2024-07-16 17:12:54 - INFO - views - Token decoded successfully
2024-07-16 17:15:20 - INFO - views - Token decoded successfully
2024-07-16 17:27:14 - INFO - views - Token decoded successfully
